{"$message_type":"diagnostic","message":"unused import: `apalis_core::task::task_id::TaskId`","code":{"code":"unused_imports","explanation":null},"level":"warning","spans":[{"file_name":"packages/apalis-nats/src/expose.rs","byte_start":167,"byte_end":201,"line_start":5,"line_end":5,"column_start":5,"column_end":39,"is_primary":true,"text":[{"text":"use apalis_core::task::task_id::TaskId;","highlight_start":5,"highlight_end":39}],"label":null,"suggested_replacement":null,"suggestion_applicability":null,"expansion":null}],"children":[{"message":"`#[warn(unused_imports)]` on by default","code":null,"level":"note","spans":[],"children":[],"rendered":null},{"message":"remove the whole `use` item","code":null,"level":"help","spans":[{"file_name":"packages/apalis-nats/src/expose.rs","byte_start":163,"byte_end":203,"line_start":5,"line_end":6,"column_start":1,"column_end":1,"is_primary":true,"text":[{"text":"use apalis_core::task::task_id::TaskId;","highlight_start":1,"highlight_end":40},{"text":"use async_nats::jetstream;","highlight_start":1,"highlight_end":1}],"label":null,"suggested_replacement":"","suggestion_applicability":"MachineApplicable","expansion":null}],"children":[],"rendered":null}],"rendered":"\u001b[0m\u001b[1m\u001b[33mwarning\u001b[0m\u001b[0m\u001b[1m: unused import: `apalis_core::task::task_id::TaskId`\u001b[0m\n\u001b[0m \u001b[0m\u001b[0m\u001b[1m\u001b[38;5;12m--> \u001b[0m\u001b[0mpackages/apalis-nats/src/expose.rs:5:5\u001b[0m\n\u001b[0m  \u001b[0m\u001b[0m\u001b[1m\u001b[38;5;12m|\u001b[0m\n\u001b[0m\u001b[1m\u001b[38;5;12m5\u001b[0m\u001b[0m \u001b[0m\u001b[0m\u001b[1m\u001b[38;5;12m|\u001b[0m\u001b[0m \u001b[0m\u001b[0muse apalis_core::task::task_id::TaskId;\u001b[0m\n\u001b[0m  \u001b[0m\u001b[0m\u001b[1m\u001b[38;5;12m|\u001b[0m\u001b[0m     \u001b[0m\u001b[0m\u001b[1m\u001b[33m^^^^^^^^^^^^^^^^^^^^^^^^^^^^^^^^^^\u001b[0m\n\u001b[0m  \u001b[0m\u001b[0m\u001b[1m\u001b[38;5;12m|\u001b[0m\n\u001b[0m  \u001b[0m\u001b[0m\u001b[1m\u001b[38;5;12m= \u001b[0m\u001b[0m\u001b[1mnote\u001b[0m\u001b[0m: `#[warn(unused_imports)]` on by default\u001b[0m\n\n"}
{"$message_type":"diagnostic","message":"unused import: `apalis_core::layers::extensions::Data`","code":{"code":"unused_imports","explanation":null},"level":"warning","spans":[{"file_name":"packages/apalis-nats/src/storage.rs","byte_start":111,"byte_end":148,"line_start":4,"line_end":4,"column_start":5,"column_end":42,"is_primary":true,"text":[{"text":"use apalis_core::layers::extensions::Data;","highlight_start":5,"highlight_end":42}],"label":null,"suggested_replacement":null,"suggestion_applicability":null,"expansion":null}],"children":[{"message":"remove the whole `use` item","code":null,"level":"help","spans":[{"file_name":"packages/apalis-nats/src/storage.rs","byte_start":107,"byte_end":150,"line_start":4,"line_end":5,"column_start":1,"column_end":1,"is_primary":true,"text":[{"text":"use apalis_core::layers::extensions::Data;","highlight_start":1,"highlight_end":43},{"text":"use apalis_core::poller::Poller;","highlight_start":1,"highlight_end":1}],"label":null,"suggested_replacement":"","suggestion_applicability":"MachineApplicable","expansion":null}],"children":[],"rendered":null}],"rendered":"\u001b[0m\u001b[1m\u001b[33mwarning\u001b[0m\u001b[0m\u001b[1m: unused import: `apalis_core::layers::extensions::Data`\u001b[0m\n\u001b[0m \u001b[0m\u001b[0m\u001b[1m\u001b[38;5;12m--> \u001b[0m\u001b[0mpackages/apalis-nats/src/storage.rs:4:5\u001b[0m\n\u001b[0m  \u001b[0m\u001b[0m\u001b[1m\u001b[38;5;12m|\u001b[0m\n\u001b[0m\u001b[1m\u001b[38;5;12m4\u001b[0m\u001b[0m \u001b[0m\u001b[0m\u001b[1m\u001b[38;5;12m|\u001b[0m\u001b[0m \u001b[0m\u001b[0muse apalis_core::layers::extensions::Data;\u001b[0m\n\u001b[0m  \u001b[0m\u001b[0m\u001b[1m\u001b[38;5;12m|\u001b[0m\u001b[0m     \u001b[0m\u001b[0m\u001b[1m\u001b[33m^^^^^^^^^^^^^^^^^^^^^^^^^^^^^^^^^^^^^\u001b[0m\n\n"}
{"$message_type":"diagnostic","message":"lifetime parameters or bounds on method `stats` do not match the trait declaration","code":{"code":"E0195","explanation":"The lifetime parameters of the method do not match the trait declaration.\n\nErroneous code example:\n\n```compile_fail,E0195\ntrait Trait {\n    fn bar<'a,'b:'a>(x: &'a str, y: &'b str);\n}\n\nstruct Foo;\n\nimpl Trait for Foo {\n    fn bar<'a,'b>(x: &'a str, y: &'b str) {\n    // error: lifetime parameters or bounds on method `bar`\n    // do not match the trait declaration\n    }\n}\n```\n\nThe lifetime constraint `'b` for `bar()` implementation does not match the\ntrait declaration. Ensure lifetime declarations match exactly in both trait\ndeclaration and implementation. Example:\n\n```\ntrait Trait {\n    fn t<'a,'b:'a>(x: &'a str, y: &'b str);\n}\n\nstruct Foo;\n\nimpl Trait for Foo {\n    fn t<'a,'b:'a>(x: &'a str, y: &'b str) { // ok!\n    }\n}\n```\n"},"level":"error","spans":[{"file_name":"packages/apalis-nats/src/expose.rs","byte_start":453,"byte_end":465,"line_start":14,"line_end":14,"column_start":14,"column_end":26,"is_primary":true,"text":[{"text":"    async fn stats(&self) -> Result<Stat, Error> {","highlight_start":14,"highlight_end":26}],"label":"lifetimes do not match method in trait","suggested_replacement":null,"suggestion_applicability":null,"expansion":null}],"children":[],"rendered":"\u001b[0m\u001b[1m\u001b[38;5;9merror[E0195]\u001b[0m\u001b[0m\u001b[1m: lifetime parameters or bounds on method `stats` do not match the trait declaration\u001b[0m\n\u001b[0m  \u001b[0m\u001b[0m\u001b[1m\u001b[38;5;12m--> \u001b[0m\u001b[0mpackages/apalis-nats/src/expose.rs:14:14\u001b[0m\n\u001b[0m   \u001b[0m\u001b[0m\u001b[1m\u001b[38;5;12m|\u001b[0m\n\u001b[0m\u001b[1m\u001b[38;5;12m14\u001b[0m\u001b[0m \u001b[0m\u001b[0m\u001b[1m\u001b[38;5;12m|\u001b[0m\u001b[0m \u001b[0m\u001b[0m    async fn stats(&self) -> Result<Stat, Error> {\u001b[0m\n\u001b[0m   \u001b[0m\u001b[0m\u001b[1m\u001b[38;5;12m|\u001b[0m\u001b[0m              \u001b[0m\u001b[0m\u001b[1m\u001b[38;5;9m^^^^^^^^^^^^\u001b[0m\u001b[0m \u001b[0m\u001b[0m\u001b[1m\u001b[38;5;9mlifetimes do not match method in trait\u001b[0m\n\n"}
{"$message_type":"diagnostic","message":"lifetime parameters or bounds on method `list_jobs` do not match the trait declaration","code":{"code":"E0195","explanation":"The lifetime parameters of the method do not match the trait declaration.\n\nErroneous code example:\n\n```compile_fail,E0195\ntrait Trait {\n    fn bar<'a,'b:'a>(x: &'a str, y: &'b str);\n}\n\nstruct Foo;\n\nimpl Trait for Foo {\n    fn bar<'a,'b>(x: &'a str, y: &'b str) {\n    // error: lifetime parameters or bounds on method `bar`\n    // do not match the trait declaration\n    }\n}\n```\n\nThe lifetime constraint `'b` for `bar()` implementation does not match the\ntrait declaration. Ensure lifetime declarations match exactly in both trait\ndeclaration and implementation. Example:\n\n```\ntrait Trait {\n    fn t<'a,'b:'a>(x: &'a str, y: &'b str);\n}\n\nstruct Foo;\n\nimpl Trait for Foo {\n    fn t<'a,'b:'a>(x: &'a str, y: &'b str) { // ok!\n    }\n}\n```\n"},"level":"error","spans":[{"file_name":"packages/apalis-nats/src/expose.rs","byte_start":1774,"byte_end":1850,"line_start":52,"line_end":56,"column_start":14,"column_end":6,"is_primary":true,"text":[{"text":"    async fn list_jobs(","highlight_start":14,"highlight_end":24},{"text":"        &self,","highlight_start":1,"highlight_end":15},{"text":"        _status: &State,","highlight_start":1,"highlight_end":25},{"text":"        _page: i32,","highlight_start":1,"highlight_end":20},{"text":"    ) -> Result<Vec<Request<T, NatsContext>>, Error> {","highlight_start":1,"highlight_end":6}],"label":"lifetimes do not match method in trait","suggested_replacement":null,"suggestion_applicability":null,"expansion":null}],"children":[],"rendered":"\u001b[0m\u001b[1m\u001b[38;5;9merror[E0195]\u001b[0m\u001b[0m\u001b[1m: lifetime parameters or bounds on method `list_jobs` do not match the trait declaration\u001b[0m\n\u001b[0m  \u001b[0m\u001b[0m\u001b[1m\u001b[38;5;12m--> \u001b[0m\u001b[0mpackages/apalis-nats/src/expose.rs:52:14\u001b[0m\n\u001b[0m   \u001b[0m\u001b[0m\u001b[1m\u001b[38;5;12m|\u001b[0m\n\u001b[0m\u001b[1m\u001b[38;5;12m52\u001b[0m\u001b[0m \u001b[0m\u001b[0m\u001b[1m\u001b[38;5;12m|\u001b[0m\u001b[0m   \u001b[0m\u001b[0m    async fn list_jobs(\u001b[0m\n\u001b[0m   \u001b[0m\u001b[0m\u001b[1m\u001b[38;5;12m|\u001b[0m\u001b[0m \u001b[0m\u001b[0m\u001b[1m\u001b[38;5;9m ______________^\u001b[0m\n\u001b[0m\u001b[1m\u001b[38;5;12m53\u001b[0m\u001b[0m \u001b[0m\u001b[0m\u001b[1m\u001b[38;5;12m|\u001b[0m\u001b[0m \u001b[0m\u001b[0m\u001b[1m\u001b[38;5;9m|\u001b[0m\u001b[0m \u001b[0m\u001b[0m        &self,\u001b[0m\n\u001b[0m\u001b[1m\u001b[38;5;12m54\u001b[0m\u001b[0m \u001b[0m\u001b[0m\u001b[1m\u001b[38;5;12m|\u001b[0m\u001b[0m \u001b[0m\u001b[0m\u001b[1m\u001b[38;5;9m|\u001b[0m\u001b[0m \u001b[0m\u001b[0m        _status: &State,\u001b[0m\n\u001b[0m\u001b[1m\u001b[38;5;12m55\u001b[0m\u001b[0m \u001b[0m\u001b[0m\u001b[1m\u001b[38;5;12m|\u001b[0m\u001b[0m \u001b[0m\u001b[0m\u001b[1m\u001b[38;5;9m|\u001b[0m\u001b[0m \u001b[0m\u001b[0m        _page: i32,\u001b[0m\n\u001b[0m\u001b[1m\u001b[38;5;12m56\u001b[0m\u001b[0m \u001b[0m\u001b[0m\u001b[1m\u001b[38;5;12m|\u001b[0m\u001b[0m \u001b[0m\u001b[0m\u001b[1m\u001b[38;5;9m|\u001b[0m\u001b[0m \u001b[0m\u001b[0m    ) -> Result<Vec<Request<T, NatsContext>>, Error> {\u001b[0m\n\u001b[0m   \u001b[0m\u001b[0m\u001b[1m\u001b[38;5;12m|\u001b[0m\u001b[0m \u001b[0m\u001b[0m\u001b[1m\u001b[38;5;9m|_____^\u001b[0m\u001b[0m \u001b[0m\u001b[0m\u001b[1m\u001b[38;5;9mlifetimes do not match method in trait\u001b[0m\n\n"}
{"$message_type":"diagnostic","message":"lifetime parameters or bounds on method `list_workers` do not match the trait declaration","code":{"code":"E0195","explanation":"The lifetime parameters of the method do not match the trait declaration.\n\nErroneous code example:\n\n```compile_fail,E0195\ntrait Trait {\n    fn bar<'a,'b:'a>(x: &'a str, y: &'b str);\n}\n\nstruct Foo;\n\nimpl Trait for Foo {\n    fn bar<'a,'b>(x: &'a str, y: &'b str) {\n    // error: lifetime parameters or bounds on method `bar`\n    // do not match the trait declaration\n    }\n}\n```\n\nThe lifetime constraint `'b` for `bar()` implementation does not match the\ntrait declaration. Ensure lifetime declarations match exactly in both trait\ndeclaration and implementation. Example:\n\n```\ntrait Trait {\n    fn t<'a,'b:'a>(x: &'a str, y: &'b str);\n}\n\nstruct Foo;\n\nimpl Trait for Foo {\n    fn t<'a,'b:'a>(x: &'a str, y: &'b str) { // ok!\n    }\n}\n```\n"},"level":"error","spans":[{"file_name":"packages/apalis-nats/src/expose.rs","byte_start":2087,"byte_end":2106,"line_start":62,"line_end":62,"column_start":14,"column_end":33,"is_primary":true,"text":[{"text":"    async fn list_workers(&self) -> Result<Vec<String>, Error> {","highlight_start":14,"highlight_end":33}],"label":"lifetimes do not match method in trait","suggested_replacement":null,"suggestion_applicability":null,"expansion":null}],"children":[],"rendered":"\u001b[0m\u001b[1m\u001b[38;5;9merror[E0195]\u001b[0m\u001b[0m\u001b[1m: lifetime parameters or bounds on method `list_workers` do not match the trait declaration\u001b[0m\n\u001b[0m  \u001b[0m\u001b[0m\u001b[1m\u001b[38;5;12m--> \u001b[0m\u001b[0mpackages/apalis-nats/src/expose.rs:62:14\u001b[0m\n\u001b[0m   \u001b[0m\u001b[0m\u001b[1m\u001b[38;5;12m|\u001b[0m\n\u001b[0m\u001b[1m\u001b[38;5;12m62\u001b[0m\u001b[0m \u001b[0m\u001b[0m\u001b[1m\u001b[38;5;12m|\u001b[0m\u001b[0m \u001b[0m\u001b[0m    async fn list_workers(&self) -> Result<Vec<String>, Error> {\u001b[0m\n\u001b[0m   \u001b[0m\u001b[0m\u001b[1m\u001b[38;5;12m|\u001b[0m\u001b[0m              \u001b[0m\u001b[0m\u001b[1m\u001b[38;5;9m^^^^^^^^^^^^^^^^^^^\u001b[0m\u001b[0m \u001b[0m\u001b[0m\u001b[1m\u001b[38;5;9mlifetimes do not match method in trait\u001b[0m\n\n"}
{"$message_type":"diagnostic","message":"not all trait items implemented, missing: `Request`, `Error`","code":{"code":"E0046","explanation":"Items are missing in a trait implementation.\n\nErroneous code example:\n\n```compile_fail,E0046\ntrait Foo {\n    fn foo();\n}\n\nstruct Bar;\n\nimpl Foo for Bar {}\n// error: not all trait items implemented, missing: `foo`\n```\n\nWhen trying to make some type implement a trait `Foo`, you must, at minimum,\nprovide implementations for all of `Foo`'s required methods (meaning the\nmethods that do not have default implementations), as well as any required\ntrait items like associated types or constants. Example:\n\n```\ntrait Foo {\n    fn foo();\n}\n\nstruct Bar;\n\nimpl Foo for Bar {\n    fn foo() {} // ok!\n}\n```\n"},"level":"error","spans":[{"file_name":"packages/apalis-nats/src/expose.rs","byte_start":305,"byte_end":437,"line_start":10,"line_end":12,"column_start":1,"column_end":61,"is_primary":true,"text":[{"text":"impl<T> BackendExpose<Request<T, NatsContext>> for NatsStorage<T>","highlight_start":1,"highlight_end":66},{"text":"where","highlight_start":1,"highlight_end":6},{"text":"    T: Serialize + DeserializeOwned + Send + Sync + 'static,","highlight_start":1,"highlight_end":61}],"label":"missing `Request`, `Error` in implementation","suggested_replacement":null,"suggestion_applicability":null,"expansion":null}],"children":[{"message":"implement the missing item: `type Request = /* Type */;`","code":null,"level":"help","spans":[{"file_name":"packages/apalis-nats/src/expose.rs","byte_start":2706,"byte_end":2706,"line_start":81,"line_end":81,"column_start":1,"column_end":1,"is_primary":true,"text":[{"text":"}","highlight_start":1,"highlight_end":1}],"label":null,"suggested_replacement":"type Request = /* Type */;\n","suggestion_applicability":"HasPlaceholders","expansion":null}],"children":[],"rendered":null},{"message":"implement the missing item: `type Error = /* Type */;`","code":null,"level":"help","spans":[{"file_name":"packages/apalis-nats/src/expose.rs","byte_start":2706,"byte_end":2706,"line_start":81,"line_end":81,"column_start":1,"column_end":1,"is_primary":true,"text":[{"text":"}","highlight_start":1,"highlight_end":1}],"label":null,"suggested_replacement":"type Error = /* Type */;\n","suggestion_applicability":"HasPlaceholders","expansion":null}],"children":[],"rendered":null}],"rendered":"\u001b[0m\u001b[1m\u001b[38;5;9merror[E0046]\u001b[0m\u001b[0m\u001b[1m: not all trait items implemented, missing: `Request`, `Error`\u001b[0m\n\u001b[0m  \u001b[0m\u001b[0m\u001b[1m\u001b[38;5;12m--> \u001b[0m\u001b[0mpackages/apalis-nats/src/expose.rs:10:1\u001b[0m\n\u001b[0m   \u001b[0m\u001b[0m\u001b[1m\u001b[38;5;12m|\u001b[0m\n\u001b[0m\u001b[1m\u001b[38;5;12m10\u001b[0m\u001b[0m \u001b[0m\u001b[0m\u001b[1m\u001b[38;5;12m|\u001b[0m\u001b[0m \u001b[0m\u001b[0m\u001b[1m\u001b[38;5;9m/\u001b[0m\u001b[0m \u001b[0m\u001b[0mimpl<T> BackendExpose<Request<T, NatsContext>> for NatsStorage<T>\u001b[0m\n\u001b[0m\u001b[1m\u001b[38;5;12m11\u001b[0m\u001b[0m \u001b[0m\u001b[0m\u001b[1m\u001b[38;5;12m|\u001b[0m\u001b[0m \u001b[0m\u001b[0m\u001b[1m\u001b[38;5;9m|\u001b[0m\u001b[0m \u001b[0m\u001b[0mwhere\u001b[0m\n\u001b[0m\u001b[1m\u001b[38;5;12m12\u001b[0m\u001b[0m \u001b[0m\u001b[0m\u001b[1m\u001b[38;5;12m|\u001b[0m\u001b[0m \u001b[0m\u001b[0m\u001b[1m\u001b[38;5;9m|\u001b[0m\u001b[0m \u001b[0m\u001b[0m    T: Serialize + DeserializeOwned + Send + Sync + 'static,\u001b[0m\n\u001b[0m   \u001b[0m\u001b[0m\u001b[1m\u001b[38;5;12m|\u001b[0m\u001b[0m \u001b[0m\u001b[0m\u001b[1m\u001b[38;5;9m|____________________________________________________________^\u001b[0m\u001b[0m \u001b[0m\u001b[0m\u001b[1m\u001b[38;5;9mmissing `Request`, `Error` in implementation\u001b[0m\n\u001b[0m   \u001b[0m\u001b[0m\u001b[1m\u001b[38;5;12m|\u001b[0m\n\u001b[0m   \u001b[0m\u001b[0m\u001b[1m\u001b[38;5;12m= \u001b[0m\u001b[0m\u001b[1mhelp\u001b[0m\u001b[0m: \u001b[0m\u001b[0mimplement the missing item: `type Request = /* Type */;`\u001b[0m\n\u001b[0m   \u001b[0m\u001b[0m\u001b[1m\u001b[38;5;12m= \u001b[0m\u001b[0m\u001b[1mhelp\u001b[0m\u001b[0m: \u001b[0m\u001b[0mimplement the missing item: `type Error = /* Type */;`\u001b[0m\n\n"}
{"$message_type":"diagnostic","message":"field `message` of struct `NatsContext` is private","code":{"code":"E0616","explanation":"Attempted to access a private field on a struct.\n\nErroneous code example:\n\n```compile_fail,E0616\nmod some_module {\n    pub struct Foo {\n        x: u32, // So `x` is private in here.\n    }\n\n    impl Foo {\n        pub fn new() -> Foo { Foo { x: 0 } }\n    }\n}\n\nlet f = some_module::Foo::new();\nprintln!(\"{}\", f.x); // error: field `x` of struct `some_module::Foo` is private\n```\n\nIf you want to access this field, you have two options:\n\n1) Set the field public:\n\n```\nmod some_module {\n    pub struct Foo {\n        pub x: u32, // `x` is now public.\n    }\n\n    impl Foo {\n        pub fn new() -> Foo { Foo { x: 0 } }\n    }\n}\n\nlet f = some_module::Foo::new();\nprintln!(\"{}\", f.x); // ok!\n```\n\n2) Add a getter function:\n\n```\nmod some_module {\n    pub struct Foo {\n        x: u32, // So `x` is still private in here.\n    }\n\n    impl Foo {\n        pub fn new() -> Foo { Foo { x: 0 } }\n\n        // We create the getter function here:\n        pub fn get_x(&self) -> &u32 { &self.x }\n    }\n}\n\nlet f = some_module::Foo::new();\nprintln!(\"{}\", f.get_x()); // ok!\n```\n"},"level":"error","spans":[{"file_name":"packages/apalis-nats/src/expose.rs","byte_start":2870,"byte_end":2877,"line_start":86,"line_end":86,"column_start":34,"column_end":41,"is_primary":true,"text":[{"text":"        if let Some(msg) = &self.message {","highlight_start":34,"highlight_end":41}],"label":"private field","suggested_replacement":null,"suggestion_applicability":null,"expansion":null}],"children":[{"message":"a method `message` also exists, call it with parentheses","code":null,"level":"help","spans":[{"file_name":"packages/apalis-nats/src/expose.rs","byte_start":2877,"byte_end":2877,"line_start":86,"line_end":86,"column_start":41,"column_end":41,"is_primary":true,"text":[{"text":"        if let Some(msg) = &self.message {","highlight_start":41,"highlight_end":41}],"label":null,"suggested_replacement":"()","suggestion_applicability":"MaybeIncorrect","expansion":null}],"children":[],"rendered":null}],"rendered":"\u001b[0m\u001b[1m\u001b[38;5;9merror[E0616]\u001b[0m\u001b[0m\u001b[1m: field `message` of struct `NatsContext` is private\u001b[0m\n\u001b[0m  \u001b[0m\u001b[0m\u001b[1m\u001b[38;5;12m--> \u001b[0m\u001b[0mpackages/apalis-nats/src/expose.rs:86:34\u001b[0m\n\u001b[0m   \u001b[0m\u001b[0m\u001b[1m\u001b[38;5;12m|\u001b[0m\n\u001b[0m\u001b[1m\u001b[38;5;12m86\u001b[0m\u001b[0m \u001b[0m\u001b[0m\u001b[1m\u001b[38;5;12m|\u001b[0m\u001b[0m \u001b[0m\u001b[0m        if let Some(msg) = &self.message {\u001b[0m\n\u001b[0m   \u001b[0m\u001b[0m\u001b[1m\u001b[38;5;12m|\u001b[0m\u001b[0m                                  \u001b[0m\u001b[0m\u001b[1m\u001b[38;5;9m^^^^^^^\u001b[0m\u001b[0m \u001b[0m\u001b[0m\u001b[1m\u001b[38;5;9mprivate field\u001b[0m\n\u001b[0m   \u001b[0m\u001b[0m\u001b[1m\u001b[38;5;12m|\u001b[0m\n\u001b[0m\u001b[1m\u001b[38;5;14mhelp\u001b[0m\u001b[0m: a method `message` also exists, call it with parentheses\u001b[0m\n\u001b[0m   \u001b[0m\u001b[0m\u001b[1m\u001b[38;5;12m|\u001b[0m\n\u001b[0m\u001b[1m\u001b[38;5;12m86\u001b[0m\u001b[0m \u001b[0m\u001b[0m\u001b[1m\u001b[38;5;12m| \u001b[0m\u001b[0m        if let Some(msg) = &self.message\u001b[0m\u001b[0m\u001b[38;5;10m()\u001b[0m\u001b[0m {\u001b[0m\n\u001b[0m   \u001b[0m\u001b[0m\u001b[1m\u001b[38;5;12m|\u001b[0m\u001b[0m                                         \u001b[0m\u001b[0m\u001b[38;5;10m++\u001b[0m\n\n"}
{"$message_type":"diagnostic","message":"mismatched types","code":{"code":"E0308","explanation":"Expected type did not match the received type.\n\nErroneous code examples:\n\n```compile_fail,E0308\nfn plus_one(x: i32) -> i32 {\n    x + 1\n}\n\nplus_one(\"Not a number\");\n//       ^^^^^^^^^^^^^^ expected `i32`, found `&str`\n\nif \"Not a bool\" {\n// ^^^^^^^^^^^^ expected `bool`, found `&str`\n}\n\nlet x: f32 = \"Not a float\";\n//     ---   ^^^^^^^^^^^^^ expected `f32`, found `&str`\n//     |\n//     expected due to this\n```\n\nThis error occurs when an expression was used in a place where the compiler\nexpected an expression of a different type. It can occur in several cases, the\nmost common being when calling a function and passing an argument which has a\ndifferent type than the matching type in the function declaration.\n"},"level":"error","spans":[{"file_name":"packages/apalis-nats/src/expose.rs","byte_start":2973,"byte_end":2984,"line_start":89,"line_end":89,"column_start":49,"column_end":60,"is_primary":true,"text":[{"text":"                .map_err(|e| Error::SourceError(Box::new(e)))","highlight_start":49,"highlight_end":60}],"label":"expected `Arc<Box<dyn Error + Send + Sync>>`, found `Box<_>`","suggested_replacement":null,"suggestion_applicability":null,"expansion":null},{"file_name":"packages/apalis-nats/src/expose.rs","byte_start":2954,"byte_end":2972,"line_start":89,"line_end":89,"column_start":30,"column_end":48,"is_primary":false,"text":[{"text":"                .map_err(|e| Error::SourceError(Box::new(e)))","highlight_start":30,"highlight_end":48}],"label":"arguments to this enum variant are incorrect","suggested_replacement":null,"suggestion_applicability":null,"expansion":null}],"children":[{"message":"expected struct `Arc<Box<(dyn StdError + std::marker::Send + Sync + 'static)>>`\n   found struct `Box<_>`","code":null,"level":"note","spans":[],"children":[],"rendered":null},{"message":"tuple variant defined here","code":null,"level":"note","spans":[{"file_name":"/Users/milanender/AithericonCode/apalis/packages/apalis-core/src/error.rs","byte_start":1485,"byte_end":1496,"line_start":50,"line_end":50,"column_start":5,"column_end":16,"is_primary":true,"text":[{"text":"    SourceError(#[source] Arc<BoxDynError>),","highlight_start":5,"highlight_end":16}],"label":null,"suggested_replacement":null,"suggestion_applicability":null,"expansion":null}],"children":[],"rendered":null},{"message":"consider unboxing the value","code":null,"level":"help","spans":[{"file_name":"packages/apalis-nats/src/expose.rs","byte_start":2973,"byte_end":2973,"line_start":89,"line_end":89,"column_start":49,"column_end":49,"is_primary":true,"text":[{"text":"                .map_err(|e| Error::SourceError(Box::new(e)))","highlight_start":49,"highlight_end":49}],"label":null,"suggested_replacement":"*","suggestion_applicability":"MachineApplicable","expansion":null}],"children":[],"rendered":null}],"rendered":"\u001b[0m\u001b[1m\u001b[38;5;9merror[E0308]\u001b[0m\u001b[0m\u001b[1m: mismatched types\u001b[0m\n\u001b[0m  \u001b[0m\u001b[0m\u001b[1m\u001b[38;5;12m--> \u001b[0m\u001b[0mpackages/apalis-nats/src/expose.rs:89:49\u001b[0m\n\u001b[0m   \u001b[0m\u001b[0m\u001b[1m\u001b[38;5;12m|\u001b[0m\n\u001b[0m\u001b[1m\u001b[38;5;12m89\u001b[0m\u001b[0m \u001b[0m\u001b[0m\u001b[1m\u001b[38;5;12m|\u001b[0m\u001b[0m \u001b[0m\u001b[0m                .map_err(|e| Error::SourceError(Box::new(e)))\u001b[0m\n\u001b[0m   \u001b[0m\u001b[0m\u001b[1m\u001b[38;5;12m|\u001b[0m\u001b[0m                              \u001b[0m\u001b[0m\u001b[1m\u001b[38;5;12m------------------\u001b[0m\u001b[0m \u001b[0m\u001b[0m\u001b[1m\u001b[38;5;9m^^^^^^^^^^^\u001b[0m\u001b[0m \u001b[0m\u001b[0m\u001b[1m\u001b[38;5;9mexpected `Arc<Box<dyn Error + Send + Sync>>`, found `Box<_>`\u001b[0m\n\u001b[0m   \u001b[0m\u001b[0m\u001b[1m\u001b[38;5;12m|\u001b[0m\u001b[0m                              \u001b[0m\u001b[0m\u001b[1m\u001b[38;5;12m|\u001b[0m\n\u001b[0m   \u001b[0m\u001b[0m\u001b[1m\u001b[38;5;12m|\u001b[0m\u001b[0m                              \u001b[0m\u001b[0m\u001b[1m\u001b[38;5;12marguments to this enum variant are incorrect\u001b[0m\n\u001b[0m   \u001b[0m\u001b[0m\u001b[1m\u001b[38;5;12m|\u001b[0m\n\u001b[0m   \u001b[0m\u001b[0m\u001b[1m\u001b[38;5;12m= \u001b[0m\u001b[0m\u001b[1mnote\u001b[0m\u001b[0m: expected struct `\u001b[0m\u001b[0m\u001b[1m\u001b[35mArc<\u001b[0m\u001b[0mBox<\u001b[0m\u001b[0m\u001b[1m\u001b[35m(dyn StdError + std::marker::Send + Sync + 'static)\u001b[0m\u001b[0m>\u001b[0m\u001b[0m\u001b[1m\u001b[35m>\u001b[0m\u001b[0m`\u001b[0m\n\u001b[0m              found struct `Box<\u001b[0m\u001b[0m\u001b[1m\u001b[35m_\u001b[0m\u001b[0m>`\u001b[0m\n\u001b[0m\u001b[1m\u001b[38;5;10mnote\u001b[0m\u001b[0m: tuple variant defined here\u001b[0m\n\u001b[0m  \u001b[0m\u001b[0m\u001b[1m\u001b[38;5;12m--> \u001b[0m\u001b[0m/Users/milanender/AithericonCode/apalis/packages/apalis-core/src/error.rs:50:5\u001b[0m\n\u001b[0m   \u001b[0m\u001b[0m\u001b[1m\u001b[38;5;12m|\u001b[0m\n\u001b[0m\u001b[1m\u001b[38;5;12m50\u001b[0m\u001b[0m \u001b[0m\u001b[0m\u001b[1m\u001b[38;5;12m|\u001b[0m\u001b[0m \u001b[0m\u001b[0m    SourceError(#[source] Arc<BoxDynError>),\u001b[0m\n\u001b[0m   \u001b[0m\u001b[0m\u001b[1m\u001b[38;5;12m|\u001b[0m\u001b[0m     \u001b[0m\u001b[0m\u001b[1m\u001b[38;5;10m^^^^^^^^^^^\u001b[0m\n\u001b[0m\u001b[1m\u001b[38;5;14mhelp\u001b[0m\u001b[0m: consider unboxing the value\u001b[0m\n\u001b[0m   \u001b[0m\u001b[0m\u001b[1m\u001b[38;5;12m|\u001b[0m\n\u001b[0m\u001b[1m\u001b[38;5;12m89\u001b[0m\u001b[0m \u001b[0m\u001b[0m\u001b[1m\u001b[38;5;12m| \u001b[0m\u001b[0m                .map_err(|e| Error::SourceError(\u001b[0m\u001b[0m\u001b[38;5;10m*\u001b[0m\u001b[0mBox::new(e)))\u001b[0m\n\u001b[0m   \u001b[0m\u001b[0m\u001b[1m\u001b[38;5;12m|\u001b[0m\u001b[0m                                                 \u001b[0m\u001b[0m\u001b[38;5;10m+\u001b[0m\n\n"}
{"$message_type":"diagnostic","message":"field `message` of struct `NatsContext` is private","code":{"code":"E0616","explanation":"Attempted to access a private field on a struct.\n\nErroneous code example:\n\n```compile_fail,E0616\nmod some_module {\n    pub struct Foo {\n        x: u32, // So `x` is private in here.\n    }\n\n    impl Foo {\n        pub fn new() -> Foo { Foo { x: 0 } }\n    }\n}\n\nlet f = some_module::Foo::new();\nprintln!(\"{}\", f.x); // error: field `x` of struct `some_module::Foo` is private\n```\n\nIf you want to access this field, you have two options:\n\n1) Set the field public:\n\n```\nmod some_module {\n    pub struct Foo {\n        pub x: u32, // `x` is now public.\n    }\n\n    impl Foo {\n        pub fn new() -> Foo { Foo { x: 0 } }\n    }\n}\n\nlet f = some_module::Foo::new();\nprintln!(\"{}\", f.x); // ok!\n```\n\n2) Add a getter function:\n\n```\nmod some_module {\n    pub struct Foo {\n        x: u32, // So `x` is still private in here.\n    }\n\n    impl Foo {\n        pub fn new() -> Foo { Foo { x: 0 } }\n\n        // We create the getter function here:\n        pub fn get_x(&self) -> &u32 { &self.x }\n    }\n}\n\nlet f = some_module::Foo::new();\nprintln!(\"{}\", f.get_x()); // ok!\n```\n"},"level":"error","spans":[{"file_name":"packages/apalis-nats/src/expose.rs","byte_start":3178,"byte_end":3185,"line_start":97,"line_end":97,"column_start":34,"column_end":41,"is_primary":true,"text":[{"text":"        if let Some(msg) = &self.message {","highlight_start":34,"highlight_end":41}],"label":"private field","suggested_replacement":null,"suggestion_applicability":null,"expansion":null}],"children":[{"message":"a method `message` also exists, call it with parentheses","code":null,"level":"help","spans":[{"file_name":"packages/apalis-nats/src/expose.rs","byte_start":3185,"byte_end":3185,"line_start":97,"line_end":97,"column_start":41,"column_end":41,"is_primary":true,"text":[{"text":"        if let Some(msg) = &self.message {","highlight_start":41,"highlight_end":41}],"label":null,"suggested_replacement":"()","suggestion_applicability":"MaybeIncorrect","expansion":null}],"children":[],"rendered":null}],"rendered":"\u001b[0m\u001b[1m\u001b[38;5;9merror[E0616]\u001b[0m\u001b[0m\u001b[1m: field `message` of struct `NatsContext` is private\u001b[0m\n\u001b[0m  \u001b[0m\u001b[0m\u001b[1m\u001b[38;5;12m--> \u001b[0m\u001b[0mpackages/apalis-nats/src/expose.rs:97:34\u001b[0m\n\u001b[0m   \u001b[0m\u001b[0m\u001b[1m\u001b[38;5;12m|\u001b[0m\n\u001b[0m\u001b[1m\u001b[38;5;12m97\u001b[0m\u001b[0m \u001b[0m\u001b[0m\u001b[1m\u001b[38;5;12m|\u001b[0m\u001b[0m \u001b[0m\u001b[0m        if let Some(msg) = &self.message {\u001b[0m\n\u001b[0m   \u001b[0m\u001b[0m\u001b[1m\u001b[38;5;12m|\u001b[0m\u001b[0m                                  \u001b[0m\u001b[0m\u001b[1m\u001b[38;5;9m^^^^^^^\u001b[0m\u001b[0m \u001b[0m\u001b[0m\u001b[1m\u001b[38;5;9mprivate field\u001b[0m\n\u001b[0m   \u001b[0m\u001b[0m\u001b[1m\u001b[38;5;12m|\u001b[0m\n\u001b[0m\u001b[1m\u001b[38;5;14mhelp\u001b[0m\u001b[0m: a method `message` also exists, call it with parentheses\u001b[0m\n\u001b[0m   \u001b[0m\u001b[0m\u001b[1m\u001b[38;5;12m|\u001b[0m\n\u001b[0m\u001b[1m\u001b[38;5;12m97\u001b[0m\u001b[0m \u001b[0m\u001b[0m\u001b[1m\u001b[38;5;12m| \u001b[0m\u001b[0m        if let Some(msg) = &self.message\u001b[0m\u001b[0m\u001b[38;5;10m()\u001b[0m\u001b[0m {\u001b[0m\n\u001b[0m   \u001b[0m\u001b[0m\u001b[1m\u001b[38;5;12m|\u001b[0m\u001b[0m                                         \u001b[0m\u001b[0m\u001b[38;5;10m++\u001b[0m\n\n"}
{"$message_type":"diagnostic","message":"mismatched types","code":{"code":"E0308","explanation":"Expected type did not match the received type.\n\nErroneous code examples:\n\n```compile_fail,E0308\nfn plus_one(x: i32) -> i32 {\n    x + 1\n}\n\nplus_one(\"Not a number\");\n//       ^^^^^^^^^^^^^^ expected `i32`, found `&str`\n\nif \"Not a bool\" {\n// ^^^^^^^^^^^^ expected `bool`, found `&str`\n}\n\nlet x: f32 = \"Not a float\";\n//     ---   ^^^^^^^^^^^^^ expected `f32`, found `&str`\n//     |\n//     expected due to this\n```\n\nThis error occurs when an expression was used in a place where the compiler\nexpected an expression of a different type. It can occur in several cases, the\nmost common being when calling a function and passing an argument which has a\ndifferent type than the matching type in the function declaration.\n"},"level":"error","spans":[{"file_name":"packages/apalis-nats/src/expose.rs","byte_start":3315,"byte_end":3326,"line_start":100,"line_end":100,"column_start":49,"column_end":60,"is_primary":true,"text":[{"text":"                .map_err(|e| Error::SourceError(Box::new(e)))","highlight_start":49,"highlight_end":60}],"label":"expected `Arc<Box<dyn Error + Send + Sync>>`, found `Box<_>`","suggested_replacement":null,"suggestion_applicability":null,"expansion":null},{"file_name":"packages/apalis-nats/src/expose.rs","byte_start":3296,"byte_end":3314,"line_start":100,"line_end":100,"column_start":30,"column_end":48,"is_primary":false,"text":[{"text":"                .map_err(|e| Error::SourceError(Box::new(e)))","highlight_start":30,"highlight_end":48}],"label":"arguments to this enum variant are incorrect","suggested_replacement":null,"suggestion_applicability":null,"expansion":null}],"children":[{"message":"expected struct `Arc<Box<(dyn StdError + std::marker::Send + Sync + 'static)>>`\n   found struct `Box<_>`","code":null,"level":"note","spans":[],"children":[],"rendered":null},{"message":"tuple variant defined here","code":null,"level":"note","spans":[{"file_name":"/Users/milanender/AithericonCode/apalis/packages/apalis-core/src/error.rs","byte_start":1485,"byte_end":1496,"line_start":50,"line_end":50,"column_start":5,"column_end":16,"is_primary":true,"text":[{"text":"    SourceError(#[source] Arc<BoxDynError>),","highlight_start":5,"highlight_end":16}],"label":null,"suggested_replacement":null,"suggestion_applicability":null,"expansion":null}],"children":[],"rendered":null},{"message":"consider unboxing the value","code":null,"level":"help","spans":[{"file_name":"packages/apalis-nats/src/expose.rs","byte_start":3315,"byte_end":3315,"line_start":100,"line_end":100,"column_start":49,"column_end":49,"is_primary":true,"text":[{"text":"                .map_err(|e| Error::SourceError(Box::new(e)))","highlight_start":49,"highlight_end":49}],"label":null,"suggested_replacement":"*","suggestion_applicability":"MachineApplicable","expansion":null}],"children":[],"rendered":null}],"rendered":"\u001b[0m\u001b[1m\u001b[38;5;9merror[E0308]\u001b[0m\u001b[0m\u001b[1m: mismatched types\u001b[0m\n\u001b[0m   \u001b[0m\u001b[0m\u001b[1m\u001b[38;5;12m--> \u001b[0m\u001b[0mpackages/apalis-nats/src/expose.rs:100:49\u001b[0m\n\u001b[0m    \u001b[0m\u001b[0m\u001b[1m\u001b[38;5;12m|\u001b[0m\n\u001b[0m\u001b[1m\u001b[38;5;12m100\u001b[0m\u001b[0m \u001b[0m\u001b[0m\u001b[1m\u001b[38;5;12m|\u001b[0m\u001b[0m \u001b[0m\u001b[0m                .map_err(|e| Error::SourceError(Box::new(e)))\u001b[0m\n\u001b[0m    \u001b[0m\u001b[0m\u001b[1m\u001b[38;5;12m|\u001b[0m\u001b[0m                              \u001b[0m\u001b[0m\u001b[1m\u001b[38;5;12m------------------\u001b[0m\u001b[0m \u001b[0m\u001b[0m\u001b[1m\u001b[38;5;9m^^^^^^^^^^^\u001b[0m\u001b[0m \u001b[0m\u001b[0m\u001b[1m\u001b[38;5;9mexpected `Arc<Box<dyn Error + Send + Sync>>`, found `Box<_>`\u001b[0m\n\u001b[0m    \u001b[0m\u001b[0m\u001b[1m\u001b[38;5;12m|\u001b[0m\u001b[0m                              \u001b[0m\u001b[0m\u001b[1m\u001b[38;5;12m|\u001b[0m\n\u001b[0m    \u001b[0m\u001b[0m\u001b[1m\u001b[38;5;12m|\u001b[0m\u001b[0m                              \u001b[0m\u001b[0m\u001b[1m\u001b[38;5;12marguments to this enum variant are incorrect\u001b[0m\n\u001b[0m    \u001b[0m\u001b[0m\u001b[1m\u001b[38;5;12m|\u001b[0m\n\u001b[0m    \u001b[0m\u001b[0m\u001b[1m\u001b[38;5;12m= \u001b[0m\u001b[0m\u001b[1mnote\u001b[0m\u001b[0m: expected struct `\u001b[0m\u001b[0m\u001b[1m\u001b[35mArc<\u001b[0m\u001b[0mBox<\u001b[0m\u001b[0m\u001b[1m\u001b[35m(dyn StdError + std::marker::Send + Sync + 'static)\u001b[0m\u001b[0m>\u001b[0m\u001b[0m\u001b[1m\u001b[35m>\u001b[0m\u001b[0m`\u001b[0m\n\u001b[0m               found struct `Box<\u001b[0m\u001b[0m\u001b[1m\u001b[35m_\u001b[0m\u001b[0m>`\u001b[0m\n\u001b[0m\u001b[1m\u001b[38;5;10mnote\u001b[0m\u001b[0m: tuple variant defined here\u001b[0m\n\u001b[0m   \u001b[0m\u001b[0m\u001b[1m\u001b[38;5;12m--> \u001b[0m\u001b[0m/Users/milanender/AithericonCode/apalis/packages/apalis-core/src/error.rs:50:5\u001b[0m\n\u001b[0m    \u001b[0m\u001b[0m\u001b[1m\u001b[38;5;12m|\u001b[0m\n\u001b[0m\u001b[1m\u001b[38;5;12m50\u001b[0m\u001b[0m  \u001b[0m\u001b[0m\u001b[1m\u001b[38;5;12m|\u001b[0m\u001b[0m \u001b[0m\u001b[0m    SourceError(#[source] Arc<BoxDynError>),\u001b[0m\n\u001b[0m    \u001b[0m\u001b[0m\u001b[1m\u001b[38;5;12m|\u001b[0m\u001b[0m     \u001b[0m\u001b[0m\u001b[1m\u001b[38;5;10m^^^^^^^^^^^\u001b[0m\n\u001b[0m\u001b[1m\u001b[38;5;14mhelp\u001b[0m\u001b[0m: consider unboxing the value\u001b[0m\n\u001b[0m    \u001b[0m\u001b[0m\u001b[1m\u001b[38;5;12m|\u001b[0m\n\u001b[0m\u001b[1m\u001b[38;5;12m100\u001b[0m\u001b[0m \u001b[0m\u001b[0m\u001b[1m\u001b[38;5;12m| \u001b[0m\u001b[0m                .map_err(|e| Error::SourceError(\u001b[0m\u001b[0m\u001b[38;5;10m*\u001b[0m\u001b[0mBox::new(e)))\u001b[0m\n\u001b[0m    \u001b[0m\u001b[0m\u001b[1m\u001b[38;5;12m|\u001b[0m\u001b[0m                                                 \u001b[0m\u001b[0m\u001b[38;5;10m+\u001b[0m\n\n"}
{"$message_type":"diagnostic","message":"field `message` of struct `NatsContext` is private","code":{"code":"E0616","explanation":"Attempted to access a private field on a struct.\n\nErroneous code example:\n\n```compile_fail,E0616\nmod some_module {\n    pub struct Foo {\n        x: u32, // So `x` is private in here.\n    }\n\n    impl Foo {\n        pub fn new() -> Foo { Foo { x: 0 } }\n    }\n}\n\nlet f = some_module::Foo::new();\nprintln!(\"{}\", f.x); // error: field `x` of struct `some_module::Foo` is private\n```\n\nIf you want to access this field, you have two options:\n\n1) Set the field public:\n\n```\nmod some_module {\n    pub struct Foo {\n        pub x: u32, // `x` is now public.\n    }\n\n    impl Foo {\n        pub fn new() -> Foo { Foo { x: 0 } }\n    }\n}\n\nlet f = some_module::Foo::new();\nprintln!(\"{}\", f.x); // ok!\n```\n\n2) Add a getter function:\n\n```\nmod some_module {\n    pub struct Foo {\n        x: u32, // So `x` is still private in here.\n    }\n\n    impl Foo {\n        pub fn new() -> Foo { Foo { x: 0 } }\n\n        // We create the getter function here:\n        pub fn get_x(&self) -> &u32 { &self.x }\n    }\n}\n\nlet f = some_module::Foo::new();\nprintln!(\"{}\", f.get_x()); // ok!\n```\n"},"level":"error","spans":[{"file_name":"packages/apalis-nats/src/expose.rs","byte_start":3524,"byte_end":3531,"line_start":108,"line_end":108,"column_start":34,"column_end":41,"is_primary":true,"text":[{"text":"        if let Some(msg) = &self.message {","highlight_start":34,"highlight_end":41}],"label":"private field","suggested_replacement":null,"suggestion_applicability":null,"expansion":null}],"children":[{"message":"a method `message` also exists, call it with parentheses","code":null,"level":"help","spans":[{"file_name":"packages/apalis-nats/src/expose.rs","byte_start":3531,"byte_end":3531,"line_start":108,"line_end":108,"column_start":41,"column_end":41,"is_primary":true,"text":[{"text":"        if let Some(msg) = &self.message {","highlight_start":41,"highlight_end":41}],"label":null,"suggested_replacement":"()","suggestion_applicability":"MaybeIncorrect","expansion":null}],"children":[],"rendered":null}],"rendered":"\u001b[0m\u001b[1m\u001b[38;5;9merror[E0616]\u001b[0m\u001b[0m\u001b[1m: field `message` of struct `NatsContext` is private\u001b[0m\n\u001b[0m   \u001b[0m\u001b[0m\u001b[1m\u001b[38;5;12m--> \u001b[0m\u001b[0mpackages/apalis-nats/src/expose.rs:108:34\u001b[0m\n\u001b[0m    \u001b[0m\u001b[0m\u001b[1m\u001b[38;5;12m|\u001b[0m\n\u001b[0m\u001b[1m\u001b[38;5;12m108\u001b[0m\u001b[0m \u001b[0m\u001b[0m\u001b[1m\u001b[38;5;12m|\u001b[0m\u001b[0m \u001b[0m\u001b[0m        if let Some(msg) = &self.message {\u001b[0m\n\u001b[0m    \u001b[0m\u001b[0m\u001b[1m\u001b[38;5;12m|\u001b[0m\u001b[0m                                  \u001b[0m\u001b[0m\u001b[1m\u001b[38;5;9m^^^^^^^\u001b[0m\u001b[0m \u001b[0m\u001b[0m\u001b[1m\u001b[38;5;9mprivate field\u001b[0m\n\u001b[0m    \u001b[0m\u001b[0m\u001b[1m\u001b[38;5;12m|\u001b[0m\n\u001b[0m\u001b[1m\u001b[38;5;14mhelp\u001b[0m\u001b[0m: a method `message` also exists, call it with parentheses\u001b[0m\n\u001b[0m    \u001b[0m\u001b[0m\u001b[1m\u001b[38;5;12m|\u001b[0m\n\u001b[0m\u001b[1m\u001b[38;5;12m108\u001b[0m\u001b[0m \u001b[0m\u001b[0m\u001b[1m\u001b[38;5;12m| \u001b[0m\u001b[0m        if let Some(msg) = &self.message\u001b[0m\u001b[0m\u001b[38;5;10m()\u001b[0m\u001b[0m {\u001b[0m\n\u001b[0m    \u001b[0m\u001b[0m\u001b[1m\u001b[38;5;12m|\u001b[0m\u001b[0m                                         \u001b[0m\u001b[0m\u001b[38;5;10m++\u001b[0m\n\n"}
{"$message_type":"diagnostic","message":"mismatched types","code":{"code":"E0308","explanation":"Expected type did not match the received type.\n\nErroneous code examples:\n\n```compile_fail,E0308\nfn plus_one(x: i32) -> i32 {\n    x + 1\n}\n\nplus_one(\"Not a number\");\n//       ^^^^^^^^^^^^^^ expected `i32`, found `&str`\n\nif \"Not a bool\" {\n// ^^^^^^^^^^^^ expected `bool`, found `&str`\n}\n\nlet x: f32 = \"Not a float\";\n//     ---   ^^^^^^^^^^^^^ expected `f32`, found `&str`\n//     |\n//     expected due to this\n```\n\nThis error occurs when an expression was used in a place where the compiler\nexpected an expression of a different type. It can occur in several cases, the\nmost common being when calling a function and passing an argument which has a\ndifferent type than the matching type in the function declaration.\n"},"level":"error","spans":[{"file_name":"packages/apalis-nats/src/expose.rs","byte_start":3656,"byte_end":3667,"line_start":111,"line_end":111,"column_start":49,"column_end":60,"is_primary":true,"text":[{"text":"                .map_err(|e| Error::SourceError(Box::new(e)))","highlight_start":49,"highlight_end":60}],"label":"expected `Arc<Box<dyn Error + Send + Sync>>`, found `Box<_>`","suggested_replacement":null,"suggestion_applicability":null,"expansion":null},{"file_name":"packages/apalis-nats/src/expose.rs","byte_start":3637,"byte_end":3655,"line_start":111,"line_end":111,"column_start":30,"column_end":48,"is_primary":false,"text":[{"text":"                .map_err(|e| Error::SourceError(Box::new(e)))","highlight_start":30,"highlight_end":48}],"label":"arguments to this enum variant are incorrect","suggested_replacement":null,"suggestion_applicability":null,"expansion":null}],"children":[{"message":"expected struct `Arc<Box<(dyn StdError + std::marker::Send + Sync + 'static)>>`\n   found struct `Box<_>`","code":null,"level":"note","spans":[],"children":[],"rendered":null},{"message":"tuple variant defined here","code":null,"level":"note","spans":[{"file_name":"/Users/milanender/AithericonCode/apalis/packages/apalis-core/src/error.rs","byte_start":1485,"byte_end":1496,"line_start":50,"line_end":50,"column_start":5,"column_end":16,"is_primary":true,"text":[{"text":"    SourceError(#[source] Arc<BoxDynError>),","highlight_start":5,"highlight_end":16}],"label":null,"suggested_replacement":null,"suggestion_applicability":null,"expansion":null}],"children":[],"rendered":null},{"message":"consider unboxing the value","code":null,"level":"help","spans":[{"file_name":"packages/apalis-nats/src/expose.rs","byte_start":3656,"byte_end":3656,"line_start":111,"line_end":111,"column_start":49,"column_end":49,"is_primary":true,"text":[{"text":"                .map_err(|e| Error::SourceError(Box::new(e)))","highlight_start":49,"highlight_end":49}],"label":null,"suggested_replacement":"*","suggestion_applicability":"MachineApplicable","expansion":null}],"children":[],"rendered":null}],"rendered":"\u001b[0m\u001b[1m\u001b[38;5;9merror[E0308]\u001b[0m\u001b[0m\u001b[1m: mismatched types\u001b[0m\n\u001b[0m   \u001b[0m\u001b[0m\u001b[1m\u001b[38;5;12m--> \u001b[0m\u001b[0mpackages/apalis-nats/src/expose.rs:111:49\u001b[0m\n\u001b[0m    \u001b[0m\u001b[0m\u001b[1m\u001b[38;5;12m|\u001b[0m\n\u001b[0m\u001b[1m\u001b[38;5;12m111\u001b[0m\u001b[0m \u001b[0m\u001b[0m\u001b[1m\u001b[38;5;12m|\u001b[0m\u001b[0m \u001b[0m\u001b[0m                .map_err(|e| Error::SourceError(Box::new(e)))\u001b[0m\n\u001b[0m    \u001b[0m\u001b[0m\u001b[1m\u001b[38;5;12m|\u001b[0m\u001b[0m                              \u001b[0m\u001b[0m\u001b[1m\u001b[38;5;12m------------------\u001b[0m\u001b[0m \u001b[0m\u001b[0m\u001b[1m\u001b[38;5;9m^^^^^^^^^^^\u001b[0m\u001b[0m \u001b[0m\u001b[0m\u001b[1m\u001b[38;5;9mexpected `Arc<Box<dyn Error + Send + Sync>>`, found `Box<_>`\u001b[0m\n\u001b[0m    \u001b[0m\u001b[0m\u001b[1m\u001b[38;5;12m|\u001b[0m\u001b[0m                              \u001b[0m\u001b[0m\u001b[1m\u001b[38;5;12m|\u001b[0m\n\u001b[0m    \u001b[0m\u001b[0m\u001b[1m\u001b[38;5;12m|\u001b[0m\u001b[0m                              \u001b[0m\u001b[0m\u001b[1m\u001b[38;5;12marguments to this enum variant are incorrect\u001b[0m\n\u001b[0m    \u001b[0m\u001b[0m\u001b[1m\u001b[38;5;12m|\u001b[0m\n\u001b[0m    \u001b[0m\u001b[0m\u001b[1m\u001b[38;5;12m= \u001b[0m\u001b[0m\u001b[1mnote\u001b[0m\u001b[0m: expected struct `\u001b[0m\u001b[0m\u001b[1m\u001b[35mArc<\u001b[0m\u001b[0mBox<\u001b[0m\u001b[0m\u001b[1m\u001b[35m(dyn StdError + std::marker::Send + Sync + 'static)\u001b[0m\u001b[0m>\u001b[0m\u001b[0m\u001b[1m\u001b[35m>\u001b[0m\u001b[0m`\u001b[0m\n\u001b[0m               found struct `Box<\u001b[0m\u001b[0m\u001b[1m\u001b[35m_\u001b[0m\u001b[0m>`\u001b[0m\n\u001b[0m\u001b[1m\u001b[38;5;10mnote\u001b[0m\u001b[0m: tuple variant defined here\u001b[0m\n\u001b[0m   \u001b[0m\u001b[0m\u001b[1m\u001b[38;5;12m--> \u001b[0m\u001b[0m/Users/milanender/AithericonCode/apalis/packages/apalis-core/src/error.rs:50:5\u001b[0m\n\u001b[0m    \u001b[0m\u001b[0m\u001b[1m\u001b[38;5;12m|\u001b[0m\n\u001b[0m\u001b[1m\u001b[38;5;12m50\u001b[0m\u001b[0m  \u001b[0m\u001b[0m\u001b[1m\u001b[38;5;12m|\u001b[0m\u001b[0m \u001b[0m\u001b[0m    SourceError(#[source] Arc<BoxDynError>),\u001b[0m\n\u001b[0m    \u001b[0m\u001b[0m\u001b[1m\u001b[38;5;12m|\u001b[0m\u001b[0m     \u001b[0m\u001b[0m\u001b[1m\u001b[38;5;10m^^^^^^^^^^^\u001b[0m\n\u001b[0m\u001b[1m\u001b[38;5;14mhelp\u001b[0m\u001b[0m: consider unboxing the value\u001b[0m\n\u001b[0m    \u001b[0m\u001b[0m\u001b[1m\u001b[38;5;12m|\u001b[0m\n\u001b[0m\u001b[1m\u001b[38;5;12m111\u001b[0m\u001b[0m \u001b[0m\u001b[0m\u001b[1m\u001b[38;5;12m| \u001b[0m\u001b[0m                .map_err(|e| Error::SourceError(\u001b[0m\u001b[0m\u001b[38;5;10m*\u001b[0m\u001b[0mBox::new(e)))\u001b[0m\n\u001b[0m    \u001b[0m\u001b[0m\u001b[1m\u001b[38;5;12m|\u001b[0m\u001b[0m                                                 \u001b[0m\u001b[0m\u001b[38;5;10m+\u001b[0m\n\n"}
{"$message_type":"diagnostic","message":"field `message` of struct `NatsContext` is private","code":{"code":"E0616","explanation":"Attempted to access a private field on a struct.\n\nErroneous code example:\n\n```compile_fail,E0616\nmod some_module {\n    pub struct Foo {\n        x: u32, // So `x` is private in here.\n    }\n\n    impl Foo {\n        pub fn new() -> Foo { Foo { x: 0 } }\n    }\n}\n\nlet f = some_module::Foo::new();\nprintln!(\"{}\", f.x); // error: field `x` of struct `some_module::Foo` is private\n```\n\nIf you want to access this field, you have two options:\n\n1) Set the field public:\n\n```\nmod some_module {\n    pub struct Foo {\n        pub x: u32, // `x` is now public.\n    }\n\n    impl Foo {\n        pub fn new() -> Foo { Foo { x: 0 } }\n    }\n}\n\nlet f = some_module::Foo::new();\nprintln!(\"{}\", f.x); // ok!\n```\n\n2) Add a getter function:\n\n```\nmod some_module {\n    pub struct Foo {\n        x: u32, // So `x` is still private in here.\n    }\n\n    impl Foo {\n        pub fn new() -> Foo { Foo { x: 0 } }\n\n        // We create the getter function here:\n        pub fn get_x(&self) -> &u32 { &self.x }\n    }\n}\n\nlet f = some_module::Foo::new();\nprintln!(\"{}\", f.get_x()); // ok!\n```\n"},"level":"error","spans":[{"file_name":"packages/apalis-nats/src/expose.rs","byte_start":3868,"byte_end":3875,"line_start":119,"line_end":119,"column_start":34,"column_end":41,"is_primary":true,"text":[{"text":"        if let Some(msg) = &self.message {","highlight_start":34,"highlight_end":41}],"label":"private field","suggested_replacement":null,"suggestion_applicability":null,"expansion":null}],"children":[{"message":"a method `message` also exists, call it with parentheses","code":null,"level":"help","spans":[{"file_name":"packages/apalis-nats/src/expose.rs","byte_start":3875,"byte_end":3875,"line_start":119,"line_end":119,"column_start":41,"column_end":41,"is_primary":true,"text":[{"text":"        if let Some(msg) = &self.message {","highlight_start":41,"highlight_end":41}],"label":null,"suggested_replacement":"()","suggestion_applicability":"MaybeIncorrect","expansion":null}],"children":[],"rendered":null}],"rendered":"\u001b[0m\u001b[1m\u001b[38;5;9merror[E0616]\u001b[0m\u001b[0m\u001b[1m: field `message` of struct `NatsContext` is private\u001b[0m\n\u001b[0m   \u001b[0m\u001b[0m\u001b[1m\u001b[38;5;12m--> \u001b[0m\u001b[0mpackages/apalis-nats/src/expose.rs:119:34\u001b[0m\n\u001b[0m    \u001b[0m\u001b[0m\u001b[1m\u001b[38;5;12m|\u001b[0m\n\u001b[0m\u001b[1m\u001b[38;5;12m119\u001b[0m\u001b[0m \u001b[0m\u001b[0m\u001b[1m\u001b[38;5;12m|\u001b[0m\u001b[0m \u001b[0m\u001b[0m        if let Some(msg) = &self.message {\u001b[0m\n\u001b[0m    \u001b[0m\u001b[0m\u001b[1m\u001b[38;5;12m|\u001b[0m\u001b[0m                                  \u001b[0m\u001b[0m\u001b[1m\u001b[38;5;9m^^^^^^^\u001b[0m\u001b[0m \u001b[0m\u001b[0m\u001b[1m\u001b[38;5;9mprivate field\u001b[0m\n\u001b[0m    \u001b[0m\u001b[0m\u001b[1m\u001b[38;5;12m|\u001b[0m\n\u001b[0m\u001b[1m\u001b[38;5;14mhelp\u001b[0m\u001b[0m: a method `message` also exists, call it with parentheses\u001b[0m\n\u001b[0m    \u001b[0m\u001b[0m\u001b[1m\u001b[38;5;12m|\u001b[0m\n\u001b[0m\u001b[1m\u001b[38;5;12m119\u001b[0m\u001b[0m \u001b[0m\u001b[0m\u001b[1m\u001b[38;5;12m| \u001b[0m\u001b[0m        if let Some(msg) = &self.message\u001b[0m\u001b[0m\u001b[38;5;10m()\u001b[0m\u001b[0m {\u001b[0m\n\u001b[0m    \u001b[0m\u001b[0m\u001b[1m\u001b[38;5;12m|\u001b[0m\u001b[0m                                         \u001b[0m\u001b[0m\u001b[38;5;10m++\u001b[0m\n\n"}
{"$message_type":"diagnostic","message":"mismatched types","code":{"code":"E0308","explanation":"Expected type did not match the received type.\n\nErroneous code examples:\n\n```compile_fail,E0308\nfn plus_one(x: i32) -> i32 {\n    x + 1\n}\n\nplus_one(\"Not a number\");\n//       ^^^^^^^^^^^^^^ expected `i32`, found `&str`\n\nif \"Not a bool\" {\n// ^^^^^^^^^^^^ expected `bool`, found `&str`\n}\n\nlet x: f32 = \"Not a float\";\n//     ---   ^^^^^^^^^^^^^ expected `f32`, found `&str`\n//     |\n//     expected due to this\n```\n\nThis error occurs when an expression was used in a place where the compiler\nexpected an expression of a different type. It can occur in several cases, the\nmost common being when calling a function and passing an argument which has a\ndifferent type than the matching type in the function declaration.\n"},"level":"error","spans":[{"file_name":"packages/apalis-nats/src/expose.rs","byte_start":4004,"byte_end":4015,"line_start":122,"line_end":122,"column_start":49,"column_end":60,"is_primary":true,"text":[{"text":"                .map_err(|e| Error::SourceError(Box::new(e)))","highlight_start":49,"highlight_end":60}],"label":"expected `Arc<Box<dyn Error + Send + Sync>>`, found `Box<_>`","suggested_replacement":null,"suggestion_applicability":null,"expansion":null},{"file_name":"packages/apalis-nats/src/expose.rs","byte_start":3985,"byte_end":4003,"line_start":122,"line_end":122,"column_start":30,"column_end":48,"is_primary":false,"text":[{"text":"                .map_err(|e| Error::SourceError(Box::new(e)))","highlight_start":30,"highlight_end":48}],"label":"arguments to this enum variant are incorrect","suggested_replacement":null,"suggestion_applicability":null,"expansion":null}],"children":[{"message":"expected struct `Arc<Box<(dyn StdError + std::marker::Send + Sync + 'static)>>`\n   found struct `Box<_>`","code":null,"level":"note","spans":[],"children":[],"rendered":null},{"message":"tuple variant defined here","code":null,"level":"note","spans":[{"file_name":"/Users/milanender/AithericonCode/apalis/packages/apalis-core/src/error.rs","byte_start":1485,"byte_end":1496,"line_start":50,"line_end":50,"column_start":5,"column_end":16,"is_primary":true,"text":[{"text":"    SourceError(#[source] Arc<BoxDynError>),","highlight_start":5,"highlight_end":16}],"label":null,"suggested_replacement":null,"suggestion_applicability":null,"expansion":null}],"children":[],"rendered":null},{"message":"consider unboxing the value","code":null,"level":"help","spans":[{"file_name":"packages/apalis-nats/src/expose.rs","byte_start":4004,"byte_end":4004,"line_start":122,"line_end":122,"column_start":49,"column_end":49,"is_primary":true,"text":[{"text":"                .map_err(|e| Error::SourceError(Box::new(e)))","highlight_start":49,"highlight_end":49}],"label":null,"suggested_replacement":"*","suggestion_applicability":"MachineApplicable","expansion":null}],"children":[],"rendered":null}],"rendered":"\u001b[0m\u001b[1m\u001b[38;5;9merror[E0308]\u001b[0m\u001b[0m\u001b[1m: mismatched types\u001b[0m\n\u001b[0m   \u001b[0m\u001b[0m\u001b[1m\u001b[38;5;12m--> \u001b[0m\u001b[0mpackages/apalis-nats/src/expose.rs:122:49\u001b[0m\n\u001b[0m    \u001b[0m\u001b[0m\u001b[1m\u001b[38;5;12m|\u001b[0m\n\u001b[0m\u001b[1m\u001b[38;5;12m122\u001b[0m\u001b[0m \u001b[0m\u001b[0m\u001b[1m\u001b[38;5;12m|\u001b[0m\u001b[0m \u001b[0m\u001b[0m                .map_err(|e| Error::SourceError(Box::new(e)))\u001b[0m\n\u001b[0m    \u001b[0m\u001b[0m\u001b[1m\u001b[38;5;12m|\u001b[0m\u001b[0m                              \u001b[0m\u001b[0m\u001b[1m\u001b[38;5;12m------------------\u001b[0m\u001b[0m \u001b[0m\u001b[0m\u001b[1m\u001b[38;5;9m^^^^^^^^^^^\u001b[0m\u001b[0m \u001b[0m\u001b[0m\u001b[1m\u001b[38;5;9mexpected `Arc<Box<dyn Error + Send + Sync>>`, found `Box<_>`\u001b[0m\n\u001b[0m    \u001b[0m\u001b[0m\u001b[1m\u001b[38;5;12m|\u001b[0m\u001b[0m                              \u001b[0m\u001b[0m\u001b[1m\u001b[38;5;12m|\u001b[0m\n\u001b[0m    \u001b[0m\u001b[0m\u001b[1m\u001b[38;5;12m|\u001b[0m\u001b[0m                              \u001b[0m\u001b[0m\u001b[1m\u001b[38;5;12marguments to this enum variant are incorrect\u001b[0m\n\u001b[0m    \u001b[0m\u001b[0m\u001b[1m\u001b[38;5;12m|\u001b[0m\n\u001b[0m    \u001b[0m\u001b[0m\u001b[1m\u001b[38;5;12m= \u001b[0m\u001b[0m\u001b[1mnote\u001b[0m\u001b[0m: expected struct `\u001b[0m\u001b[0m\u001b[1m\u001b[35mArc<\u001b[0m\u001b[0mBox<\u001b[0m\u001b[0m\u001b[1m\u001b[35m(dyn StdError + std::marker::Send + Sync + 'static)\u001b[0m\u001b[0m>\u001b[0m\u001b[0m\u001b[1m\u001b[35m>\u001b[0m\u001b[0m`\u001b[0m\n\u001b[0m               found struct `Box<\u001b[0m\u001b[0m\u001b[1m\u001b[35m_\u001b[0m\u001b[0m>`\u001b[0m\n\u001b[0m\u001b[1m\u001b[38;5;10mnote\u001b[0m\u001b[0m: tuple variant defined here\u001b[0m\n\u001b[0m   \u001b[0m\u001b[0m\u001b[1m\u001b[38;5;12m--> \u001b[0m\u001b[0m/Users/milanender/AithericonCode/apalis/packages/apalis-core/src/error.rs:50:5\u001b[0m\n\u001b[0m    \u001b[0m\u001b[0m\u001b[1m\u001b[38;5;12m|\u001b[0m\n\u001b[0m\u001b[1m\u001b[38;5;12m50\u001b[0m\u001b[0m  \u001b[0m\u001b[0m\u001b[1m\u001b[38;5;12m|\u001b[0m\u001b[0m \u001b[0m\u001b[0m    SourceError(#[source] Arc<BoxDynError>),\u001b[0m\n\u001b[0m    \u001b[0m\u001b[0m\u001b[1m\u001b[38;5;12m|\u001b[0m\u001b[0m     \u001b[0m\u001b[0m\u001b[1m\u001b[38;5;10m^^^^^^^^^^^\u001b[0m\n\u001b[0m\u001b[1m\u001b[38;5;14mhelp\u001b[0m\u001b[0m: consider unboxing the value\u001b[0m\n\u001b[0m    \u001b[0m\u001b[0m\u001b[1m\u001b[38;5;12m|\u001b[0m\n\u001b[0m\u001b[1m\u001b[38;5;12m122\u001b[0m\u001b[0m \u001b[0m\u001b[0m\u001b[1m\u001b[38;5;12m| \u001b[0m\u001b[0m                .map_err(|e| Error::SourceError(\u001b[0m\u001b[0m\u001b[38;5;10m*\u001b[0m\u001b[0mBox::new(e)))\u001b[0m\n\u001b[0m    \u001b[0m\u001b[0m\u001b[1m\u001b[38;5;12m|\u001b[0m\u001b[0m                                                 \u001b[0m\u001b[0m\u001b[38;5;10m+\u001b[0m\n\n"}
{"$message_type":"diagnostic","message":"lifetime parameters or bounds on method `push_request` do not match the trait declaration","code":{"code":"E0195","explanation":"The lifetime parameters of the method do not match the trait declaration.\n\nErroneous code example:\n\n```compile_fail,E0195\ntrait Trait {\n    fn bar<'a,'b:'a>(x: &'a str, y: &'b str);\n}\n\nstruct Foo;\n\nimpl Trait for Foo {\n    fn bar<'a,'b>(x: &'a str, y: &'b str) {\n    // error: lifetime parameters or bounds on method `bar`\n    // do not match the trait declaration\n    }\n}\n```\n\nThe lifetime constraint `'b` for `bar()` implementation does not match the\ntrait declaration. Ensure lifetime declarations match exactly in both trait\ndeclaration and implementation. Example:\n\n```\ntrait Trait {\n    fn t<'a,'b:'a>(x: &'a str, y: &'b str);\n}\n\nstruct Foo;\n\nimpl Trait for Foo {\n    fn t<'a,'b:'a>(x: &'a str, y: &'b str) { // ok!\n    }\n}\n```\n"},"level":"error","spans":[{"file_name":"packages/apalis-nats/src/storage.rs","byte_start":9135,"byte_end":9198,"line_start":308,"line_end":308,"column_start":14,"column_end":77,"is_primary":true,"text":[{"text":"    async fn push_request(&mut self, req: Request<Self::Job, Self::Context>) -> Result<Parts<Self::Context>, Self::Error> {","highlight_start":14,"highlight_end":77}],"label":"lifetimes do not match method in trait","suggested_replacement":null,"suggestion_applicability":null,"expansion":null}],"children":[],"rendered":"\u001b[0m\u001b[1m\u001b[38;5;9merror[E0195]\u001b[0m\u001b[0m\u001b[1m: lifetime parameters or bounds on method `push_request` do not match the trait declaration\u001b[0m\n\u001b[0m   \u001b[0m\u001b[0m\u001b[1m\u001b[38;5;12m--> \u001b[0m\u001b[0mpackages/apalis-nats/src/storage.rs:308:14\u001b[0m\n\u001b[0m    \u001b[0m\u001b[0m\u001b[1m\u001b[38;5;12m|\u001b[0m\n\u001b[0m\u001b[1m\u001b[38;5;12m308\u001b[0m\u001b[0m \u001b[0m\u001b[0m\u001b[1m\u001b[38;5;12m|\u001b[0m\u001b[0m \u001b[0m\u001b[0m    async fn push_request(&mut self, req: Request<Self::Job, Self::Context>) -> Result<Parts<Self::Context>, Self::Error> {\u001b[0m\n\u001b[0m    \u001b[0m\u001b[0m\u001b[1m\u001b[38;5;12m|\u001b[0m\u001b[0m              \u001b[0m\u001b[0m\u001b[1m\u001b[38;5;9m^^^^^^^^^^^^^^^^^^^^^^^^^^^^^^^^^^^^^^^^^^^^^^^^^^^^^^^^^^^^^^^\u001b[0m\u001b[0m \u001b[0m\u001b[0m\u001b[1m\u001b[38;5;9mlifetimes do not match method in trait\u001b[0m\n\n"}
{"$message_type":"diagnostic","message":"lifetime parameters or bounds on method `push_raw_request` do not match the trait declaration","code":{"code":"E0195","explanation":"The lifetime parameters of the method do not match the trait declaration.\n\nErroneous code example:\n\n```compile_fail,E0195\ntrait Trait {\n    fn bar<'a,'b:'a>(x: &'a str, y: &'b str);\n}\n\nstruct Foo;\n\nimpl Trait for Foo {\n    fn bar<'a,'b>(x: &'a str, y: &'b str) {\n    // error: lifetime parameters or bounds on method `bar`\n    // do not match the trait declaration\n    }\n}\n```\n\nThe lifetime constraint `'b` for `bar()` implementation does not match the\ntrait declaration. Ensure lifetime declarations match exactly in both trait\ndeclaration and implementation. Example:\n\n```\ntrait Trait {\n    fn t<'a,'b:'a>(x: &'a str, y: &'b str);\n}\n\nstruct Foo;\n\nimpl Trait for Foo {\n    fn t<'a,'b:'a>(x: &'a str, y: &'b str) { // ok!\n    }\n}\n```\n"},"level":"error","spans":[{"file_name":"packages/apalis-nats/src/storage.rs","byte_start":9716,"byte_end":9788,"line_start":323,"line_end":323,"column_start":14,"column_end":86,"is_primary":true,"text":[{"text":"    async fn push_raw_request(&mut self, _req: Request<Self::Compact, Self::Context>) -> Result<Parts<Self::Context>, Self::Error> {","highlight_start":14,"highlight_end":86}],"label":"lifetimes do not match method in trait","suggested_replacement":null,"suggestion_applicability":null,"expansion":null}],"children":[],"rendered":"\u001b[0m\u001b[1m\u001b[38;5;9merror[E0195]\u001b[0m\u001b[0m\u001b[1m: lifetime parameters or bounds on method `push_raw_request` do not match the trait declaration\u001b[0m\n\u001b[0m   \u001b[0m\u001b[0m\u001b[1m\u001b[38;5;12m--> \u001b[0m\u001b[0mpackages/apalis-nats/src/storage.rs:323:14\u001b[0m\n\u001b[0m    \u001b[0m\u001b[0m\u001b[1m\u001b[38;5;12m|\u001b[0m\n\u001b[0m\u001b[1m\u001b[38;5;12m323\u001b[0m\u001b[0m \u001b[0m\u001b[0m\u001b[1m\u001b[38;5;12m|\u001b[0m\u001b[0m \u001b[0m\u001b[0m    async fn push_raw_request(&mut self, _req: Request<Self::Compact, Self::Context>) -> Result<Parts<Self::Context>, Self::Error> {\u001b[0m\n\u001b[0m    \u001b[0m\u001b[0m\u001b[1m\u001b[38;5;12m|\u001b[0m\u001b[0m              \u001b[0m\u001b[0m\u001b[1m\u001b[38;5;9m^^^^^^^^^^^^^^^^^^^^^^^^^^^^^^^^^^^^^^^^^^^^^^^^^^^^^^^^^^^^^^^^^^^^^^^^\u001b[0m\u001b[0m \u001b[0m\u001b[0m\u001b[1m\u001b[38;5;9mlifetimes do not match method in trait\u001b[0m\n\n"}
{"$message_type":"diagnostic","message":"lifetime parameters or bounds on method `schedule_request` do not match the trait declaration","code":{"code":"E0195","explanation":"The lifetime parameters of the method do not match the trait declaration.\n\nErroneous code example:\n\n```compile_fail,E0195\ntrait Trait {\n    fn bar<'a,'b:'a>(x: &'a str, y: &'b str);\n}\n\nstruct Foo;\n\nimpl Trait for Foo {\n    fn bar<'a,'b>(x: &'a str, y: &'b str) {\n    // error: lifetime parameters or bounds on method `bar`\n    // do not match the trait declaration\n    }\n}\n```\n\nThe lifetime constraint `'b` for `bar()` implementation does not match the\ntrait declaration. Ensure lifetime declarations match exactly in both trait\ndeclaration and implementation. Example:\n\n```\ntrait Trait {\n    fn t<'a,'b:'a>(x: &'a str, y: &'b str);\n}\n\nstruct Foo;\n\nimpl Trait for Foo {\n    fn t<'a,'b:'a>(x: &'a str, y: &'b str) { // ok!\n    }\n}\n```\n"},"level":"error","spans":[{"file_name":"packages/apalis-nats/src/storage.rs","byte_start":9988,"byte_end":10065,"line_start":328,"line_end":328,"column_start":14,"column_end":91,"is_primary":true,"text":[{"text":"    async fn schedule_request(&mut self, req: Request<Self::Job, Self::Context>, _on: i64) -> Result<Parts<Self::Context>, Self::Error> {","highlight_start":14,"highlight_end":91}],"label":"lifetimes do not match method in trait","suggested_replacement":null,"suggestion_applicability":null,"expansion":null}],"children":[],"rendered":"\u001b[0m\u001b[1m\u001b[38;5;9merror[E0195]\u001b[0m\u001b[0m\u001b[1m: lifetime parameters or bounds on method `schedule_request` do not match the trait declaration\u001b[0m\n\u001b[0m   \u001b[0m\u001b[0m\u001b[1m\u001b[38;5;12m--> \u001b[0m\u001b[0mpackages/apalis-nats/src/storage.rs:328:14\u001b[0m\n\u001b[0m    \u001b[0m\u001b[0m\u001b[1m\u001b[38;5;12m|\u001b[0m\n\u001b[0m\u001b[1m\u001b[38;5;12m328\u001b[0m\u001b[0m \u001b[0m\u001b[0m\u001b[1m\u001b[38;5;12m|\u001b[0m\u001b[0m \u001b[0m\u001b[0m    async fn schedule_request(&mut self, req: Request<Self::Job, Self::Context>, _on: i64) -> Result<Parts<Self::Context>, Self::Error> {\u001b[0m\n\u001b[0m    \u001b[0m\u001b[0m\u001b[1m\u001b[38;5;12m|\u001b[0m\u001b[0m              \u001b[0m\u001b[0m\u001b[1m\u001b[38;5;9m^^^^^^^^^^^^^^^^^^^^^^^^^^^^^^^^^^^^^^^^^^^^^^^^^^^^^^^^^^^^^^^^^^^^^^^^^^^^^\u001b[0m\u001b[0m \u001b[0m\u001b[0m\u001b[1m\u001b[38;5;9mlifetimes do not match method in trait\u001b[0m\n\n"}
{"$message_type":"diagnostic","message":"lifetime parameters or bounds on method `fetch_by_id` do not match the trait declaration","code":{"code":"E0195","explanation":"The lifetime parameters of the method do not match the trait declaration.\n\nErroneous code example:\n\n```compile_fail,E0195\ntrait Trait {\n    fn bar<'a,'b:'a>(x: &'a str, y: &'b str);\n}\n\nstruct Foo;\n\nimpl Trait for Foo {\n    fn bar<'a,'b>(x: &'a str, y: &'b str) {\n    // error: lifetime parameters or bounds on method `bar`\n    // do not match the trait declaration\n    }\n}\n```\n\nThe lifetime constraint `'b` for `bar()` implementation does not match the\ntrait declaration. Ensure lifetime declarations match exactly in both trait\ndeclaration and implementation. Example:\n\n```\ntrait Trait {\n    fn t<'a,'b:'a>(x: &'a str, y: &'b str);\n}\n\nstruct Foo;\n\nimpl Trait for Foo {\n    fn t<'a,'b:'a>(x: &'a str, y: &'b str) { // ok!\n    }\n}\n```\n"},"level":"error","spans":[{"file_name":"packages/apalis-nats/src/storage.rs","byte_start":10272,"byte_end":10308,"line_start":334,"line_end":334,"column_start":14,"column_end":50,"is_primary":true,"text":[{"text":"    async fn fetch_by_id(&mut self, _id: &TaskId) -> Result<Option<Request<Self::Job, Self::Context>>, Self::Error> {","highlight_start":14,"highlight_end":50}],"label":"lifetimes do not match method in trait","suggested_replacement":null,"suggestion_applicability":null,"expansion":null}],"children":[],"rendered":"\u001b[0m\u001b[1m\u001b[38;5;9merror[E0195]\u001b[0m\u001b[0m\u001b[1m: lifetime parameters or bounds on method `fetch_by_id` do not match the trait declaration\u001b[0m\n\u001b[0m   \u001b[0m\u001b[0m\u001b[1m\u001b[38;5;12m--> \u001b[0m\u001b[0mpackages/apalis-nats/src/storage.rs:334:14\u001b[0m\n\u001b[0m    \u001b[0m\u001b[0m\u001b[1m\u001b[38;5;12m|\u001b[0m\n\u001b[0m\u001b[1m\u001b[38;5;12m334\u001b[0m\u001b[0m \u001b[0m\u001b[0m\u001b[1m\u001b[38;5;12m|\u001b[0m\u001b[0m \u001b[0m\u001b[0m    async fn fetch_by_id(&mut self, _id: &TaskId) -> Result<Option<Request<Self::Job, Self::Context>>, Self::Error> {\u001b[0m\n\u001b[0m    \u001b[0m\u001b[0m\u001b[1m\u001b[38;5;12m|\u001b[0m\u001b[0m              \u001b[0m\u001b[0m\u001b[1m\u001b[38;5;9m^^^^^^^^^^^^^^^^^^^^^^^^^^^^^^^^^^^^\u001b[0m\u001b[0m \u001b[0m\u001b[0m\u001b[1m\u001b[38;5;9mlifetimes do not match method in trait\u001b[0m\n\n"}
{"$message_type":"diagnostic","message":"lifetime parameters or bounds on method `len` do not match the trait declaration","code":{"code":"E0195","explanation":"The lifetime parameters of the method do not match the trait declaration.\n\nErroneous code example:\n\n```compile_fail,E0195\ntrait Trait {\n    fn bar<'a,'b:'a>(x: &'a str, y: &'b str);\n}\n\nstruct Foo;\n\nimpl Trait for Foo {\n    fn bar<'a,'b>(x: &'a str, y: &'b str) {\n    // error: lifetime parameters or bounds on method `bar`\n    // do not match the trait declaration\n    }\n}\n```\n\nThe lifetime constraint `'b` for `bar()` implementation does not match the\ntrait declaration. Ensure lifetime declarations match exactly in both trait\ndeclaration and implementation. Example:\n\n```\ntrait Trait {\n    fn t<'a,'b:'a>(x: &'a str, y: &'b str);\n}\n\nstruct Foo;\n\nimpl Trait for Foo {\n    fn t<'a,'b:'a>(x: &'a str, y: &'b str) { // ok!\n    }\n}\n```\n"},"level":"error","spans":[{"file_name":"packages/apalis-nats/src/storage.rs","byte_start":10538,"byte_end":10552,"line_start":340,"line_end":340,"column_start":14,"column_end":28,"is_primary":true,"text":[{"text":"    async fn len(&mut self) -> Result<i64, Self::Error> {","highlight_start":14,"highlight_end":28}],"label":"lifetimes do not match method in trait","suggested_replacement":null,"suggestion_applicability":null,"expansion":null}],"children":[],"rendered":"\u001b[0m\u001b[1m\u001b[38;5;9merror[E0195]\u001b[0m\u001b[0m\u001b[1m: lifetime parameters or bounds on method `len` do not match the trait declaration\u001b[0m\n\u001b[0m   \u001b[0m\u001b[0m\u001b[1m\u001b[38;5;12m--> \u001b[0m\u001b[0mpackages/apalis-nats/src/storage.rs:340:14\u001b[0m\n\u001b[0m    \u001b[0m\u001b[0m\u001b[1m\u001b[38;5;12m|\u001b[0m\n\u001b[0m\u001b[1m\u001b[38;5;12m340\u001b[0m\u001b[0m \u001b[0m\u001b[0m\u001b[1m\u001b[38;5;12m|\u001b[0m\u001b[0m \u001b[0m\u001b[0m    async fn len(&mut self) -> Result<i64, Self::Error> {\u001b[0m\n\u001b[0m    \u001b[0m\u001b[0m\u001b[1m\u001b[38;5;12m|\u001b[0m\u001b[0m              \u001b[0m\u001b[0m\u001b[1m\u001b[38;5;9m^^^^^^^^^^^^^^\u001b[0m\u001b[0m \u001b[0m\u001b[0m\u001b[1m\u001b[38;5;9mlifetimes do not match method in trait\u001b[0m\n\n"}
{"$message_type":"diagnostic","message":"lifetime parameters or bounds on method `reschedule` do not match the trait declaration","code":{"code":"E0195","explanation":"The lifetime parameters of the method do not match the trait declaration.\n\nErroneous code example:\n\n```compile_fail,E0195\ntrait Trait {\n    fn bar<'a,'b:'a>(x: &'a str, y: &'b str);\n}\n\nstruct Foo;\n\nimpl Trait for Foo {\n    fn bar<'a,'b>(x: &'a str, y: &'b str) {\n    // error: lifetime parameters or bounds on method `bar`\n    // do not match the trait declaration\n    }\n}\n```\n\nThe lifetime constraint `'b` for `bar()` implementation does not match the\ntrait declaration. Ensure lifetime declarations match exactly in both trait\ndeclaration and implementation. Example:\n\n```\ntrait Trait {\n    fn t<'a,'b:'a>(x: &'a str, y: &'b str);\n}\n\nstruct Foo;\n\nimpl Trait for Foo {\n    fn t<'a,'b:'a>(x: &'a str, y: &'b str) { // ok!\n    }\n}\n```\n"},"level":"error","spans":[{"file_name":"packages/apalis-nats/src/storage.rs","byte_start":11045,"byte_end":11116,"line_start":355,"line_end":355,"column_start":14,"column_end":85,"is_primary":true,"text":[{"text":"    async fn reschedule(&mut self, _job: Request<T, Self::Context>, _wait: Duration) -> Result<(), Self::Error> {","highlight_start":14,"highlight_end":85}],"label":"lifetimes do not match method in trait","suggested_replacement":null,"suggestion_applicability":null,"expansion":null}],"children":[],"rendered":"\u001b[0m\u001b[1m\u001b[38;5;9merror[E0195]\u001b[0m\u001b[0m\u001b[1m: lifetime parameters or bounds on method `reschedule` do not match the trait declaration\u001b[0m\n\u001b[0m   \u001b[0m\u001b[0m\u001b[1m\u001b[38;5;12m--> \u001b[0m\u001b[0mpackages/apalis-nats/src/storage.rs:355:14\u001b[0m\n\u001b[0m    \u001b[0m\u001b[0m\u001b[1m\u001b[38;5;12m|\u001b[0m\n\u001b[0m\u001b[1m\u001b[38;5;12m355\u001b[0m\u001b[0m \u001b[0m\u001b[0m\u001b[1m\u001b[38;5;12m|\u001b[0m\u001b[0m \u001b[0m\u001b[0m    async fn reschedule(&mut self, _job: Request<T, Self::Context>, _wait: Duration) -> Result<(), Self::Error> {\u001b[0m\n\u001b[0m    \u001b[0m\u001b[0m\u001b[1m\u001b[38;5;12m|\u001b[0m\u001b[0m              \u001b[0m\u001b[0m\u001b[1m\u001b[38;5;9m^^^^^^^^^^^^^^^^^^^^^^^^^^^^^^^^^^^^^^^^^^^^^^^^^^^^^^^^^^^^^^^^^^^^^^^\u001b[0m\u001b[0m \u001b[0m\u001b[0m\u001b[1m\u001b[38;5;9mlifetimes do not match method in trait\u001b[0m\n\n"}
{"$message_type":"diagnostic","message":"lifetime parameters or bounds on method `update` do not match the trait declaration","code":{"code":"E0195","explanation":"The lifetime parameters of the method do not match the trait declaration.\n\nErroneous code example:\n\n```compile_fail,E0195\ntrait Trait {\n    fn bar<'a,'b:'a>(x: &'a str, y: &'b str);\n}\n\nstruct Foo;\n\nimpl Trait for Foo {\n    fn bar<'a,'b>(x: &'a str, y: &'b str) {\n    // error: lifetime parameters or bounds on method `bar`\n    // do not match the trait declaration\n    }\n}\n```\n\nThe lifetime constraint `'b` for `bar()` implementation does not match the\ntrait declaration. Ensure lifetime declarations match exactly in both trait\ndeclaration and implementation. Example:\n\n```\ntrait Trait {\n    fn t<'a,'b:'a>(x: &'a str, y: &'b str);\n}\n\nstruct Foo;\n\nimpl Trait for Foo {\n    fn t<'a,'b:'a>(x: &'a str, y: &'b str) { // ok!\n    }\n}\n```\n"},"level":"error","spans":[{"file_name":"packages/apalis-nats/src/storage.rs","byte_start":11309,"byte_end":11359,"line_start":361,"line_end":361,"column_start":14,"column_end":64,"is_primary":true,"text":[{"text":"    async fn update(&mut self, _job: Request<T, Self::Context>) -> Result<(), Self::Error> {","highlight_start":14,"highlight_end":64}],"label":"lifetimes do not match method in trait","suggested_replacement":null,"suggestion_applicability":null,"expansion":null}],"children":[],"rendered":"\u001b[0m\u001b[1m\u001b[38;5;9merror[E0195]\u001b[0m\u001b[0m\u001b[1m: lifetime parameters or bounds on method `update` do not match the trait declaration\u001b[0m\n\u001b[0m   \u001b[0m\u001b[0m\u001b[1m\u001b[38;5;12m--> \u001b[0m\u001b[0mpackages/apalis-nats/src/storage.rs:361:14\u001b[0m\n\u001b[0m    \u001b[0m\u001b[0m\u001b[1m\u001b[38;5;12m|\u001b[0m\n\u001b[0m\u001b[1m\u001b[38;5;12m361\u001b[0m\u001b[0m \u001b[0m\u001b[0m\u001b[1m\u001b[38;5;12m|\u001b[0m\u001b[0m \u001b[0m\u001b[0m    async fn update(&mut self, _job: Request<T, Self::Context>) -> Result<(), Self::Error> {\u001b[0m\n\u001b[0m    \u001b[0m\u001b[0m\u001b[1m\u001b[38;5;12m|\u001b[0m\u001b[0m              \u001b[0m\u001b[0m\u001b[1m\u001b[38;5;9m^^^^^^^^^^^^^^^^^^^^^^^^^^^^^^^^^^^^^^^^^^^^^^^^^^\u001b[0m\u001b[0m \u001b[0m\u001b[0m\u001b[1m\u001b[38;5;9mlifetimes do not match method in trait\u001b[0m\n\n"}
{"$message_type":"diagnostic","message":"lifetime parameters or bounds on method `is_empty` do not match the trait declaration","code":{"code":"E0195","explanation":"The lifetime parameters of the method do not match the trait declaration.\n\nErroneous code example:\n\n```compile_fail,E0195\ntrait Trait {\n    fn bar<'a,'b:'a>(x: &'a str, y: &'b str);\n}\n\nstruct Foo;\n\nimpl Trait for Foo {\n    fn bar<'a,'b>(x: &'a str, y: &'b str) {\n    // error: lifetime parameters or bounds on method `bar`\n    // do not match the trait declaration\n    }\n}\n```\n\nThe lifetime constraint `'b` for `bar()` implementation does not match the\ntrait declaration. Ensure lifetime declarations match exactly in both trait\ndeclaration and implementation. Example:\n\n```\ntrait Trait {\n    fn t<'a,'b:'a>(x: &'a str, y: &'b str);\n}\n\nstruct Foo;\n\nimpl Trait for Foo {\n    fn t<'a,'b:'a>(x: &'a str, y: &'b str) { // ok!\n    }\n}\n```\n"},"level":"error","spans":[{"file_name":"packages/apalis-nats/src/storage.rs","byte_start":11486,"byte_end":11505,"line_start":366,"line_end":366,"column_start":14,"column_end":33,"is_primary":true,"text":[{"text":"    async fn is_empty(&mut self) -> Result<bool, Self::Error> {","highlight_start":14,"highlight_end":33}],"label":"lifetimes do not match method in trait","suggested_replacement":null,"suggestion_applicability":null,"expansion":null}],"children":[],"rendered":"\u001b[0m\u001b[1m\u001b[38;5;9merror[E0195]\u001b[0m\u001b[0m\u001b[1m: lifetime parameters or bounds on method `is_empty` do not match the trait declaration\u001b[0m\n\u001b[0m   \u001b[0m\u001b[0m\u001b[1m\u001b[38;5;12m--> \u001b[0m\u001b[0mpackages/apalis-nats/src/storage.rs:366:14\u001b[0m\n\u001b[0m    \u001b[0m\u001b[0m\u001b[1m\u001b[38;5;12m|\u001b[0m\n\u001b[0m\u001b[1m\u001b[38;5;12m366\u001b[0m\u001b[0m \u001b[0m\u001b[0m\u001b[1m\u001b[38;5;12m|\u001b[0m\u001b[0m \u001b[0m\u001b[0m    async fn is_empty(&mut self) -> Result<bool, Self::Error> {\u001b[0m\n\u001b[0m    \u001b[0m\u001b[0m\u001b[1m\u001b[38;5;12m|\u001b[0m\u001b[0m              \u001b[0m\u001b[0m\u001b[1m\u001b[38;5;9m^^^^^^^^^^^^^^^^^^^\u001b[0m\u001b[0m \u001b[0m\u001b[0m\u001b[1m\u001b[38;5;9mlifetimes do not match method in trait\u001b[0m\n\n"}
{"$message_type":"diagnostic","message":"lifetime parameters or bounds on method `vacuum` do not match the trait declaration","code":{"code":"E0195","explanation":"The lifetime parameters of the method do not match the trait declaration.\n\nErroneous code example:\n\n```compile_fail,E0195\ntrait Trait {\n    fn bar<'a,'b:'a>(x: &'a str, y: &'b str);\n}\n\nstruct Foo;\n\nimpl Trait for Foo {\n    fn bar<'a,'b>(x: &'a str, y: &'b str) {\n    // error: lifetime parameters or bounds on method `bar`\n    // do not match the trait declaration\n    }\n}\n```\n\nThe lifetime constraint `'b` for `bar()` implementation does not match the\ntrait declaration. Ensure lifetime declarations match exactly in both trait\ndeclaration and implementation. Example:\n\n```\ntrait Trait {\n    fn t<'a,'b:'a>(x: &'a str, y: &'b str);\n}\n\nstruct Foo;\n\nimpl Trait for Foo {\n    fn t<'a,'b:'a>(x: &'a str, y: &'b str) { // ok!\n    }\n}\n```\n"},"level":"error","spans":[{"file_name":"packages/apalis-nats/src/storage.rs","byte_start":11592,"byte_end":11609,"line_start":370,"line_end":370,"column_start":14,"column_end":31,"is_primary":true,"text":[{"text":"    async fn vacuum(&mut self) -> Result<usize, Self::Error> {","highlight_start":14,"highlight_end":31}],"label":"lifetimes do not match method in trait","suggested_replacement":null,"suggestion_applicability":null,"expansion":null}],"children":[],"rendered":"\u001b[0m\u001b[1m\u001b[38;5;9merror[E0195]\u001b[0m\u001b[0m\u001b[1m: lifetime parameters or bounds on method `vacuum` do not match the trait declaration\u001b[0m\n\u001b[0m   \u001b[0m\u001b[0m\u001b[1m\u001b[38;5;12m--> \u001b[0m\u001b[0mpackages/apalis-nats/src/storage.rs:370:14\u001b[0m\n\u001b[0m    \u001b[0m\u001b[0m\u001b[1m\u001b[38;5;12m|\u001b[0m\n\u001b[0m\u001b[1m\u001b[38;5;12m370\u001b[0m\u001b[0m \u001b[0m\u001b[0m\u001b[1m\u001b[38;5;12m|\u001b[0m\u001b[0m \u001b[0m\u001b[0m    async fn vacuum(&mut self) -> Result<usize, Self::Error> {\u001b[0m\n\u001b[0m    \u001b[0m\u001b[0m\u001b[1m\u001b[38;5;12m|\u001b[0m\u001b[0m              \u001b[0m\u001b[0m\u001b[1m\u001b[38;5;9m^^^^^^^^^^^^^^^^^\u001b[0m\u001b[0m \u001b[0m\u001b[0m\u001b[1m\u001b[38;5;9mlifetimes do not match method in trait\u001b[0m\n\n"}
{"$message_type":"diagnostic","message":"method `poll` has an incompatible type for trait","code":{"code":"E0053","explanation":"The parameters of any trait method must match between a trait implementation\nand the trait definition.\n\nErroneous code example:\n\n```compile_fail,E0053\ntrait Foo {\n    fn foo(x: u16);\n    fn bar(&self);\n}\n\nstruct Bar;\n\nimpl Foo for Bar {\n    // error, expected u16, found i16\n    fn foo(x: i16) { }\n\n    // error, types differ in mutability\n    fn bar(&mut self) { }\n}\n```\n"},"level":"error","spans":[{"file_name":"packages/apalis-nats/src/storage.rs","byte_start":11975,"byte_end":11983,"line_start":383,"line_end":383,"column_start":31,"column_end":39,"is_primary":true,"text":[{"text":"    fn poll(mut self, worker: WorkerId) -> Poller<Self::Stream> {","highlight_start":31,"highlight_end":39}],"label":"expected `&Worker<apalis_core::worker::Context>`, found `WorkerId`","suggested_replacement":null,"suggestion_applicability":null,"expansion":null}],"children":[{"message":"expected signature `fn(NatsStorage<_>, &Worker<apalis_core::worker::Context>) -> Poller<_, ()>`\n   found signature `fn(NatsStorage<_>, WorkerId) -> Poller<_, Identity>`","code":null,"level":"note","spans":[],"children":[],"rendered":null},{"message":"change the parameter type to match the trait","code":null,"level":"help","spans":[{"file_name":"packages/apalis-nats/src/storage.rs","byte_start":11975,"byte_end":11983,"line_start":383,"line_end":383,"column_start":31,"column_end":39,"is_primary":true,"text":[{"text":"    fn poll(mut self, worker: WorkerId) -> Poller<Self::Stream> {","highlight_start":31,"highlight_end":39}],"label":null,"suggested_replacement":"&Worker<apalis_core::worker::Context>","suggestion_applicability":"MachineApplicable","expansion":null}],"children":[],"rendered":null}],"rendered":"\u001b[0m\u001b[1m\u001b[38;5;9merror[E0053]\u001b[0m\u001b[0m\u001b[1m: method `poll` has an incompatible type for trait\u001b[0m\n\u001b[0m   \u001b[0m\u001b[0m\u001b[1m\u001b[38;5;12m--> \u001b[0m\u001b[0mpackages/apalis-nats/src/storage.rs:383:31\u001b[0m\n\u001b[0m    \u001b[0m\u001b[0m\u001b[1m\u001b[38;5;12m|\u001b[0m\n\u001b[0m\u001b[1m\u001b[38;5;12m383\u001b[0m\u001b[0m \u001b[0m\u001b[0m\u001b[1m\u001b[38;5;12m|\u001b[0m\u001b[0m \u001b[0m\u001b[0m    fn poll(mut self, worker: WorkerId) -> Poller<Self::Stream> {\u001b[0m\n\u001b[0m    \u001b[0m\u001b[0m\u001b[1m\u001b[38;5;12m|\u001b[0m\u001b[0m                               \u001b[0m\u001b[0m\u001b[1m\u001b[38;5;9m^^^^^^^^\u001b[0m\u001b[0m \u001b[0m\u001b[0m\u001b[1m\u001b[38;5;9mexpected `&Worker<apalis_core::worker::Context>`, found `WorkerId`\u001b[0m\n\u001b[0m    \u001b[0m\u001b[0m\u001b[1m\u001b[38;5;12m|\u001b[0m\n\u001b[0m    \u001b[0m\u001b[0m\u001b[1m\u001b[38;5;12m= \u001b[0m\u001b[0m\u001b[1mnote\u001b[0m\u001b[0m: expected signature `fn(NatsStorage<_>, \u001b[0m\u001b[0m\u001b[1m\u001b[35m&Worker<apalis_core::worker::Context>\u001b[0m\u001b[0m) -> Poller<_, \u001b[0m\u001b[0m\u001b[1m\u001b[35m()\u001b[0m\u001b[0m>`\u001b[0m\n\u001b[0m               found signature `fn(NatsStorage<_>, \u001b[0m\u001b[0m\u001b[1m\u001b[35mWorkerId\u001b[0m\u001b[0m) -> Poller<_, \u001b[0m\u001b[0m\u001b[1m\u001b[35mIdentity\u001b[0m\u001b[0m>`\u001b[0m\n\u001b[0m\u001b[1m\u001b[38;5;14mhelp\u001b[0m\u001b[0m: change the parameter type to match the trait\u001b[0m\n\u001b[0m    \u001b[0m\u001b[0m\u001b[1m\u001b[38;5;12m|\u001b[0m\n\u001b[0m\u001b[1m\u001b[38;5;12m383\u001b[0m\u001b[0m \u001b[0m\u001b[0m\u001b[38;5;9m- \u001b[0m\u001b[0m    fn poll(mut self, worker: \u001b[0m\u001b[0m\u001b[38;5;9mWorkerId\u001b[0m\u001b[0m) -> Poller<Self::Stream> {\u001b[0m\n\u001b[0m\u001b[1m\u001b[38;5;12m383\u001b[0m\u001b[0m \u001b[0m\u001b[0m\u001b[38;5;10m+ \u001b[0m\u001b[0m    fn poll(mut self, worker: \u001b[0m\u001b[0m\u001b[38;5;10m&Worker<apalis_core::worker::Context>\u001b[0m\u001b[0m) -> Poller<Self::Stream> {\u001b[0m\n\u001b[0m    \u001b[0m\u001b[0m\u001b[1m\u001b[38;5;12m|\u001b[0m\n\n"}
{"$message_type":"diagnostic","message":"not all trait items implemented, missing: `Codec`","code":{"code":"E0046","explanation":"Items are missing in a trait implementation.\n\nErroneous code example:\n\n```compile_fail,E0046\ntrait Foo {\n    fn foo();\n}\n\nstruct Bar;\n\nimpl Foo for Bar {}\n// error: not all trait items implemented, missing: `foo`\n```\n\nWhen trying to make some type implement a trait `Foo`, you must, at minimum,\nprovide implementations for all of `Foo`'s required methods (meaning the\nmethods that do not have default implementations), as well as any required\ntrait items like associated types or constants. Example:\n\n```\ntrait Foo {\n    fn foo();\n}\n\nstruct Bar;\n\nimpl Foo for Bar {\n    fn foo() {} // ok!\n}\n```\n"},"level":"error","spans":[{"file_name":"packages/apalis-nats/src/storage.rs","byte_start":11727,"byte_end":11834,"line_start":376,"line_end":378,"column_start":1,"column_end":42,"is_primary":true,"text":[{"text":"impl<T> Backend<Request<T, NatsContext>> for NatsStorage<T>","highlight_start":1,"highlight_end":60},{"text":"where","highlight_start":1,"highlight_end":6},{"text":"    T: DeserializeOwned + Send + 'static,","highlight_start":1,"highlight_end":42}],"label":"missing `Codec` in implementation","suggested_replacement":null,"suggestion_applicability":null,"expansion":null}],"children":[{"message":"implement the missing item: `type Codec = /* Type */;`","code":null,"level":"help","spans":[{"file_name":"packages/apalis-nats/src/storage.rs","byte_start":15535,"byte_end":15535,"line_start":454,"line_end":454,"column_start":1,"column_end":1,"is_primary":true,"text":[{"text":"}","highlight_start":1,"highlight_end":1}],"label":null,"suggested_replacement":"type Codec = /* Type */;\n","suggestion_applicability":"HasPlaceholders","expansion":null}],"children":[],"rendered":null}],"rendered":"\u001b[0m\u001b[1m\u001b[38;5;9merror[E0046]\u001b[0m\u001b[0m\u001b[1m: not all trait items implemented, missing: `Codec`\u001b[0m\n\u001b[0m   \u001b[0m\u001b[0m\u001b[1m\u001b[38;5;12m--> \u001b[0m\u001b[0mpackages/apalis-nats/src/storage.rs:376:1\u001b[0m\n\u001b[0m    \u001b[0m\u001b[0m\u001b[1m\u001b[38;5;12m|\u001b[0m\n\u001b[0m\u001b[1m\u001b[38;5;12m376\u001b[0m\u001b[0m \u001b[0m\u001b[0m\u001b[1m\u001b[38;5;12m|\u001b[0m\u001b[0m \u001b[0m\u001b[0m\u001b[1m\u001b[38;5;9m/\u001b[0m\u001b[0m \u001b[0m\u001b[0mimpl<T> Backend<Request<T, NatsContext>> for NatsStorage<T>\u001b[0m\n\u001b[0m\u001b[1m\u001b[38;5;12m377\u001b[0m\u001b[0m \u001b[0m\u001b[0m\u001b[1m\u001b[38;5;12m|\u001b[0m\u001b[0m \u001b[0m\u001b[0m\u001b[1m\u001b[38;5;9m|\u001b[0m\u001b[0m \u001b[0m\u001b[0mwhere\u001b[0m\n\u001b[0m\u001b[1m\u001b[38;5;12m378\u001b[0m\u001b[0m \u001b[0m\u001b[0m\u001b[1m\u001b[38;5;12m|\u001b[0m\u001b[0m \u001b[0m\u001b[0m\u001b[1m\u001b[38;5;9m|\u001b[0m\u001b[0m \u001b[0m\u001b[0m    T: DeserializeOwned + Send + 'static,\u001b[0m\n\u001b[0m    \u001b[0m\u001b[0m\u001b[1m\u001b[38;5;12m|\u001b[0m\u001b[0m \u001b[0m\u001b[0m\u001b[1m\u001b[38;5;9m|_________________________________________^\u001b[0m\u001b[0m \u001b[0m\u001b[0m\u001b[1m\u001b[38;5;9mmissing `Codec` in implementation\u001b[0m\n\u001b[0m    \u001b[0m\u001b[0m\u001b[1m\u001b[38;5;12m|\u001b[0m\n\u001b[0m    \u001b[0m\u001b[0m\u001b[1m\u001b[38;5;12m= \u001b[0m\u001b[0m\u001b[1mhelp\u001b[0m\u001b[0m: \u001b[0m\u001b[0mimplement the missing item: `type Codec = /* Type */;`\u001b[0m\n\n"}
{"$message_type":"diagnostic","message":"the trait bound `impl Into<String>: ToServerAddrs` is not satisfied","code":{"code":"E0277","explanation":"You tried to use a type which doesn't implement some trait in a place which\nexpected that trait.\n\nErroneous code example:\n\n```compile_fail,E0277\n// here we declare the Foo trait with a bar method\ntrait Foo {\n    fn bar(&self);\n}\n\n// we now declare a function which takes an object implementing the Foo trait\nfn some_func<T: Foo>(foo: T) {\n    foo.bar();\n}\n\nfn main() {\n    // we now call the method with the i32 type, which doesn't implement\n    // the Foo trait\n    some_func(5i32); // error: the trait bound `i32 : Foo` is not satisfied\n}\n```\n\nIn order to fix this error, verify that the type you're using does implement\nthe trait. Example:\n\n```\ntrait Foo {\n    fn bar(&self);\n}\n\n// we implement the trait on the i32 type\nimpl Foo for i32 {\n    fn bar(&self) {}\n}\n\nfn some_func<T: Foo>(foo: T) {\n    foo.bar(); // we can now use this method since i32 implements the\n               // Foo trait\n}\n\nfn main() {\n    some_func(5i32); // ok!\n}\n```\n\nOr in a generic context, an erroneous code example would look like:\n\n```compile_fail,E0277\nfn some_func<T>(foo: T) {\n    println!(\"{:?}\", foo); // error: the trait `core::fmt::Debug` is not\n                           //        implemented for the type `T`\n}\n\nfn main() {\n    // We now call the method with the i32 type,\n    // which *does* implement the Debug trait.\n    some_func(5i32);\n}\n```\n\nNote that the error here is in the definition of the generic function. Although\nwe only call it with a parameter that does implement `Debug`, the compiler\nstill rejects the function. It must work with all possible input types. In\norder to make this example compile, we need to restrict the generic type we're\naccepting:\n\n```\nuse std::fmt;\n\n// Restrict the input type to types that implement Debug.\nfn some_func<T: fmt::Debug>(foo: T) {\n    println!(\"{:?}\", foo);\n}\n\nfn main() {\n    // Calling the method is still fine, as i32 implements Debug.\n    some_func(5i32);\n\n    // This would fail to compile now:\n    // struct WithoutDebug;\n    // some_func(WithoutDebug);\n}\n```\n\nRust only looks at the signature of the called function, as such it must\nalready specify all requirements that will be used for every type parameter.\n"},"level":"error","spans":[{"file_name":"packages/apalis-nats/src/storage.rs","byte_start":4321,"byte_end":4324,"line_start":166,"line_end":166,"column_start":25,"column_end":28,"is_primary":true,"text":[{"text":"    async_nats::connect(url).await","highlight_start":25,"highlight_end":28}],"label":"the trait `ToServerAddrs` is not implemented for `impl Into<String>`","suggested_replacement":null,"suggestion_applicability":null,"expansion":null},{"file_name":"packages/apalis-nats/src/storage.rs","byte_start":4301,"byte_end":4320,"line_start":166,"line_end":166,"column_start":5,"column_end":24,"is_primary":false,"text":[{"text":"    async_nats::connect(url).await","highlight_start":5,"highlight_end":24}],"label":"required by a bound introduced by this call","suggested_replacement":null,"suggestion_applicability":null,"expansion":null}],"children":[{"message":"required by a bound in `async_nats::connect`","code":null,"level":"note","spans":[{"file_name":"/Users/milanender/.cargo/registry/src/index.crates.io-1949cf8c6b5b557f/async-nats-0.35.1/src/lib.rs","byte_start":35187,"byte_end":35200,"line_start":1069,"line_end":1069,"column_start":25,"column_end":38,"is_primary":true,"text":[{"text":"pub async fn connect<A: ToServerAddrs>(addrs: A) -> Result<Client, ConnectError> {","highlight_start":25,"highlight_end":38}],"label":"required by this bound in `connect`","suggested_replacement":null,"suggestion_applicability":null,"expansion":null}],"children":[],"rendered":null},{"message":"consider restricting opaque type `impl Into<String>` with trait `ToServerAddrs`","code":null,"level":"help","spans":[{"file_name":"packages/apalis-nats/src/storage.rs","byte_start":4261,"byte_end":4261,"line_start":165,"line_end":165,"column_start":44,"column_end":44,"is_primary":true,"text":[{"text":"pub async fn connect(url: impl Into<String>) -> Result<Client, ConnectError> {","highlight_start":44,"highlight_end":44}],"label":null,"suggested_replacement":" + async_nats::ToServerAddrs","suggestion_applicability":"MachineApplicable","expansion":null}],"children":[],"rendered":null}],"rendered":"\u001b[0m\u001b[1m\u001b[38;5;9merror[E0277]\u001b[0m\u001b[0m\u001b[1m: the trait bound `impl Into<String>: ToServerAddrs` is not satisfied\u001b[0m\n\u001b[0m    \u001b[0m\u001b[0m\u001b[1m\u001b[38;5;12m--> \u001b[0m\u001b[0mpackages/apalis-nats/src/storage.rs:166:25\u001b[0m\n\u001b[0m     \u001b[0m\u001b[0m\u001b[1m\u001b[38;5;12m|\u001b[0m\n\u001b[0m\u001b[1m\u001b[38;5;12m166\u001b[0m\u001b[0m  \u001b[0m\u001b[0m\u001b[1m\u001b[38;5;12m|\u001b[0m\u001b[0m \u001b[0m\u001b[0m    async_nats::connect(url).await\u001b[0m\n\u001b[0m     \u001b[0m\u001b[0m\u001b[1m\u001b[38;5;12m|\u001b[0m\u001b[0m     \u001b[0m\u001b[0m\u001b[1m\u001b[38;5;12m-------------------\u001b[0m\u001b[0m \u001b[0m\u001b[0m\u001b[1m\u001b[38;5;9m^^^\u001b[0m\u001b[0m \u001b[0m\u001b[0m\u001b[1m\u001b[38;5;9mthe trait `ToServerAddrs` is not implemented for `impl Into<String>`\u001b[0m\n\u001b[0m     \u001b[0m\u001b[0m\u001b[1m\u001b[38;5;12m|\u001b[0m\u001b[0m     \u001b[0m\u001b[0m\u001b[1m\u001b[38;5;12m|\u001b[0m\n\u001b[0m     \u001b[0m\u001b[0m\u001b[1m\u001b[38;5;12m|\u001b[0m\u001b[0m     \u001b[0m\u001b[0m\u001b[1m\u001b[38;5;12mrequired by a bound introduced by this call\u001b[0m\n\u001b[0m     \u001b[0m\u001b[0m\u001b[1m\u001b[38;5;12m|\u001b[0m\n\u001b[0m\u001b[1m\u001b[38;5;10mnote\u001b[0m\u001b[0m: required by a bound in `async_nats::connect`\u001b[0m\n\u001b[0m    \u001b[0m\u001b[0m\u001b[1m\u001b[38;5;12m--> \u001b[0m\u001b[0m/Users/milanender/.cargo/registry/src/index.crates.io-1949cf8c6b5b557f/async-nats-0.35.1/src/lib.rs:1069:25\u001b[0m\n\u001b[0m     \u001b[0m\u001b[0m\u001b[1m\u001b[38;5;12m|\u001b[0m\n\u001b[0m\u001b[1m\u001b[38;5;12m1069\u001b[0m\u001b[0m \u001b[0m\u001b[0m\u001b[1m\u001b[38;5;12m|\u001b[0m\u001b[0m \u001b[0m\u001b[0mpub async fn connect<A: ToServerAddrs>(addrs: A) -> Result<Client, ConnectError> {\u001b[0m\n\u001b[0m     \u001b[0m\u001b[0m\u001b[1m\u001b[38;5;12m|\u001b[0m\u001b[0m                         \u001b[0m\u001b[0m\u001b[1m\u001b[38;5;10m^^^^^^^^^^^^^\u001b[0m\u001b[0m \u001b[0m\u001b[0m\u001b[1m\u001b[38;5;10mrequired by this bound in `connect`\u001b[0m\n\u001b[0m\u001b[1m\u001b[38;5;14mhelp\u001b[0m\u001b[0m: consider restricting opaque type `impl Into<String>` with trait `ToServerAddrs`\u001b[0m\n\u001b[0m     \u001b[0m\u001b[0m\u001b[1m\u001b[38;5;12m|\u001b[0m\n\u001b[0m\u001b[1m\u001b[38;5;12m165\u001b[0m\u001b[0m  \u001b[0m\u001b[0m\u001b[1m\u001b[38;5;12m| \u001b[0m\u001b[0mpub async fn connect(url: impl Into<String>\u001b[0m\u001b[0m\u001b[38;5;10m + async_nats::ToServerAddrs\u001b[0m\u001b[0m) -> Result<Client, ConnectError> {\u001b[0m\n\u001b[0m     \u001b[0m\u001b[0m\u001b[1m\u001b[38;5;12m|\u001b[0m\u001b[0m                                             \u001b[0m\u001b[0m\u001b[38;5;10m+++++++++++++++++++++++++++\u001b[0m\n\n"}
{"$message_type":"diagnostic","message":"the trait bound `impl Into<String>: ToServerAddrs` is not satisfied","code":{"code":"E0277","explanation":"You tried to use a type which doesn't implement some trait in a place which\nexpected that trait.\n\nErroneous code example:\n\n```compile_fail,E0277\n// here we declare the Foo trait with a bar method\ntrait Foo {\n    fn bar(&self);\n}\n\n// we now declare a function which takes an object implementing the Foo trait\nfn some_func<T: Foo>(foo: T) {\n    foo.bar();\n}\n\nfn main() {\n    // we now call the method with the i32 type, which doesn't implement\n    // the Foo trait\n    some_func(5i32); // error: the trait bound `i32 : Foo` is not satisfied\n}\n```\n\nIn order to fix this error, verify that the type you're using does implement\nthe trait. Example:\n\n```\ntrait Foo {\n    fn bar(&self);\n}\n\n// we implement the trait on the i32 type\nimpl Foo for i32 {\n    fn bar(&self) {}\n}\n\nfn some_func<T: Foo>(foo: T) {\n    foo.bar(); // we can now use this method since i32 implements the\n               // Foo trait\n}\n\nfn main() {\n    some_func(5i32); // ok!\n}\n```\n\nOr in a generic context, an erroneous code example would look like:\n\n```compile_fail,E0277\nfn some_func<T>(foo: T) {\n    println!(\"{:?}\", foo); // error: the trait `core::fmt::Debug` is not\n                           //        implemented for the type `T`\n}\n\nfn main() {\n    // We now call the method with the i32 type,\n    // which *does* implement the Debug trait.\n    some_func(5i32);\n}\n```\n\nNote that the error here is in the definition of the generic function. Although\nwe only call it with a parameter that does implement `Debug`, the compiler\nstill rejects the function. It must work with all possible input types. In\norder to make this example compile, we need to restrict the generic type we're\naccepting:\n\n```\nuse std::fmt;\n\n// Restrict the input type to types that implement Debug.\nfn some_func<T: fmt::Debug>(foo: T) {\n    println!(\"{:?}\", foo);\n}\n\nfn main() {\n    // Calling the method is still fine, as i32 implements Debug.\n    some_func(5i32);\n\n    // This would fail to compile now:\n    // struct WithoutDebug;\n    // some_func(WithoutDebug);\n}\n```\n\nRust only looks at the signature of the called function, as such it must\nalready specify all requirements that will be used for every type parameter.\n"},"level":"error","spans":[{"file_name":"packages/apalis-nats/src/storage.rs","byte_start":4301,"byte_end":4325,"line_start":166,"line_end":166,"column_start":5,"column_end":29,"is_primary":true,"text":[{"text":"    async_nats::connect(url).await","highlight_start":5,"highlight_end":29}],"label":"the trait `ToServerAddrs` is not implemented for `impl Into<String>`","suggested_replacement":null,"suggestion_applicability":null,"expansion":null}],"children":[{"message":"required by a bound in `async_nats::connect`","code":null,"level":"note","spans":[{"file_name":"/Users/milanender/.cargo/registry/src/index.crates.io-1949cf8c6b5b557f/async-nats-0.35.1/src/lib.rs","byte_start":35187,"byte_end":35200,"line_start":1069,"line_end":1069,"column_start":25,"column_end":38,"is_primary":true,"text":[{"text":"pub async fn connect<A: ToServerAddrs>(addrs: A) -> Result<Client, ConnectError> {","highlight_start":25,"highlight_end":38}],"label":"required by this bound in `connect`","suggested_replacement":null,"suggestion_applicability":null,"expansion":null}],"children":[],"rendered":null},{"message":"consider restricting opaque type `impl Into<String>` with trait `ToServerAddrs`","code":null,"level":"help","spans":[{"file_name":"packages/apalis-nats/src/storage.rs","byte_start":4261,"byte_end":4261,"line_start":165,"line_end":165,"column_start":44,"column_end":44,"is_primary":true,"text":[{"text":"pub async fn connect(url: impl Into<String>) -> Result<Client, ConnectError> {","highlight_start":44,"highlight_end":44}],"label":null,"suggested_replacement":" + async_nats::ToServerAddrs","suggestion_applicability":"MachineApplicable","expansion":null}],"children":[],"rendered":null}],"rendered":"\u001b[0m\u001b[1m\u001b[38;5;9merror[E0277]\u001b[0m\u001b[0m\u001b[1m: the trait bound `impl Into<String>: ToServerAddrs` is not satisfied\u001b[0m\n\u001b[0m    \u001b[0m\u001b[0m\u001b[1m\u001b[38;5;12m--> \u001b[0m\u001b[0mpackages/apalis-nats/src/storage.rs:166:5\u001b[0m\n\u001b[0m     \u001b[0m\u001b[0m\u001b[1m\u001b[38;5;12m|\u001b[0m\n\u001b[0m\u001b[1m\u001b[38;5;12m166\u001b[0m\u001b[0m  \u001b[0m\u001b[0m\u001b[1m\u001b[38;5;12m|\u001b[0m\u001b[0m \u001b[0m\u001b[0m    async_nats::connect(url).await\u001b[0m\n\u001b[0m     \u001b[0m\u001b[0m\u001b[1m\u001b[38;5;12m|\u001b[0m\u001b[0m     \u001b[0m\u001b[0m\u001b[1m\u001b[38;5;9m^^^^^^^^^^^^^^^^^^^^^^^^\u001b[0m\u001b[0m \u001b[0m\u001b[0m\u001b[1m\u001b[38;5;9mthe trait `ToServerAddrs` is not implemented for `impl Into<String>`\u001b[0m\n\u001b[0m     \u001b[0m\u001b[0m\u001b[1m\u001b[38;5;12m|\u001b[0m\n\u001b[0m\u001b[1m\u001b[38;5;10mnote\u001b[0m\u001b[0m: required by a bound in `async_nats::connect`\u001b[0m\n\u001b[0m    \u001b[0m\u001b[0m\u001b[1m\u001b[38;5;12m--> \u001b[0m\u001b[0m/Users/milanender/.cargo/registry/src/index.crates.io-1949cf8c6b5b557f/async-nats-0.35.1/src/lib.rs:1069:25\u001b[0m\n\u001b[0m     \u001b[0m\u001b[0m\u001b[1m\u001b[38;5;12m|\u001b[0m\n\u001b[0m\u001b[1m\u001b[38;5;12m1069\u001b[0m\u001b[0m \u001b[0m\u001b[0m\u001b[1m\u001b[38;5;12m|\u001b[0m\u001b[0m \u001b[0m\u001b[0mpub async fn connect<A: ToServerAddrs>(addrs: A) -> Result<Client, ConnectError> {\u001b[0m\n\u001b[0m     \u001b[0m\u001b[0m\u001b[1m\u001b[38;5;12m|\u001b[0m\u001b[0m                         \u001b[0m\u001b[0m\u001b[1m\u001b[38;5;10m^^^^^^^^^^^^^\u001b[0m\u001b[0m \u001b[0m\u001b[0m\u001b[1m\u001b[38;5;10mrequired by this bound in `connect`\u001b[0m\n\u001b[0m\u001b[1m\u001b[38;5;14mhelp\u001b[0m\u001b[0m: consider restricting opaque type `impl Into<String>` with trait `ToServerAddrs`\u001b[0m\n\u001b[0m     \u001b[0m\u001b[0m\u001b[1m\u001b[38;5;12m|\u001b[0m\n\u001b[0m\u001b[1m\u001b[38;5;12m165\u001b[0m\u001b[0m  \u001b[0m\u001b[0m\u001b[1m\u001b[38;5;12m| \u001b[0m\u001b[0mpub async fn connect(url: impl Into<String>\u001b[0m\u001b[0m\u001b[38;5;10m + async_nats::ToServerAddrs\u001b[0m\u001b[0m) -> Result<Client, ConnectError> {\u001b[0m\n\u001b[0m     \u001b[0m\u001b[0m\u001b[1m\u001b[38;5;12m|\u001b[0m\u001b[0m                                             \u001b[0m\u001b[0m\u001b[38;5;10m+++++++++++++++++++++++++++\u001b[0m\n\n"}
{"$message_type":"diagnostic","message":"the trait bound `impl Into<String>: ToServerAddrs` is not satisfied","code":{"code":"E0277","explanation":"You tried to use a type which doesn't implement some trait in a place which\nexpected that trait.\n\nErroneous code example:\n\n```compile_fail,E0277\n// here we declare the Foo trait with a bar method\ntrait Foo {\n    fn bar(&self);\n}\n\n// we now declare a function which takes an object implementing the Foo trait\nfn some_func<T: Foo>(foo: T) {\n    foo.bar();\n}\n\nfn main() {\n    // we now call the method with the i32 type, which doesn't implement\n    // the Foo trait\n    some_func(5i32); // error: the trait bound `i32 : Foo` is not satisfied\n}\n```\n\nIn order to fix this error, verify that the type you're using does implement\nthe trait. Example:\n\n```\ntrait Foo {\n    fn bar(&self);\n}\n\n// we implement the trait on the i32 type\nimpl Foo for i32 {\n    fn bar(&self) {}\n}\n\nfn some_func<T: Foo>(foo: T) {\n    foo.bar(); // we can now use this method since i32 implements the\n               // Foo trait\n}\n\nfn main() {\n    some_func(5i32); // ok!\n}\n```\n\nOr in a generic context, an erroneous code example would look like:\n\n```compile_fail,E0277\nfn some_func<T>(foo: T) {\n    println!(\"{:?}\", foo); // error: the trait `core::fmt::Debug` is not\n                           //        implemented for the type `T`\n}\n\nfn main() {\n    // We now call the method with the i32 type,\n    // which *does* implement the Debug trait.\n    some_func(5i32);\n}\n```\n\nNote that the error here is in the definition of the generic function. Although\nwe only call it with a parameter that does implement `Debug`, the compiler\nstill rejects the function. It must work with all possible input types. In\norder to make this example compile, we need to restrict the generic type we're\naccepting:\n\n```\nuse std::fmt;\n\n// Restrict the input type to types that implement Debug.\nfn some_func<T: fmt::Debug>(foo: T) {\n    println!(\"{:?}\", foo);\n}\n\nfn main() {\n    // Calling the method is still fine, as i32 implements Debug.\n    some_func(5i32);\n\n    // This would fail to compile now:\n    // struct WithoutDebug;\n    // some_func(WithoutDebug);\n}\n```\n\nRust only looks at the signature of the called function, as such it must\nalready specify all requirements that will be used for every type parameter.\n"},"level":"error","spans":[{"file_name":"packages/apalis-nats/src/storage.rs","byte_start":4326,"byte_end":4331,"line_start":166,"line_end":166,"column_start":30,"column_end":35,"is_primary":true,"text":[{"text":"    async_nats::connect(url).await","highlight_start":30,"highlight_end":35}],"label":"the trait `ToServerAddrs` is not implemented for `impl Into<String>`","suggested_replacement":null,"suggestion_applicability":null,"expansion":{"span":{"file_name":"packages/apalis-nats/src/storage.rs","byte_start":4326,"byte_end":4331,"line_start":166,"line_end":166,"column_start":30,"column_end":35,"is_primary":false,"text":[{"text":"    async_nats::connect(url).await","highlight_start":30,"highlight_end":35}],"label":null,"suggested_replacement":null,"suggestion_applicability":null,"expansion":null},"macro_decl_name":"desugaring of `await` expression","def_site_span":{"file_name":"packages/apalis-nats/src/lib.rs","byte_start":0,"byte_end":0,"line_start":1,"line_end":1,"column_start":1,"column_end":1,"is_primary":false,"text":[],"label":null,"suggested_replacement":null,"suggestion_applicability":null,"expansion":null}}}],"children":[{"message":"required by a bound in `async_nats::connect`","code":null,"level":"note","spans":[{"file_name":"/Users/milanender/.cargo/registry/src/index.crates.io-1949cf8c6b5b557f/async-nats-0.35.1/src/lib.rs","byte_start":35187,"byte_end":35200,"line_start":1069,"line_end":1069,"column_start":25,"column_end":38,"is_primary":true,"text":[{"text":"pub async fn connect<A: ToServerAddrs>(addrs: A) -> Result<Client, ConnectError> {","highlight_start":25,"highlight_end":38}],"label":"required by this bound in `connect`","suggested_replacement":null,"suggestion_applicability":null,"expansion":null}],"children":[],"rendered":null},{"message":"consider restricting opaque type `impl Into<String>` with trait `ToServerAddrs`","code":null,"level":"help","spans":[{"file_name":"packages/apalis-nats/src/storage.rs","byte_start":4261,"byte_end":4261,"line_start":165,"line_end":165,"column_start":44,"column_end":44,"is_primary":true,"text":[{"text":"pub async fn connect(url: impl Into<String>) -> Result<Client, ConnectError> {","highlight_start":44,"highlight_end":44}],"label":null,"suggested_replacement":" + async_nats::ToServerAddrs","suggestion_applicability":"MachineApplicable","expansion":null}],"children":[],"rendered":null}],"rendered":"\u001b[0m\u001b[1m\u001b[38;5;9merror[E0277]\u001b[0m\u001b[0m\u001b[1m: the trait bound `impl Into<String>: ToServerAddrs` is not satisfied\u001b[0m\n\u001b[0m    \u001b[0m\u001b[0m\u001b[1m\u001b[38;5;12m--> \u001b[0m\u001b[0mpackages/apalis-nats/src/storage.rs:166:30\u001b[0m\n\u001b[0m     \u001b[0m\u001b[0m\u001b[1m\u001b[38;5;12m|\u001b[0m\n\u001b[0m\u001b[1m\u001b[38;5;12m166\u001b[0m\u001b[0m  \u001b[0m\u001b[0m\u001b[1m\u001b[38;5;12m|\u001b[0m\u001b[0m \u001b[0m\u001b[0m    async_nats::connect(url).await\u001b[0m\n\u001b[0m     \u001b[0m\u001b[0m\u001b[1m\u001b[38;5;12m|\u001b[0m\u001b[0m                              \u001b[0m\u001b[0m\u001b[1m\u001b[38;5;9m^^^^^\u001b[0m\u001b[0m \u001b[0m\u001b[0m\u001b[1m\u001b[38;5;9mthe trait `ToServerAddrs` is not implemented for `impl Into<String>`\u001b[0m\n\u001b[0m     \u001b[0m\u001b[0m\u001b[1m\u001b[38;5;12m|\u001b[0m\n\u001b[0m\u001b[1m\u001b[38;5;10mnote\u001b[0m\u001b[0m: required by a bound in `async_nats::connect`\u001b[0m\n\u001b[0m    \u001b[0m\u001b[0m\u001b[1m\u001b[38;5;12m--> \u001b[0m\u001b[0m/Users/milanender/.cargo/registry/src/index.crates.io-1949cf8c6b5b557f/async-nats-0.35.1/src/lib.rs:1069:25\u001b[0m\n\u001b[0m     \u001b[0m\u001b[0m\u001b[1m\u001b[38;5;12m|\u001b[0m\n\u001b[0m\u001b[1m\u001b[38;5;12m1069\u001b[0m\u001b[0m \u001b[0m\u001b[0m\u001b[1m\u001b[38;5;12m|\u001b[0m\u001b[0m \u001b[0m\u001b[0mpub async fn connect<A: ToServerAddrs>(addrs: A) -> Result<Client, ConnectError> {\u001b[0m\n\u001b[0m     \u001b[0m\u001b[0m\u001b[1m\u001b[38;5;12m|\u001b[0m\u001b[0m                         \u001b[0m\u001b[0m\u001b[1m\u001b[38;5;10m^^^^^^^^^^^^^\u001b[0m\u001b[0m \u001b[0m\u001b[0m\u001b[1m\u001b[38;5;10mrequired by this bound in `connect`\u001b[0m\n\u001b[0m\u001b[1m\u001b[38;5;14mhelp\u001b[0m\u001b[0m: consider restricting opaque type `impl Into<String>` with trait `ToServerAddrs`\u001b[0m\n\u001b[0m     \u001b[0m\u001b[0m\u001b[1m\u001b[38;5;12m|\u001b[0m\n\u001b[0m\u001b[1m\u001b[38;5;12m165\u001b[0m\u001b[0m  \u001b[0m\u001b[0m\u001b[1m\u001b[38;5;12m| \u001b[0m\u001b[0mpub async fn connect(url: impl Into<String>\u001b[0m\u001b[0m\u001b[38;5;10m + async_nats::ToServerAddrs\u001b[0m\u001b[0m) -> Result<Client, ConnectError> {\u001b[0m\n\u001b[0m     \u001b[0m\u001b[0m\u001b[1m\u001b[38;5;12m|\u001b[0m\u001b[0m                                             \u001b[0m\u001b[0m\u001b[38;5;10m+++++++++++++++++++++++++++\u001b[0m\n\n"}
{"$message_type":"diagnostic","message":"the trait bound `NatsPollError: From<async_nats::error::Error<CreateStreamErrorKind>>` is not satisfied","code":{"code":"E0277","explanation":"You tried to use a type which doesn't implement some trait in a place which\nexpected that trait.\n\nErroneous code example:\n\n```compile_fail,E0277\n// here we declare the Foo trait with a bar method\ntrait Foo {\n    fn bar(&self);\n}\n\n// we now declare a function which takes an object implementing the Foo trait\nfn some_func<T: Foo>(foo: T) {\n    foo.bar();\n}\n\nfn main() {\n    // we now call the method with the i32 type, which doesn't implement\n    // the Foo trait\n    some_func(5i32); // error: the trait bound `i32 : Foo` is not satisfied\n}\n```\n\nIn order to fix this error, verify that the type you're using does implement\nthe trait. Example:\n\n```\ntrait Foo {\n    fn bar(&self);\n}\n\n// we implement the trait on the i32 type\nimpl Foo for i32 {\n    fn bar(&self) {}\n}\n\nfn some_func<T: Foo>(foo: T) {\n    foo.bar(); // we can now use this method since i32 implements the\n               // Foo trait\n}\n\nfn main() {\n    some_func(5i32); // ok!\n}\n```\n\nOr in a generic context, an erroneous code example would look like:\n\n```compile_fail,E0277\nfn some_func<T>(foo: T) {\n    println!(\"{:?}\", foo); // error: the trait `core::fmt::Debug` is not\n                           //        implemented for the type `T`\n}\n\nfn main() {\n    // We now call the method with the i32 type,\n    // which *does* implement the Debug trait.\n    some_func(5i32);\n}\n```\n\nNote that the error here is in the definition of the generic function. Although\nwe only call it with a parameter that does implement `Debug`, the compiler\nstill rejects the function. It must work with all possible input types. In\norder to make this example compile, we need to restrict the generic type we're\naccepting:\n\n```\nuse std::fmt;\n\n// Restrict the input type to types that implement Debug.\nfn some_func<T: fmt::Debug>(foo: T) {\n    println!(\"{:?}\", foo);\n}\n\nfn main() {\n    // Calling the method is still fine, as i32 implements Debug.\n    some_func(5i32);\n\n    // This would fail to compile now:\n    // struct WithoutDebug;\n    // some_func(WithoutDebug);\n}\n```\n\nRust only looks at the signature of the called function, as such it must\nalready specify all requirements that will be used for every type parameter.\n"},"level":"error","spans":[{"file_name":"packages/apalis-nats/src/storage.rs","byte_start":5782,"byte_end":5786,"line_start":201,"line_end":201,"column_start":34,"column_end":38,"is_primary":true,"text":[{"text":"                    return Err(e.into());","highlight_start":34,"highlight_end":38}],"label":"the trait `From<async_nats::error::Error<CreateStreamErrorKind>>` is not implemented for `NatsPollError`","suggested_replacement":null,"suggestion_applicability":null,"expansion":null}],"children":[{"message":"the following other types implement trait `From<T>`:\n  `NatsPollError` implements `From<Box<dyn StdError + std::marker::Send + Sync>>`\n  `NatsPollError` implements `From<async_nats::jetstream::Error>`\n  `NatsPollError` implements `From<serde_json::Error>`","code":null,"level":"help","spans":[],"children":[],"rendered":null},{"message":"required for `async_nats::error::Error<CreateStreamErrorKind>` to implement `Into<NatsPollError>`","code":null,"level":"note","spans":[],"children":[],"rendered":null}],"rendered":"\u001b[0m\u001b[1m\u001b[38;5;9merror[E0277]\u001b[0m\u001b[0m\u001b[1m: the trait bound `NatsPollError: From<async_nats::error::Error<CreateStreamErrorKind>>` is not satisfied\u001b[0m\n\u001b[0m   \u001b[0m\u001b[0m\u001b[1m\u001b[38;5;12m--> \u001b[0m\u001b[0mpackages/apalis-nats/src/storage.rs:201:34\u001b[0m\n\u001b[0m    \u001b[0m\u001b[0m\u001b[1m\u001b[38;5;12m|\u001b[0m\n\u001b[0m\u001b[1m\u001b[38;5;12m201\u001b[0m\u001b[0m \u001b[0m\u001b[0m\u001b[1m\u001b[38;5;12m|\u001b[0m\u001b[0m \u001b[0m\u001b[0m                    return Err(e.into());\u001b[0m\n\u001b[0m    \u001b[0m\u001b[0m\u001b[1m\u001b[38;5;12m|\u001b[0m\u001b[0m                                  \u001b[0m\u001b[0m\u001b[1m\u001b[38;5;9m^^^^\u001b[0m\u001b[0m \u001b[0m\u001b[0m\u001b[1m\u001b[38;5;9mthe trait `From<async_nats::error::Error<CreateStreamErrorKind>>` is not implemented for `NatsPollError`\u001b[0m\n\u001b[0m    \u001b[0m\u001b[0m\u001b[1m\u001b[38;5;12m|\u001b[0m\n\u001b[0m    \u001b[0m\u001b[0m\u001b[1m\u001b[38;5;12m= \u001b[0m\u001b[0m\u001b[1mhelp\u001b[0m\u001b[0m: the following other types implement trait `From<T>`:\u001b[0m\n\u001b[0m              `NatsPollError` implements `From<Box<dyn StdError + std::marker::Send + Sync>>`\u001b[0m\n\u001b[0m              `NatsPollError` implements `From<async_nats::jetstream::Error>`\u001b[0m\n\u001b[0m              `NatsPollError` implements `From<serde_json::Error>`\u001b[0m\n\u001b[0m    \u001b[0m\u001b[0m\u001b[1m\u001b[38;5;12m= \u001b[0m\u001b[0m\u001b[1mnote\u001b[0m\u001b[0m: required for `async_nats::error::Error<CreateStreamErrorKind>` to implement `Into<NatsPollError>`\u001b[0m\n\n"}
{"$message_type":"diagnostic","message":"the trait bound `NatsPollError: From<async_nats::error::Error<CreateStreamErrorKind>>` is not satisfied","code":{"code":"E0277","explanation":"You tried to use a type which doesn't implement some trait in a place which\nexpected that trait.\n\nErroneous code example:\n\n```compile_fail,E0277\n// here we declare the Foo trait with a bar method\ntrait Foo {\n    fn bar(&self);\n}\n\n// we now declare a function which takes an object implementing the Foo trait\nfn some_func<T: Foo>(foo: T) {\n    foo.bar();\n}\n\nfn main() {\n    // we now call the method with the i32 type, which doesn't implement\n    // the Foo trait\n    some_func(5i32); // error: the trait bound `i32 : Foo` is not satisfied\n}\n```\n\nIn order to fix this error, verify that the type you're using does implement\nthe trait. Example:\n\n```\ntrait Foo {\n    fn bar(&self);\n}\n\n// we implement the trait on the i32 type\nimpl Foo for i32 {\n    fn bar(&self) {}\n}\n\nfn some_func<T: Foo>(foo: T) {\n    foo.bar(); // we can now use this method since i32 implements the\n               // Foo trait\n}\n\nfn main() {\n    some_func(5i32); // ok!\n}\n```\n\nOr in a generic context, an erroneous code example would look like:\n\n```compile_fail,E0277\nfn some_func<T>(foo: T) {\n    println!(\"{:?}\", foo); // error: the trait `core::fmt::Debug` is not\n                           //        implemented for the type `T`\n}\n\nfn main() {\n    // We now call the method with the i32 type,\n    // which *does* implement the Debug trait.\n    some_func(5i32);\n}\n```\n\nNote that the error here is in the definition of the generic function. Although\nwe only call it with a parameter that does implement `Debug`, the compiler\nstill rejects the function. It must work with all possible input types. In\norder to make this example compile, we need to restrict the generic type we're\naccepting:\n\n```\nuse std::fmt;\n\n// Restrict the input type to types that implement Debug.\nfn some_func<T: fmt::Debug>(foo: T) {\n    println!(\"{:?}\", foo);\n}\n\nfn main() {\n    // Calling the method is still fine, as i32 implements Debug.\n    some_func(5i32);\n\n    // This would fail to compile now:\n    // struct WithoutDebug;\n    // some_func(WithoutDebug);\n}\n```\n\nRust only looks at the signature of the called function, as such it must\nalready specify all requirements that will be used for every type parameter.\n"},"level":"error","spans":[{"file_name":"packages/apalis-nats/src/storage.rs","byte_start":6712,"byte_end":6716,"line_start":224,"line_end":224,"column_start":34,"column_end":38,"is_primary":true,"text":[{"text":"                    return Err(e.into());","highlight_start":34,"highlight_end":38}],"label":"the trait `From<async_nats::error::Error<CreateStreamErrorKind>>` is not implemented for `NatsPollError`","suggested_replacement":null,"suggestion_applicability":null,"expansion":null}],"children":[{"message":"the following other types implement trait `From<T>`:\n  `NatsPollError` implements `From<Box<dyn StdError + std::marker::Send + Sync>>`\n  `NatsPollError` implements `From<async_nats::jetstream::Error>`\n  `NatsPollError` implements `From<serde_json::Error>`","code":null,"level":"help","spans":[],"children":[],"rendered":null},{"message":"required for `async_nats::error::Error<CreateStreamErrorKind>` to implement `Into<NatsPollError>`","code":null,"level":"note","spans":[],"children":[],"rendered":null}],"rendered":"\u001b[0m\u001b[1m\u001b[38;5;9merror[E0277]\u001b[0m\u001b[0m\u001b[1m: the trait bound `NatsPollError: From<async_nats::error::Error<CreateStreamErrorKind>>` is not satisfied\u001b[0m\n\u001b[0m   \u001b[0m\u001b[0m\u001b[1m\u001b[38;5;12m--> \u001b[0m\u001b[0mpackages/apalis-nats/src/storage.rs:224:34\u001b[0m\n\u001b[0m    \u001b[0m\u001b[0m\u001b[1m\u001b[38;5;12m|\u001b[0m\n\u001b[0m\u001b[1m\u001b[38;5;12m224\u001b[0m\u001b[0m \u001b[0m\u001b[0m\u001b[1m\u001b[38;5;12m|\u001b[0m\u001b[0m \u001b[0m\u001b[0m                    return Err(e.into());\u001b[0m\n\u001b[0m    \u001b[0m\u001b[0m\u001b[1m\u001b[38;5;12m|\u001b[0m\u001b[0m                                  \u001b[0m\u001b[0m\u001b[1m\u001b[38;5;9m^^^^\u001b[0m\u001b[0m \u001b[0m\u001b[0m\u001b[1m\u001b[38;5;9mthe trait `From<async_nats::error::Error<CreateStreamErrorKind>>` is not implemented for `NatsPollError`\u001b[0m\n\u001b[0m    \u001b[0m\u001b[0m\u001b[1m\u001b[38;5;12m|\u001b[0m\n\u001b[0m    \u001b[0m\u001b[0m\u001b[1m\u001b[38;5;12m= \u001b[0m\u001b[0m\u001b[1mhelp\u001b[0m\u001b[0m: the following other types implement trait `From<T>`:\u001b[0m\n\u001b[0m              `NatsPollError` implements `From<Box<dyn StdError + std::marker::Send + Sync>>`\u001b[0m\n\u001b[0m              `NatsPollError` implements `From<async_nats::jetstream::Error>`\u001b[0m\n\u001b[0m              `NatsPollError` implements `From<serde_json::Error>`\u001b[0m\n\u001b[0m    \u001b[0m\u001b[0m\u001b[1m\u001b[38;5;12m= \u001b[0m\u001b[0m\u001b[1mnote\u001b[0m\u001b[0m: required for `async_nats::error::Error<CreateStreamErrorKind>` to implement `Into<NatsPollError>`\u001b[0m\n\n"}
{"$message_type":"diagnostic","message":"no function or associated item named `new` found for struct `JsonCodec` in the current scope","code":{"code":"E0599","explanation":"This error occurs when a method is used on a type which doesn't implement it:\n\nErroneous code example:\n\n```compile_fail,E0599\nstruct Mouth;\n\nlet x = Mouth;\nx.chocolate(); // error: no method named `chocolate` found for type `Mouth`\n               //        in the current scope\n```\n\nIn this case, you need to implement the `chocolate` method to fix the error:\n\n```\nstruct Mouth;\n\nimpl Mouth {\n    fn chocolate(&self) { // We implement the `chocolate` method here.\n        println!(\"Hmmm! I love chocolate!\");\n    }\n}\n\nlet x = Mouth;\nx.chocolate(); // ok!\n```\n"},"level":"error","spans":[{"file_name":"packages/apalis-nats/src/storage.rs","byte_start":6875,"byte_end":6878,"line_start":233,"line_end":233,"column_start":31,"column_end":34,"is_primary":true,"text":[{"text":"            codec: JsonCodec::new(),","highlight_start":31,"highlight_end":34}],"label":"function or associated item not found in `JsonCodec<_>`","suggested_replacement":null,"suggestion_applicability":null,"expansion":null}],"children":[],"rendered":"\u001b[0m\u001b[1m\u001b[38;5;9merror[E0599]\u001b[0m\u001b[0m\u001b[1m: no function or associated item named `new` found for struct `JsonCodec` in the current scope\u001b[0m\n\u001b[0m   \u001b[0m\u001b[0m\u001b[1m\u001b[38;5;12m--> \u001b[0m\u001b[0mpackages/apalis-nats/src/storage.rs:233:31\u001b[0m\n\u001b[0m    \u001b[0m\u001b[0m\u001b[1m\u001b[38;5;12m|\u001b[0m\n\u001b[0m\u001b[1m\u001b[38;5;12m233\u001b[0m\u001b[0m \u001b[0m\u001b[0m\u001b[1m\u001b[38;5;12m|\u001b[0m\u001b[0m \u001b[0m\u001b[0m            codec: JsonCodec::new(),\u001b[0m\n\u001b[0m    \u001b[0m\u001b[0m\u001b[1m\u001b[38;5;12m|\u001b[0m\u001b[0m                               \u001b[0m\u001b[0m\u001b[1m\u001b[38;5;9m^^^\u001b[0m\u001b[0m \u001b[0m\u001b[0m\u001b[1m\u001b[38;5;9mfunction or associated item not found in `JsonCodec<_>`\u001b[0m\n\n"}
{"$message_type":"diagnostic","message":"no function or associated item named `new` found for struct `Namespace` in the current scope","code":{"code":"E0599","explanation":"This error occurs when a method is used on a type which doesn't implement it:\n\nErroneous code example:\n\n```compile_fail,E0599\nstruct Mouth;\n\nlet x = Mouth;\nx.chocolate(); // error: no method named `chocolate` found for type `Mouth`\n               //        in the current scope\n```\n\nIn this case, you need to implement the `chocolate` method to fix the error:\n\n```\nstruct Mouth;\n\nimpl Mouth {\n    fn chocolate(&self) { // We implement the `chocolate` method here.\n        println!(\"Hmmm! I love chocolate!\");\n    }\n}\n\nlet x = Mouth;\nx.chocolate(); // ok!\n```\n"},"level":"error","spans":[{"file_name":"packages/apalis-nats/src/storage.rs","byte_start":7727,"byte_end":7730,"line_start":261,"line_end":261,"column_start":35,"column_end":38,"is_primary":true,"text":[{"text":"            namespace: Namespace::new(&self.config.namespace),","highlight_start":35,"highlight_end":38}],"label":"function or associated item not found in `Namespace`","suggested_replacement":null,"suggestion_applicability":null,"expansion":null}],"children":[{"message":"the function `new` is implemented on `std::string::String`","code":null,"level":"note","spans":[{"file_name":"packages/apalis-nats/src/storage.rs","byte_start":7716,"byte_end":7725,"line_start":261,"line_end":261,"column_start":24,"column_end":33,"is_primary":true,"text":[{"text":"            namespace: Namespace::new(&self.config.namespace),","highlight_start":24,"highlight_end":33}],"label":null,"suggested_replacement":null,"suggestion_applicability":null,"expansion":null}],"children":[],"rendered":null}],"rendered":"\u001b[0m\u001b[1m\u001b[38;5;9merror[E0599]\u001b[0m\u001b[0m\u001b[1m: no function or associated item named `new` found for struct `Namespace` in the current scope\u001b[0m\n\u001b[0m   \u001b[0m\u001b[0m\u001b[1m\u001b[38;5;12m--> \u001b[0m\u001b[0mpackages/apalis-nats/src/storage.rs:261:35\u001b[0m\n\u001b[0m    \u001b[0m\u001b[0m\u001b[1m\u001b[38;5;12m|\u001b[0m\n\u001b[0m\u001b[1m\u001b[38;5;12m261\u001b[0m\u001b[0m \u001b[0m\u001b[0m\u001b[1m\u001b[38;5;12m|\u001b[0m\u001b[0m \u001b[0m\u001b[0m            namespace: Namespace::new(&self.config.namespace),\u001b[0m\n\u001b[0m    \u001b[0m\u001b[0m\u001b[1m\u001b[38;5;12m|\u001b[0m\u001b[0m                                   \u001b[0m\u001b[0m\u001b[1m\u001b[38;5;9m^^^\u001b[0m\u001b[0m \u001b[0m\u001b[0m\u001b[1m\u001b[38;5;9mfunction or associated item not found in `Namespace`\u001b[0m\n\u001b[0m    \u001b[0m\u001b[0m\u001b[1m\u001b[38;5;12m|\u001b[0m\n\u001b[0m\u001b[1m\u001b[38;5;10mnote\u001b[0m\u001b[0m: the function `new` is implemented on `std::string::String`\u001b[0m\n\u001b[0m   \u001b[0m\u001b[0m\u001b[1m\u001b[38;5;12m--> \u001b[0m\u001b[0mpackages/apalis-nats/src/storage.rs:261:24\u001b[0m\n\u001b[0m    \u001b[0m\u001b[0m\u001b[1m\u001b[38;5;12m|\u001b[0m\n\u001b[0m\u001b[1m\u001b[38;5;12m261\u001b[0m\u001b[0m \u001b[0m\u001b[0m\u001b[1m\u001b[38;5;12m|\u001b[0m\u001b[0m \u001b[0m\u001b[0m            namespace: Namespace::new(&self.config.namespace),\u001b[0m\n\u001b[0m    \u001b[0m\u001b[0m\u001b[1m\u001b[38;5;12m|\u001b[0m\u001b[0m                        \u001b[0m\u001b[0m\u001b[1m\u001b[38;5;10m^^^^^^^^^\u001b[0m\n\n"}
{"$message_type":"diagnostic","message":"`?` couldn't convert the error to `NatsPollError`","code":{"code":"E0277","explanation":"You tried to use a type which doesn't implement some trait in a place which\nexpected that trait.\n\nErroneous code example:\n\n```compile_fail,E0277\n// here we declare the Foo trait with a bar method\ntrait Foo {\n    fn bar(&self);\n}\n\n// we now declare a function which takes an object implementing the Foo trait\nfn some_func<T: Foo>(foo: T) {\n    foo.bar();\n}\n\nfn main() {\n    // we now call the method with the i32 type, which doesn't implement\n    // the Foo trait\n    some_func(5i32); // error: the trait bound `i32 : Foo` is not satisfied\n}\n```\n\nIn order to fix this error, verify that the type you're using does implement\nthe trait. Example:\n\n```\ntrait Foo {\n    fn bar(&self);\n}\n\n// we implement the trait on the i32 type\nimpl Foo for i32 {\n    fn bar(&self) {}\n}\n\nfn some_func<T: Foo>(foo: T) {\n    foo.bar(); // we can now use this method since i32 implements the\n               // Foo trait\n}\n\nfn main() {\n    some_func(5i32); // ok!\n}\n```\n\nOr in a generic context, an erroneous code example would look like:\n\n```compile_fail,E0277\nfn some_func<T>(foo: T) {\n    println!(\"{:?}\", foo); // error: the trait `core::fmt::Debug` is not\n                           //        implemented for the type `T`\n}\n\nfn main() {\n    // We now call the method with the i32 type,\n    // which *does* implement the Debug trait.\n    some_func(5i32);\n}\n```\n\nNote that the error here is in the definition of the generic function. Although\nwe only call it with a parameter that does implement `Debug`, the compiler\nstill rejects the function. It must work with all possible input types. In\norder to make this example compile, we need to restrict the generic type we're\naccepting:\n\n```\nuse std::fmt;\n\n// Restrict the input type to types that implement Debug.\nfn some_func<T: fmt::Debug>(foo: T) {\n    println!(\"{:?}\", foo);\n}\n\nfn main() {\n    // Calling the method is still fine, as i32 implements Debug.\n    some_func(5i32);\n\n    // This would fail to compile now:\n    // struct WithoutDebug;\n    // some_func(WithoutDebug);\n}\n```\n\nRust only looks at the signature of the called function, as such it must\nalready specify all requirements that will be used for every type parameter.\n"},"level":"error","spans":[{"file_name":"packages/apalis-nats/src/storage.rs","byte_start":7881,"byte_end":7966,"line_start":267,"line_end":269,"column_start":9,"column_end":19,"is_primary":false,"text":[{"text":"        self.jetstream","highlight_start":9,"highlight_end":23},{"text":"            .publish(subject, Bytes::from(payload))","highlight_start":1,"highlight_end":52},{"text":"            .await?","highlight_start":1,"highlight_end":19}],"label":"this can't be annotated with `?` because it has type `Result<_, async_nats::error::Error<async_nats::jetstream::context::PublishErrorKind>>`","suggested_replacement":null,"suggestion_applicability":null,"expansion":null},{"file_name":"packages/apalis-nats/src/storage.rs","byte_start":7966,"byte_end":7967,"line_start":269,"line_end":269,"column_start":19,"column_end":20,"is_primary":true,"text":[{"text":"            .await?","highlight_start":19,"highlight_end":20}],"label":"the trait `From<async_nats::error::Error<async_nats::jetstream::context::PublishErrorKind>>` is not implemented for `NatsPollError`","suggested_replacement":null,"suggestion_applicability":null,"expansion":{"span":{"file_name":"packages/apalis-nats/src/storage.rs","byte_start":7966,"byte_end":7967,"line_start":269,"line_end":269,"column_start":19,"column_end":20,"is_primary":false,"text":[{"text":"            .await?","highlight_start":19,"highlight_end":20}],"label":null,"suggested_replacement":null,"suggestion_applicability":null,"expansion":null},"macro_decl_name":"desugaring of operator `?`","def_site_span":{"file_name":"packages/apalis-nats/src/lib.rs","byte_start":0,"byte_end":0,"line_start":1,"line_end":1,"column_start":1,"column_end":1,"is_primary":false,"text":[],"label":null,"suggested_replacement":null,"suggestion_applicability":null,"expansion":null}}}],"children":[{"message":"`NatsPollError` needs to implement `From<async_nats::error::Error<async_nats::jetstream::context::PublishErrorKind>>`","code":null,"level":"note","spans":[{"file_name":"packages/apalis-nats/src/storage.rs","byte_start":2247,"byte_end":2269,"line_start":82,"line_end":82,"column_start":1,"column_end":23,"is_primary":true,"text":[{"text":"pub enum NatsPollError {","highlight_start":1,"highlight_end":23}],"label":null,"suggested_replacement":null,"suggestion_applicability":null,"expansion":null}],"children":[],"rendered":null},{"message":"the question mark operation (`?`) implicitly performs a conversion on the error value using the `From` trait","code":null,"level":"note","spans":[],"children":[],"rendered":null},{"message":"the following other types implement trait `From<T>`:\n  `NatsPollError` implements `From<Box<dyn StdError + std::marker::Send + Sync>>`\n  `NatsPollError` implements `From<async_nats::jetstream::Error>`\n  `NatsPollError` implements `From<serde_json::Error>`","code":null,"level":"help","spans":[],"children":[],"rendered":null}],"rendered":"\u001b[0m\u001b[1m\u001b[38;5;9merror[E0277]\u001b[0m\u001b[0m\u001b[1m: `?` couldn't convert the error to `NatsPollError`\u001b[0m\n\u001b[0m   \u001b[0m\u001b[0m\u001b[1m\u001b[38;5;12m--> \u001b[0m\u001b[0mpackages/apalis-nats/src/storage.rs:269:19\u001b[0m\n\u001b[0m    \u001b[0m\u001b[0m\u001b[1m\u001b[38;5;12m|\u001b[0m\n\u001b[0m\u001b[1m\u001b[38;5;12m267\u001b[0m\u001b[0m \u001b[0m\u001b[0m\u001b[1m\u001b[38;5;12m|\u001b[0m\u001b[0m \u001b[0m\u001b[0m\u001b[1m\u001b[38;5;12m/\u001b[0m\u001b[0m \u001b[0m\u001b[0m        self.jetstream\u001b[0m\n\u001b[0m\u001b[1m\u001b[38;5;12m268\u001b[0m\u001b[0m \u001b[0m\u001b[0m\u001b[1m\u001b[38;5;12m|\u001b[0m\u001b[0m \u001b[0m\u001b[0m\u001b[1m\u001b[38;5;12m|\u001b[0m\u001b[0m \u001b[0m\u001b[0m            .publish(subject, Bytes::from(payload))\u001b[0m\n\u001b[0m\u001b[1m\u001b[38;5;12m269\u001b[0m\u001b[0m \u001b[0m\u001b[0m\u001b[1m\u001b[38;5;12m|\u001b[0m\u001b[0m \u001b[0m\u001b[0m\u001b[1m\u001b[38;5;12m|\u001b[0m\u001b[0m \u001b[0m\u001b[0m            .await?\u001b[0m\n\u001b[0m    \u001b[0m\u001b[0m\u001b[1m\u001b[38;5;12m|\u001b[0m\u001b[0m \u001b[0m\u001b[0m\u001b[1m\u001b[38;5;12m|\u001b[0m\u001b[0m                  \u001b[0m\u001b[0m\u001b[1m\u001b[38;5;12m-\u001b[0m\u001b[0m\u001b[1m\u001b[38;5;9m^\u001b[0m\u001b[0m \u001b[0m\u001b[0m\u001b[1m\u001b[38;5;9mthe trait `From<async_nats::error::Error<async_nats::jetstream::context::PublishErrorKind>>` is not implemented for `NatsPollError`\u001b[0m\n\u001b[0m    \u001b[0m\u001b[0m\u001b[1m\u001b[38;5;12m|\u001b[0m\u001b[0m \u001b[0m\u001b[0m\u001b[1m\u001b[38;5;12m|__________________|\u001b[0m\n\u001b[0m    \u001b[0m\u001b[0m\u001b[1m\u001b[38;5;12m|\u001b[0m\u001b[0m                    \u001b[0m\u001b[0m\u001b[1m\u001b[38;5;12mthis can't be annotated with `?` because it has type `Result<_, async_nats::error::Error<async_nats::jetstream::context::PublishErrorKind>>`\u001b[0m\n\u001b[0m    \u001b[0m\u001b[0m\u001b[1m\u001b[38;5;12m|\u001b[0m\n\u001b[0m\u001b[1m\u001b[38;5;10mnote\u001b[0m\u001b[0m: `NatsPollError` needs to implement `From<async_nats::error::Error<async_nats::jetstream::context::PublishErrorKind>>`\u001b[0m\n\u001b[0m   \u001b[0m\u001b[0m\u001b[1m\u001b[38;5;12m--> \u001b[0m\u001b[0mpackages/apalis-nats/src/storage.rs:82:1\u001b[0m\n\u001b[0m    \u001b[0m\u001b[0m\u001b[1m\u001b[38;5;12m|\u001b[0m\n\u001b[0m\u001b[1m\u001b[38;5;12m82\u001b[0m\u001b[0m  \u001b[0m\u001b[0m\u001b[1m\u001b[38;5;12m|\u001b[0m\u001b[0m \u001b[0m\u001b[0mpub enum NatsPollError {\u001b[0m\n\u001b[0m    \u001b[0m\u001b[0m\u001b[1m\u001b[38;5;12m|\u001b[0m\u001b[0m \u001b[0m\u001b[0m\u001b[1m\u001b[38;5;10m^^^^^^^^^^^^^^^^^^^^^^\u001b[0m\n\u001b[0m    \u001b[0m\u001b[0m\u001b[1m\u001b[38;5;12m= \u001b[0m\u001b[0m\u001b[1mnote\u001b[0m\u001b[0m: the question mark operation (`?`) implicitly performs a conversion on the error value using the `From` trait\u001b[0m\n\u001b[0m    \u001b[0m\u001b[0m\u001b[1m\u001b[38;5;12m= \u001b[0m\u001b[0m\u001b[1mhelp\u001b[0m\u001b[0m: the following other types implement trait `From<T>`:\u001b[0m\n\u001b[0m              `NatsPollError` implements `From<Box<dyn StdError + std::marker::Send + Sync>>`\u001b[0m\n\u001b[0m              `NatsPollError` implements `From<async_nats::jetstream::Error>`\u001b[0m\n\u001b[0m              `NatsPollError` implements `From<serde_json::Error>`\u001b[0m\n\n"}
{"$message_type":"diagnostic","message":"`?` couldn't convert the error to `NatsPollError`","code":{"code":"E0277","explanation":"You tried to use a type which doesn't implement some trait in a place which\nexpected that trait.\n\nErroneous code example:\n\n```compile_fail,E0277\n// here we declare the Foo trait with a bar method\ntrait Foo {\n    fn bar(&self);\n}\n\n// we now declare a function which takes an object implementing the Foo trait\nfn some_func<T: Foo>(foo: T) {\n    foo.bar();\n}\n\nfn main() {\n    // we now call the method with the i32 type, which doesn't implement\n    // the Foo trait\n    some_func(5i32); // error: the trait bound `i32 : Foo` is not satisfied\n}\n```\n\nIn order to fix this error, verify that the type you're using does implement\nthe trait. Example:\n\n```\ntrait Foo {\n    fn bar(&self);\n}\n\n// we implement the trait on the i32 type\nimpl Foo for i32 {\n    fn bar(&self) {}\n}\n\nfn some_func<T: Foo>(foo: T) {\n    foo.bar(); // we can now use this method since i32 implements the\n               // Foo trait\n}\n\nfn main() {\n    some_func(5i32); // ok!\n}\n```\n\nOr in a generic context, an erroneous code example would look like:\n\n```compile_fail,E0277\nfn some_func<T>(foo: T) {\n    println!(\"{:?}\", foo); // error: the trait `core::fmt::Debug` is not\n                           //        implemented for the type `T`\n}\n\nfn main() {\n    // We now call the method with the i32 type,\n    // which *does* implement the Debug trait.\n    some_func(5i32);\n}\n```\n\nNote that the error here is in the definition of the generic function. Although\nwe only call it with a parameter that does implement `Debug`, the compiler\nstill rejects the function. It must work with all possible input types. In\norder to make this example compile, we need to restrict the generic type we're\naccepting:\n\n```\nuse std::fmt;\n\n// Restrict the input type to types that implement Debug.\nfn some_func<T: fmt::Debug>(foo: T) {\n    println!(\"{:?}\", foo);\n}\n\nfn main() {\n    // Calling the method is still fine, as i32 implements Debug.\n    some_func(5i32);\n\n    // This would fail to compile now:\n    // struct WithoutDebug;\n    // some_func(WithoutDebug);\n}\n```\n\nRust only looks at the signature of the called function, as such it must\nalready specify all requirements that will be used for every type parameter.\n"},"level":"error","spans":[{"file_name":"packages/apalis-nats/src/storage.rs","byte_start":7881,"byte_end":7986,"line_start":267,"line_end":270,"column_start":9,"column_end":19,"is_primary":false,"text":[{"text":"        self.jetstream","highlight_start":9,"highlight_end":23},{"text":"            .publish(subject, Bytes::from(payload))","highlight_start":1,"highlight_end":52},{"text":"            .await?","highlight_start":1,"highlight_end":20},{"text":"            .await?;","highlight_start":1,"highlight_end":19}],"label":"this can't be annotated with `?` because it has type `Result<_, async_nats::error::Error<async_nats::jetstream::context::PublishErrorKind>>`","suggested_replacement":null,"suggestion_applicability":null,"expansion":null},{"file_name":"packages/apalis-nats/src/storage.rs","byte_start":7986,"byte_end":7987,"line_start":270,"line_end":270,"column_start":19,"column_end":20,"is_primary":true,"text":[{"text":"            .await?;","highlight_start":19,"highlight_end":20}],"label":"the trait `From<async_nats::error::Error<async_nats::jetstream::context::PublishErrorKind>>` is not implemented for `NatsPollError`","suggested_replacement":null,"suggestion_applicability":null,"expansion":{"span":{"file_name":"packages/apalis-nats/src/storage.rs","byte_start":7986,"byte_end":7987,"line_start":270,"line_end":270,"column_start":19,"column_end":20,"is_primary":false,"text":[{"text":"            .await?;","highlight_start":19,"highlight_end":20}],"label":null,"suggested_replacement":null,"suggestion_applicability":null,"expansion":null},"macro_decl_name":"desugaring of operator `?`","def_site_span":{"file_name":"packages/apalis-nats/src/lib.rs","byte_start":0,"byte_end":0,"line_start":1,"line_end":1,"column_start":1,"column_end":1,"is_primary":false,"text":[],"label":null,"suggested_replacement":null,"suggestion_applicability":null,"expansion":null}}}],"children":[{"message":"`NatsPollError` needs to implement `From<async_nats::error::Error<async_nats::jetstream::context::PublishErrorKind>>`","code":null,"level":"note","spans":[{"file_name":"packages/apalis-nats/src/storage.rs","byte_start":2247,"byte_end":2269,"line_start":82,"line_end":82,"column_start":1,"column_end":23,"is_primary":true,"text":[{"text":"pub enum NatsPollError {","highlight_start":1,"highlight_end":23}],"label":null,"suggested_replacement":null,"suggestion_applicability":null,"expansion":null}],"children":[],"rendered":null},{"message":"the question mark operation (`?`) implicitly performs a conversion on the error value using the `From` trait","code":null,"level":"note","spans":[],"children":[],"rendered":null},{"message":"the following other types implement trait `From<T>`:\n  `NatsPollError` implements `From<Box<dyn StdError + std::marker::Send + Sync>>`\n  `NatsPollError` implements `From<async_nats::jetstream::Error>`\n  `NatsPollError` implements `From<serde_json::Error>`","code":null,"level":"help","spans":[],"children":[],"rendered":null}],"rendered":"\u001b[0m\u001b[1m\u001b[38;5;9merror[E0277]\u001b[0m\u001b[0m\u001b[1m: `?` couldn't convert the error to `NatsPollError`\u001b[0m\n\u001b[0m   \u001b[0m\u001b[0m\u001b[1m\u001b[38;5;12m--> \u001b[0m\u001b[0mpackages/apalis-nats/src/storage.rs:270:19\u001b[0m\n\u001b[0m    \u001b[0m\u001b[0m\u001b[1m\u001b[38;5;12m|\u001b[0m\n\u001b[0m\u001b[1m\u001b[38;5;12m267\u001b[0m\u001b[0m \u001b[0m\u001b[0m\u001b[1m\u001b[38;5;12m|\u001b[0m\u001b[0m \u001b[0m\u001b[0m\u001b[1m\u001b[38;5;12m/\u001b[0m\u001b[0m \u001b[0m\u001b[0m        self.jetstream\u001b[0m\n\u001b[0m\u001b[1m\u001b[38;5;12m268\u001b[0m\u001b[0m \u001b[0m\u001b[0m\u001b[1m\u001b[38;5;12m|\u001b[0m\u001b[0m \u001b[0m\u001b[0m\u001b[1m\u001b[38;5;12m|\u001b[0m\u001b[0m \u001b[0m\u001b[0m            .publish(subject, Bytes::from(payload))\u001b[0m\n\u001b[0m\u001b[1m\u001b[38;5;12m269\u001b[0m\u001b[0m \u001b[0m\u001b[0m\u001b[1m\u001b[38;5;12m|\u001b[0m\u001b[0m \u001b[0m\u001b[0m\u001b[1m\u001b[38;5;12m|\u001b[0m\u001b[0m \u001b[0m\u001b[0m            .await?\u001b[0m\n\u001b[0m\u001b[1m\u001b[38;5;12m270\u001b[0m\u001b[0m \u001b[0m\u001b[0m\u001b[1m\u001b[38;5;12m|\u001b[0m\u001b[0m \u001b[0m\u001b[0m\u001b[1m\u001b[38;5;12m|\u001b[0m\u001b[0m \u001b[0m\u001b[0m            .await?;\u001b[0m\n\u001b[0m    \u001b[0m\u001b[0m\u001b[1m\u001b[38;5;12m|\u001b[0m\u001b[0m \u001b[0m\u001b[0m\u001b[1m\u001b[38;5;12m|\u001b[0m\u001b[0m                  \u001b[0m\u001b[0m\u001b[1m\u001b[38;5;12m-\u001b[0m\u001b[0m\u001b[1m\u001b[38;5;9m^\u001b[0m\u001b[0m \u001b[0m\u001b[0m\u001b[1m\u001b[38;5;9mthe trait `From<async_nats::error::Error<async_nats::jetstream::context::PublishErrorKind>>` is not implemented for `NatsPollError`\u001b[0m\n\u001b[0m    \u001b[0m\u001b[0m\u001b[1m\u001b[38;5;12m|\u001b[0m\u001b[0m \u001b[0m\u001b[0m\u001b[1m\u001b[38;5;12m|__________________|\u001b[0m\n\u001b[0m    \u001b[0m\u001b[0m\u001b[1m\u001b[38;5;12m|\u001b[0m\u001b[0m                    \u001b[0m\u001b[0m\u001b[1m\u001b[38;5;12mthis can't be annotated with `?` because it has type `Result<_, async_nats::error::Error<async_nats::jetstream::context::PublishErrorKind>>`\u001b[0m\n\u001b[0m    \u001b[0m\u001b[0m\u001b[1m\u001b[38;5;12m|\u001b[0m\n\u001b[0m\u001b[1m\u001b[38;5;10mnote\u001b[0m\u001b[0m: `NatsPollError` needs to implement `From<async_nats::error::Error<async_nats::jetstream::context::PublishErrorKind>>`\u001b[0m\n\u001b[0m   \u001b[0m\u001b[0m\u001b[1m\u001b[38;5;12m--> \u001b[0m\u001b[0mpackages/apalis-nats/src/storage.rs:82:1\u001b[0m\n\u001b[0m    \u001b[0m\u001b[0m\u001b[1m\u001b[38;5;12m|\u001b[0m\n\u001b[0m\u001b[1m\u001b[38;5;12m82\u001b[0m\u001b[0m  \u001b[0m\u001b[0m\u001b[1m\u001b[38;5;12m|\u001b[0m\u001b[0m \u001b[0m\u001b[0mpub enum NatsPollError {\u001b[0m\n\u001b[0m    \u001b[0m\u001b[0m\u001b[1m\u001b[38;5;12m|\u001b[0m\u001b[0m \u001b[0m\u001b[0m\u001b[1m\u001b[38;5;10m^^^^^^^^^^^^^^^^^^^^^^\u001b[0m\n\u001b[0m    \u001b[0m\u001b[0m\u001b[1m\u001b[38;5;12m= \u001b[0m\u001b[0m\u001b[1mnote\u001b[0m\u001b[0m: the question mark operation (`?`) implicitly performs a conversion on the error value using the `From` trait\u001b[0m\n\u001b[0m    \u001b[0m\u001b[0m\u001b[1m\u001b[38;5;12m= \u001b[0m\u001b[0m\u001b[1mhelp\u001b[0m\u001b[0m: the following other types implement trait `From<T>`:\u001b[0m\n\u001b[0m              `NatsPollError` implements `From<Box<dyn StdError + std::marker::Send + Sync>>`\u001b[0m\n\u001b[0m              `NatsPollError` implements `From<async_nats::jetstream::Error>`\u001b[0m\n\u001b[0m              `NatsPollError` implements `From<serde_json::Error>`\u001b[0m\n\n"}
{"$message_type":"diagnostic","message":"`?` couldn't convert the error to `NatsPollError`","code":{"code":"E0277","explanation":"You tried to use a type which doesn't implement some trait in a place which\nexpected that trait.\n\nErroneous code example:\n\n```compile_fail,E0277\n// here we declare the Foo trait with a bar method\ntrait Foo {\n    fn bar(&self);\n}\n\n// we now declare a function which takes an object implementing the Foo trait\nfn some_func<T: Foo>(foo: T) {\n    foo.bar();\n}\n\nfn main() {\n    // we now call the method with the i32 type, which doesn't implement\n    // the Foo trait\n    some_func(5i32); // error: the trait bound `i32 : Foo` is not satisfied\n}\n```\n\nIn order to fix this error, verify that the type you're using does implement\nthe trait. Example:\n\n```\ntrait Foo {\n    fn bar(&self);\n}\n\n// we implement the trait on the i32 type\nimpl Foo for i32 {\n    fn bar(&self) {}\n}\n\nfn some_func<T: Foo>(foo: T) {\n    foo.bar(); // we can now use this method since i32 implements the\n               // Foo trait\n}\n\nfn main() {\n    some_func(5i32); // ok!\n}\n```\n\nOr in a generic context, an erroneous code example would look like:\n\n```compile_fail,E0277\nfn some_func<T>(foo: T) {\n    println!(\"{:?}\", foo); // error: the trait `core::fmt::Debug` is not\n                           //        implemented for the type `T`\n}\n\nfn main() {\n    // We now call the method with the i32 type,\n    // which *does* implement the Debug trait.\n    some_func(5i32);\n}\n```\n\nNote that the error here is in the definition of the generic function. Although\nwe only call it with a parameter that does implement `Debug`, the compiler\nstill rejects the function. It must work with all possible input types. In\norder to make this example compile, we need to restrict the generic type we're\naccepting:\n\n```\nuse std::fmt;\n\n// Restrict the input type to types that implement Debug.\nfn some_func<T: fmt::Debug>(foo: T) {\n    println!(\"{:?}\", foo);\n}\n\nfn main() {\n    // Calling the method is still fine, as i32 implements Debug.\n    some_func(5i32);\n\n    // This would fail to compile now:\n    // struct WithoutDebug;\n    // some_func(WithoutDebug);\n}\n```\n\nRust only looks at the signature of the called function, as such it must\nalready specify all requirements that will be used for every type parameter.\n"},"level":"error","spans":[{"file_name":"packages/apalis-nats/src/storage.rs","byte_start":8763,"byte_end":8807,"line_start":293,"line_end":293,"column_start":22,"column_end":66,"is_primary":false,"text":[{"text":"        let stream = self.jetstream.get_stream(stream_name).await?;","highlight_start":22,"highlight_end":66}],"label":"this can't be annotated with `?` because it has type `Result<_, async_nats::error::Error<GetStreamErrorKind>>`","suggested_replacement":null,"suggestion_applicability":null,"expansion":null},{"file_name":"packages/apalis-nats/src/storage.rs","byte_start":8807,"byte_end":8808,"line_start":293,"line_end":293,"column_start":66,"column_end":67,"is_primary":true,"text":[{"text":"        let stream = self.jetstream.get_stream(stream_name).await?;","highlight_start":66,"highlight_end":67}],"label":"the trait `From<async_nats::error::Error<GetStreamErrorKind>>` is not implemented for `NatsPollError`","suggested_replacement":null,"suggestion_applicability":null,"expansion":{"span":{"file_name":"packages/apalis-nats/src/storage.rs","byte_start":8807,"byte_end":8808,"line_start":293,"line_end":293,"column_start":66,"column_end":67,"is_primary":false,"text":[{"text":"        let stream = self.jetstream.get_stream(stream_name).await?;","highlight_start":66,"highlight_end":67}],"label":null,"suggested_replacement":null,"suggestion_applicability":null,"expansion":null},"macro_decl_name":"desugaring of operator `?`","def_site_span":{"file_name":"packages/apalis-nats/src/lib.rs","byte_start":0,"byte_end":0,"line_start":1,"line_end":1,"column_start":1,"column_end":1,"is_primary":false,"text":[],"label":null,"suggested_replacement":null,"suggestion_applicability":null,"expansion":null}}}],"children":[{"message":"`NatsPollError` needs to implement `From<async_nats::error::Error<GetStreamErrorKind>>`","code":null,"level":"note","spans":[{"file_name":"packages/apalis-nats/src/storage.rs","byte_start":2247,"byte_end":2269,"line_start":82,"line_end":82,"column_start":1,"column_end":23,"is_primary":true,"text":[{"text":"pub enum NatsPollError {","highlight_start":1,"highlight_end":23}],"label":null,"suggested_replacement":null,"suggestion_applicability":null,"expansion":null}],"children":[],"rendered":null},{"message":"the question mark operation (`?`) implicitly performs a conversion on the error value using the `From` trait","code":null,"level":"note","spans":[],"children":[],"rendered":null},{"message":"the following other types implement trait `From<T>`:\n  `NatsPollError` implements `From<Box<dyn StdError + std::marker::Send + Sync>>`\n  `NatsPollError` implements `From<async_nats::jetstream::Error>`\n  `NatsPollError` implements `From<serde_json::Error>`","code":null,"level":"help","spans":[],"children":[],"rendered":null}],"rendered":"\u001b[0m\u001b[1m\u001b[38;5;9merror[E0277]\u001b[0m\u001b[0m\u001b[1m: `?` couldn't convert the error to `NatsPollError`\u001b[0m\n\u001b[0m   \u001b[0m\u001b[0m\u001b[1m\u001b[38;5;12m--> \u001b[0m\u001b[0mpackages/apalis-nats/src/storage.rs:293:66\u001b[0m\n\u001b[0m    \u001b[0m\u001b[0m\u001b[1m\u001b[38;5;12m|\u001b[0m\n\u001b[0m\u001b[1m\u001b[38;5;12m293\u001b[0m\u001b[0m \u001b[0m\u001b[0m\u001b[1m\u001b[38;5;12m|\u001b[0m\u001b[0m \u001b[0m\u001b[0m        let stream = self.jetstream.get_stream(stream_name).await?;\u001b[0m\n\u001b[0m    \u001b[0m\u001b[0m\u001b[1m\u001b[38;5;12m|\u001b[0m\u001b[0m                      \u001b[0m\u001b[0m\u001b[1m\u001b[38;5;12m--------------------------------------------\u001b[0m\u001b[0m\u001b[1m\u001b[38;5;9m^\u001b[0m\u001b[0m \u001b[0m\u001b[0m\u001b[1m\u001b[38;5;9mthe trait `From<async_nats::error::Error<GetStreamErrorKind>>` is not implemented for `NatsPollError`\u001b[0m\n\u001b[0m    \u001b[0m\u001b[0m\u001b[1m\u001b[38;5;12m|\u001b[0m\u001b[0m                      \u001b[0m\u001b[0m\u001b[1m\u001b[38;5;12m|\u001b[0m\n\u001b[0m    \u001b[0m\u001b[0m\u001b[1m\u001b[38;5;12m|\u001b[0m\u001b[0m                      \u001b[0m\u001b[0m\u001b[1m\u001b[38;5;12mthis can't be annotated with `?` because it has type `Result<_, async_nats::error::Error<GetStreamErrorKind>>`\u001b[0m\n\u001b[0m    \u001b[0m\u001b[0m\u001b[1m\u001b[38;5;12m|\u001b[0m\n\u001b[0m\u001b[1m\u001b[38;5;10mnote\u001b[0m\u001b[0m: `NatsPollError` needs to implement `From<async_nats::error::Error<GetStreamErrorKind>>`\u001b[0m\n\u001b[0m   \u001b[0m\u001b[0m\u001b[1m\u001b[38;5;12m--> \u001b[0m\u001b[0mpackages/apalis-nats/src/storage.rs:82:1\u001b[0m\n\u001b[0m    \u001b[0m\u001b[0m\u001b[1m\u001b[38;5;12m|\u001b[0m\n\u001b[0m\u001b[1m\u001b[38;5;12m82\u001b[0m\u001b[0m  \u001b[0m\u001b[0m\u001b[1m\u001b[38;5;12m|\u001b[0m\u001b[0m \u001b[0m\u001b[0mpub enum NatsPollError {\u001b[0m\n\u001b[0m    \u001b[0m\u001b[0m\u001b[1m\u001b[38;5;12m|\u001b[0m\u001b[0m \u001b[0m\u001b[0m\u001b[1m\u001b[38;5;10m^^^^^^^^^^^^^^^^^^^^^^\u001b[0m\n\u001b[0m    \u001b[0m\u001b[0m\u001b[1m\u001b[38;5;12m= \u001b[0m\u001b[0m\u001b[1mnote\u001b[0m\u001b[0m: the question mark operation (`?`) implicitly performs a conversion on the error value using the `From` trait\u001b[0m\n\u001b[0m    \u001b[0m\u001b[0m\u001b[1m\u001b[38;5;12m= \u001b[0m\u001b[0m\u001b[1mhelp\u001b[0m\u001b[0m: the following other types implement trait `From<T>`:\u001b[0m\n\u001b[0m              `NatsPollError` implements `From<Box<dyn StdError + std::marker::Send + Sync>>`\u001b[0m\n\u001b[0m              `NatsPollError` implements `From<async_nats::jetstream::Error>`\u001b[0m\n\u001b[0m              `NatsPollError` implements `From<serde_json::Error>`\u001b[0m\n\n"}
{"$message_type":"diagnostic","message":"`?` couldn't convert the error to `NatsPollError`","code":{"code":"E0277","explanation":"You tried to use a type which doesn't implement some trait in a place which\nexpected that trait.\n\nErroneous code example:\n\n```compile_fail,E0277\n// here we declare the Foo trait with a bar method\ntrait Foo {\n    fn bar(&self);\n}\n\n// we now declare a function which takes an object implementing the Foo trait\nfn some_func<T: Foo>(foo: T) {\n    foo.bar();\n}\n\nfn main() {\n    // we now call the method with the i32 type, which doesn't implement\n    // the Foo trait\n    some_func(5i32); // error: the trait bound `i32 : Foo` is not satisfied\n}\n```\n\nIn order to fix this error, verify that the type you're using does implement\nthe trait. Example:\n\n```\ntrait Foo {\n    fn bar(&self);\n}\n\n// we implement the trait on the i32 type\nimpl Foo for i32 {\n    fn bar(&self) {}\n}\n\nfn some_func<T: Foo>(foo: T) {\n    foo.bar(); // we can now use this method since i32 implements the\n               // Foo trait\n}\n\nfn main() {\n    some_func(5i32); // ok!\n}\n```\n\nOr in a generic context, an erroneous code example would look like:\n\n```compile_fail,E0277\nfn some_func<T>(foo: T) {\n    println!(\"{:?}\", foo); // error: the trait `core::fmt::Debug` is not\n                           //        implemented for the type `T`\n}\n\nfn main() {\n    // We now call the method with the i32 type,\n    // which *does* implement the Debug trait.\n    some_func(5i32);\n}\n```\n\nNote that the error here is in the definition of the generic function. Although\nwe only call it with a parameter that does implement `Debug`, the compiler\nstill rejects the function. It must work with all possible input types. In\norder to make this example compile, we need to restrict the generic type we're\naccepting:\n\n```\nuse std::fmt;\n\n// Restrict the input type to types that implement Debug.\nfn some_func<T: fmt::Debug>(foo: T) {\n    println!(\"{:?}\", foo);\n}\n\nfn main() {\n    // Calling the method is still fine, as i32 implements Debug.\n    some_func(5i32);\n\n    // This would fail to compile now:\n    // struct WithoutDebug;\n    // some_func(WithoutDebug);\n}\n```\n\nRust only looks at the signature of the called function, as such it must\nalready specify all requirements that will be used for every type parameter.\n"},"level":"error","spans":[{"file_name":"packages/apalis-nats/src/storage.rs","byte_start":8821,"byte_end":8880,"line_start":294,"line_end":294,"column_start":12,"column_end":71,"is_primary":false,"text":[{"text":"        Ok(stream.get_or_create_consumer(&consumer_name, config).await?)","highlight_start":12,"highlight_end":71}],"label":"this can't be annotated with `?` because it has type `Result<_, async_nats::error::Error<ConsumerErrorKind>>`","suggested_replacement":null,"suggestion_applicability":null,"expansion":null},{"file_name":"packages/apalis-nats/src/storage.rs","byte_start":8880,"byte_end":8881,"line_start":294,"line_end":294,"column_start":71,"column_end":72,"is_primary":true,"text":[{"text":"        Ok(stream.get_or_create_consumer(&consumer_name, config).await?)","highlight_start":71,"highlight_end":72}],"label":"the trait `From<async_nats::error::Error<ConsumerErrorKind>>` is not implemented for `NatsPollError`","suggested_replacement":null,"suggestion_applicability":null,"expansion":{"span":{"file_name":"packages/apalis-nats/src/storage.rs","byte_start":8880,"byte_end":8881,"line_start":294,"line_end":294,"column_start":71,"column_end":72,"is_primary":false,"text":[{"text":"        Ok(stream.get_or_create_consumer(&consumer_name, config).await?)","highlight_start":71,"highlight_end":72}],"label":null,"suggested_replacement":null,"suggestion_applicability":null,"expansion":null},"macro_decl_name":"desugaring of operator `?`","def_site_span":{"file_name":"packages/apalis-nats/src/lib.rs","byte_start":0,"byte_end":0,"line_start":1,"line_end":1,"column_start":1,"column_end":1,"is_primary":false,"text":[],"label":null,"suggested_replacement":null,"suggestion_applicability":null,"expansion":null}}}],"children":[{"message":"`NatsPollError` needs to implement `From<async_nats::error::Error<ConsumerErrorKind>>`","code":null,"level":"note","spans":[{"file_name":"packages/apalis-nats/src/storage.rs","byte_start":2247,"byte_end":2269,"line_start":82,"line_end":82,"column_start":1,"column_end":23,"is_primary":true,"text":[{"text":"pub enum NatsPollError {","highlight_start":1,"highlight_end":23}],"label":null,"suggested_replacement":null,"suggestion_applicability":null,"expansion":null}],"children":[],"rendered":null},{"message":"the question mark operation (`?`) implicitly performs a conversion on the error value using the `From` trait","code":null,"level":"note","spans":[],"children":[],"rendered":null},{"message":"the following other types implement trait `From<T>`:\n  `NatsPollError` implements `From<Box<dyn StdError + std::marker::Send + Sync>>`\n  `NatsPollError` implements `From<async_nats::jetstream::Error>`\n  `NatsPollError` implements `From<serde_json::Error>`","code":null,"level":"help","spans":[],"children":[],"rendered":null}],"rendered":"\u001b[0m\u001b[1m\u001b[38;5;9merror[E0277]\u001b[0m\u001b[0m\u001b[1m: `?` couldn't convert the error to `NatsPollError`\u001b[0m\n\u001b[0m   \u001b[0m\u001b[0m\u001b[1m\u001b[38;5;12m--> \u001b[0m\u001b[0mpackages/apalis-nats/src/storage.rs:294:71\u001b[0m\n\u001b[0m    \u001b[0m\u001b[0m\u001b[1m\u001b[38;5;12m|\u001b[0m\n\u001b[0m\u001b[1m\u001b[38;5;12m294\u001b[0m\u001b[0m \u001b[0m\u001b[0m\u001b[1m\u001b[38;5;12m|\u001b[0m\u001b[0m \u001b[0m\u001b[0m        Ok(stream.get_or_create_consumer(&consumer_name, config).await?)\u001b[0m\n\u001b[0m    \u001b[0m\u001b[0m\u001b[1m\u001b[38;5;12m|\u001b[0m\u001b[0m            \u001b[0m\u001b[0m\u001b[1m\u001b[38;5;12m-----------------------------------------------------------\u001b[0m\u001b[0m\u001b[1m\u001b[38;5;9m^\u001b[0m\u001b[0m \u001b[0m\u001b[0m\u001b[1m\u001b[38;5;9mthe trait `From<async_nats::error::Error<ConsumerErrorKind>>` is not implemented for `NatsPollError`\u001b[0m\n\u001b[0m    \u001b[0m\u001b[0m\u001b[1m\u001b[38;5;12m|\u001b[0m\u001b[0m            \u001b[0m\u001b[0m\u001b[1m\u001b[38;5;12m|\u001b[0m\n\u001b[0m    \u001b[0m\u001b[0m\u001b[1m\u001b[38;5;12m|\u001b[0m\u001b[0m            \u001b[0m\u001b[0m\u001b[1m\u001b[38;5;12mthis can't be annotated with `?` because it has type `Result<_, async_nats::error::Error<ConsumerErrorKind>>`\u001b[0m\n\u001b[0m    \u001b[0m\u001b[0m\u001b[1m\u001b[38;5;12m|\u001b[0m\n\u001b[0m\u001b[1m\u001b[38;5;10mnote\u001b[0m\u001b[0m: `NatsPollError` needs to implement `From<async_nats::error::Error<ConsumerErrorKind>>`\u001b[0m\n\u001b[0m   \u001b[0m\u001b[0m\u001b[1m\u001b[38;5;12m--> \u001b[0m\u001b[0mpackages/apalis-nats/src/storage.rs:82:1\u001b[0m\n\u001b[0m    \u001b[0m\u001b[0m\u001b[1m\u001b[38;5;12m|\u001b[0m\n\u001b[0m\u001b[1m\u001b[38;5;12m82\u001b[0m\u001b[0m  \u001b[0m\u001b[0m\u001b[1m\u001b[38;5;12m|\u001b[0m\u001b[0m \u001b[0m\u001b[0mpub enum NatsPollError {\u001b[0m\n\u001b[0m    \u001b[0m\u001b[0m\u001b[1m\u001b[38;5;12m|\u001b[0m\u001b[0m \u001b[0m\u001b[0m\u001b[1m\u001b[38;5;10m^^^^^^^^^^^^^^^^^^^^^^\u001b[0m\n\u001b[0m    \u001b[0m\u001b[0m\u001b[1m\u001b[38;5;12m= \u001b[0m\u001b[0m\u001b[1mnote\u001b[0m\u001b[0m: the question mark operation (`?`) implicitly performs a conversion on the error value using the `From` trait\u001b[0m\n\u001b[0m    \u001b[0m\u001b[0m\u001b[1m\u001b[38;5;12m= \u001b[0m\u001b[0m\u001b[1mhelp\u001b[0m\u001b[0m: the following other types implement trait `From<T>`:\u001b[0m\n\u001b[0m              `NatsPollError` implements `From<Box<dyn StdError + std::marker::Send + Sync>>`\u001b[0m\n\u001b[0m              `NatsPollError` implements `From<async_nats::jetstream::Error>`\u001b[0m\n\u001b[0m              `NatsPollError` implements `From<serde_json::Error>`\u001b[0m\n\n"}
{"$message_type":"diagnostic","message":"field `jetstream` of struct `NatsStorage` is private","code":{"code":"E0616","explanation":"Attempted to access a private field on a struct.\n\nErroneous code example:\n\n```compile_fail,E0616\nmod some_module {\n    pub struct Foo {\n        x: u32, // So `x` is private in here.\n    }\n\n    impl Foo {\n        pub fn new() -> Foo { Foo { x: 0 } }\n    }\n}\n\nlet f = some_module::Foo::new();\nprintln!(\"{}\", f.x); // error: field `x` of struct `some_module::Foo` is private\n```\n\nIf you want to access this field, you have two options:\n\n1) Set the field public:\n\n```\nmod some_module {\n    pub struct Foo {\n        pub x: u32, // `x` is now public.\n    }\n\n    impl Foo {\n        pub fn new() -> Foo { Foo { x: 0 } }\n    }\n}\n\nlet f = some_module::Foo::new();\nprintln!(\"{}\", f.x); // ok!\n```\n\n2) Add a getter function:\n\n```\nmod some_module {\n    pub struct Foo {\n        x: u32, // So `x` is still private in here.\n    }\n\n    impl Foo {\n        pub fn new() -> Foo { Foo { x: 0 } }\n\n        // We create the getter function here:\n        pub fn get_x(&self) -> &u32 { &self.x }\n    }\n}\n\nlet f = some_module::Foo::new();\nprintln!(\"{}\", f.get_x()); // ok!\n```\n"},"level":"error","spans":[{"file_name":"packages/apalis-nats/src/expose.rs","byte_start":885,"byte_end":894,"line_start":26,"line_end":26,"column_start":42,"column_end":51,"is_primary":true,"text":[{"text":"            if let Ok(mut stream) = self.jetstream.get_stream(stream_name).await {","highlight_start":42,"highlight_end":51}],"label":"private field","suggested_replacement":null,"suggestion_applicability":null,"expansion":null}],"children":[],"rendered":"\u001b[0m\u001b[1m\u001b[38;5;9merror[E0616]\u001b[0m\u001b[0m\u001b[1m: field `jetstream` of struct `NatsStorage` is private\u001b[0m\n\u001b[0m  \u001b[0m\u001b[0m\u001b[1m\u001b[38;5;12m--> \u001b[0m\u001b[0mpackages/apalis-nats/src/expose.rs:26:42\u001b[0m\n\u001b[0m   \u001b[0m\u001b[0m\u001b[1m\u001b[38;5;12m|\u001b[0m\n\u001b[0m\u001b[1m\u001b[38;5;12m26\u001b[0m\u001b[0m \u001b[0m\u001b[0m\u001b[1m\u001b[38;5;12m|\u001b[0m\u001b[0m \u001b[0m\u001b[0m            if let Ok(mut stream) = self.jetstream.get_stream(stream_name).await {\u001b[0m\n\u001b[0m   \u001b[0m\u001b[0m\u001b[1m\u001b[38;5;12m|\u001b[0m\u001b[0m                                          \u001b[0m\u001b[0m\u001b[1m\u001b[38;5;9m^^^^^^^^^\u001b[0m\u001b[0m \u001b[0m\u001b[0m\u001b[1m\u001b[38;5;9mprivate field\u001b[0m\n\n"}
{"$message_type":"diagnostic","message":"field `config` of struct `NatsStorage` is private","code":{"code":"E0616","explanation":"Attempted to access a private field on a struct.\n\nErroneous code example:\n\n```compile_fail,E0616\nmod some_module {\n    pub struct Foo {\n        x: u32, // So `x` is private in here.\n    }\n\n    impl Foo {\n        pub fn new() -> Foo { Foo { x: 0 } }\n    }\n}\n\nlet f = some_module::Foo::new();\nprintln!(\"{}\", f.x); // error: field `x` of struct `some_module::Foo` is private\n```\n\nIf you want to access this field, you have two options:\n\n1) Set the field public:\n\n```\nmod some_module {\n    pub struct Foo {\n        pub x: u32, // `x` is now public.\n    }\n\n    impl Foo {\n        pub fn new() -> Foo { Foo { x: 0 } }\n    }\n}\n\nlet f = some_module::Foo::new();\nprintln!(\"{}\", f.x); // ok!\n```\n\n2) Add a getter function:\n\n```\nmod some_module {\n    pub struct Foo {\n        x: u32, // So `x` is still private in here.\n    }\n\n    impl Foo {\n        pub fn new() -> Foo { Foo { x: 0 } }\n\n        // We create the getter function here:\n        pub fn get_x(&self) -> &u32 { &self.x }\n    }\n}\n\nlet f = some_module::Foo::new();\nprintln!(\"{}\", f.get_x()); // ok!\n```\n"},"level":"error","spans":[{"file_name":"packages/apalis-nats/src/expose.rs","byte_start":1286,"byte_end":1292,"line_start":36,"line_end":36,"column_start":17,"column_end":23,"is_primary":true,"text":[{"text":"        if self.config.enable_dlq {","highlight_start":17,"highlight_end":23}],"label":"private field","suggested_replacement":null,"suggestion_applicability":null,"expansion":null}],"children":[],"rendered":"\u001b[0m\u001b[1m\u001b[38;5;9merror[E0616]\u001b[0m\u001b[0m\u001b[1m: field `config` of struct `NatsStorage` is private\u001b[0m\n\u001b[0m  \u001b[0m\u001b[0m\u001b[1m\u001b[38;5;12m--> \u001b[0m\u001b[0mpackages/apalis-nats/src/expose.rs:36:17\u001b[0m\n\u001b[0m   \u001b[0m\u001b[0m\u001b[1m\u001b[38;5;12m|\u001b[0m\n\u001b[0m\u001b[1m\u001b[38;5;12m36\u001b[0m\u001b[0m \u001b[0m\u001b[0m\u001b[1m\u001b[38;5;12m|\u001b[0m\u001b[0m \u001b[0m\u001b[0m        if self.config.enable_dlq {\u001b[0m\n\u001b[0m   \u001b[0m\u001b[0m\u001b[1m\u001b[38;5;12m|\u001b[0m\u001b[0m                 \u001b[0m\u001b[0m\u001b[1m\u001b[38;5;9m^^^^^^\u001b[0m\u001b[0m \u001b[0m\u001b[0m\u001b[1m\u001b[38;5;9mprivate field\u001b[0m\n\n"}
{"$message_type":"diagnostic","message":"field `config` of struct `NatsStorage` is private","code":{"code":"E0616","explanation":"Attempted to access a private field on a struct.\n\nErroneous code example:\n\n```compile_fail,E0616\nmod some_module {\n    pub struct Foo {\n        x: u32, // So `x` is private in here.\n    }\n\n    impl Foo {\n        pub fn new() -> Foo { Foo { x: 0 } }\n    }\n}\n\nlet f = some_module::Foo::new();\nprintln!(\"{}\", f.x); // error: field `x` of struct `some_module::Foo` is private\n```\n\nIf you want to access this field, you have two options:\n\n1) Set the field public:\n\n```\nmod some_module {\n    pub struct Foo {\n        pub x: u32, // `x` is now public.\n    }\n\n    impl Foo {\n        pub fn new() -> Foo { Foo { x: 0 } }\n    }\n}\n\nlet f = some_module::Foo::new();\nprintln!(\"{}\", f.x); // ok!\n```\n\n2) Add a getter function:\n\n```\nmod some_module {\n    pub struct Foo {\n        x: u32, // So `x` is still private in here.\n    }\n\n    impl Foo {\n        pub fn new() -> Foo { Foo { x: 0 } }\n\n        // We create the getter function here:\n        pub fn get_x(&self) -> &u32 { &self.x }\n    }\n}\n\nlet f = some_module::Foo::new();\nprintln!(\"{}\", f.get_x()); // ok!\n```\n"},"level":"error","spans":[{"file_name":"packages/apalis-nats/src/expose.rs","byte_start":1363,"byte_end":1369,"line_start":37,"line_end":37,"column_start":58,"column_end":64,"is_primary":true,"text":[{"text":"            let dlq_stream_name = format!(\"{}_dlq\", self.config.namespace);","highlight_start":58,"highlight_end":64}],"label":"private field","suggested_replacement":null,"suggestion_applicability":null,"expansion":null}],"children":[],"rendered":"\u001b[0m\u001b[1m\u001b[38;5;9merror[E0616]\u001b[0m\u001b[0m\u001b[1m: field `config` of struct `NatsStorage` is private\u001b[0m\n\u001b[0m  \u001b[0m\u001b[0m\u001b[1m\u001b[38;5;12m--> \u001b[0m\u001b[0mpackages/apalis-nats/src/expose.rs:37:58\u001b[0m\n\u001b[0m   \u001b[0m\u001b[0m\u001b[1m\u001b[38;5;12m|\u001b[0m\n\u001b[0m\u001b[1m\u001b[38;5;12m37\u001b[0m\u001b[0m \u001b[0m\u001b[0m\u001b[1m\u001b[38;5;12m|\u001b[0m\u001b[0m \u001b[0m\u001b[0m            let dlq_stream_name = format!(\"{}_dlq\", self.config.namespace);\u001b[0m\n\u001b[0m   \u001b[0m\u001b[0m\u001b[1m\u001b[38;5;12m|\u001b[0m\u001b[0m                                                          \u001b[0m\u001b[0m\u001b[1m\u001b[38;5;9m^^^^^^\u001b[0m\u001b[0m \u001b[0m\u001b[0m\u001b[1m\u001b[38;5;9mprivate field\u001b[0m\n\n"}
{"$message_type":"diagnostic","message":"field `jetstream` of struct `NatsStorage` is private","code":{"code":"E0616","explanation":"Attempted to access a private field on a struct.\n\nErroneous code example:\n\n```compile_fail,E0616\nmod some_module {\n    pub struct Foo {\n        x: u32, // So `x` is private in here.\n    }\n\n    impl Foo {\n        pub fn new() -> Foo { Foo { x: 0 } }\n    }\n}\n\nlet f = some_module::Foo::new();\nprintln!(\"{}\", f.x); // error: field `x` of struct `some_module::Foo` is private\n```\n\nIf you want to access this field, you have two options:\n\n1) Set the field public:\n\n```\nmod some_module {\n    pub struct Foo {\n        pub x: u32, // `x` is now public.\n    }\n\n    impl Foo {\n        pub fn new() -> Foo { Foo { x: 0 } }\n    }\n}\n\nlet f = some_module::Foo::new();\nprintln!(\"{}\", f.x); // ok!\n```\n\n2) Add a getter function:\n\n```\nmod some_module {\n    pub struct Foo {\n        x: u32, // So `x` is still private in here.\n    }\n\n    impl Foo {\n        pub fn new() -> Foo { Foo { x: 0 } }\n\n        // We create the getter function here:\n        pub fn get_x(&self) -> &u32 { &self.x }\n    }\n}\n\nlet f = some_module::Foo::new();\nprintln!(\"{}\", f.get_x()); // ok!\n```\n"},"level":"error","spans":[{"file_name":"packages/apalis-nats/src/expose.rs","byte_start":1419,"byte_end":1428,"line_start":38,"line_end":38,"column_start":38,"column_end":47,"is_primary":true,"text":[{"text":"            if let Ok(stream) = self.jetstream.get_stream(dlq_stream_name).await {","highlight_start":38,"highlight_end":47}],"label":"private field","suggested_replacement":null,"suggestion_applicability":null,"expansion":null}],"children":[],"rendered":"\u001b[0m\u001b[1m\u001b[38;5;9merror[E0616]\u001b[0m\u001b[0m\u001b[1m: field `jetstream` of struct `NatsStorage` is private\u001b[0m\n\u001b[0m  \u001b[0m\u001b[0m\u001b[1m\u001b[38;5;12m--> \u001b[0m\u001b[0mpackages/apalis-nats/src/expose.rs:38:38\u001b[0m\n\u001b[0m   \u001b[0m\u001b[0m\u001b[1m\u001b[38;5;12m|\u001b[0m\n\u001b[0m\u001b[1m\u001b[38;5;12m38\u001b[0m\u001b[0m \u001b[0m\u001b[0m\u001b[1m\u001b[38;5;12m|\u001b[0m\u001b[0m \u001b[0m\u001b[0m            if let Ok(stream) = self.jetstream.get_stream(dlq_stream_name).await {\u001b[0m\n\u001b[0m   \u001b[0m\u001b[0m\u001b[1m\u001b[38;5;12m|\u001b[0m\u001b[0m                                      \u001b[0m\u001b[0m\u001b[1m\u001b[38;5;9m^^^^^^^^^\u001b[0m\u001b[0m \u001b[0m\u001b[0m\u001b[1m\u001b[38;5;9mprivate field\u001b[0m\n\n"}
{"$message_type":"diagnostic","message":"mismatched types","code":{"code":"E0308","explanation":"Expected type did not match the received type.\n\nErroneous code examples:\n\n```compile_fail,E0308\nfn plus_one(x: i32) -> i32 {\n    x + 1\n}\n\nplus_one(\"Not a number\");\n//       ^^^^^^^^^^^^^^ expected `i32`, found `&str`\n\nif \"Not a bool\" {\n// ^^^^^^^^^^^^ expected `bool`, found `&str`\n}\n\nlet x: f32 = \"Not a float\";\n//     ---   ^^^^^^^^^^^^^ expected `f32`, found `&str`\n//     |\n//     expected due to this\n```\n\nThis error occurs when an expression was used in a place where the compiler\nexpected an expression of a different type. It can occur in several cases, the\nmost common being when calling a function and passing an argument which has a\ndifferent type than the matching type in the function declaration.\n"},"level":"error","spans":[{"file_name":"packages/apalis-nats/src/expose.rs","byte_start":1653,"byte_end":1667,"line_start":46,"line_end":46,"column_start":22,"column_end":36,"is_primary":true,"text":[{"text":"            pending: pending as i64,","highlight_start":22,"highlight_end":36}],"label":"expected `usize`, found `i64`","suggested_replacement":null,"suggestion_applicability":null,"expansion":null}],"children":[],"rendered":"\u001b[0m\u001b[1m\u001b[38;5;9merror[E0308]\u001b[0m\u001b[0m\u001b[1m: mismatched types\u001b[0m\n\u001b[0m  \u001b[0m\u001b[0m\u001b[1m\u001b[38;5;12m--> \u001b[0m\u001b[0mpackages/apalis-nats/src/expose.rs:46:22\u001b[0m\n\u001b[0m   \u001b[0m\u001b[0m\u001b[1m\u001b[38;5;12m|\u001b[0m\n\u001b[0m\u001b[1m\u001b[38;5;12m46\u001b[0m\u001b[0m \u001b[0m\u001b[0m\u001b[1m\u001b[38;5;12m|\u001b[0m\u001b[0m \u001b[0m\u001b[0m            pending: pending as i64,\u001b[0m\n\u001b[0m   \u001b[0m\u001b[0m\u001b[1m\u001b[38;5;12m|\u001b[0m\u001b[0m                      \u001b[0m\u001b[0m\u001b[1m\u001b[38;5;9m^^^^^^^^^^^^^^\u001b[0m\u001b[0m \u001b[0m\u001b[0m\u001b[1m\u001b[38;5;9mexpected `usize`, found `i64`\u001b[0m\n\n"}
{"$message_type":"diagnostic","message":"mismatched types","code":{"code":"E0308","explanation":"Expected type did not match the received type.\n\nErroneous code examples:\n\n```compile_fail,E0308\nfn plus_one(x: i32) -> i32 {\n    x + 1\n}\n\nplus_one(\"Not a number\");\n//       ^^^^^^^^^^^^^^ expected `i32`, found `&str`\n\nif \"Not a bool\" {\n// ^^^^^^^^^^^^ expected `bool`, found `&str`\n}\n\nlet x: f32 = \"Not a float\";\n//     ---   ^^^^^^^^^^^^^ expected `f32`, found `&str`\n//     |\n//     expected due to this\n```\n\nThis error occurs when an expression was used in a place where the compiler\nexpected an expression of a different type. It can occur in several cases, the\nmost common being when calling a function and passing an argument which has a\ndifferent type than the matching type in the function declaration.\n"},"level":"error","spans":[{"file_name":"packages/apalis-nats/src/expose.rs","byte_start":1689,"byte_end":1702,"line_start":47,"line_end":47,"column_start":21,"column_end":34,"is_primary":true,"text":[{"text":"            failed: failed as i64,","highlight_start":21,"highlight_end":34}],"label":"expected `usize`, found `i64`","suggested_replacement":null,"suggestion_applicability":null,"expansion":null}],"children":[],"rendered":"\u001b[0m\u001b[1m\u001b[38;5;9merror[E0308]\u001b[0m\u001b[0m\u001b[1m: mismatched types\u001b[0m\n\u001b[0m  \u001b[0m\u001b[0m\u001b[1m\u001b[38;5;12m--> \u001b[0m\u001b[0mpackages/apalis-nats/src/expose.rs:47:21\u001b[0m\n\u001b[0m   \u001b[0m\u001b[0m\u001b[1m\u001b[38;5;12m|\u001b[0m\n\u001b[0m\u001b[1m\u001b[38;5;12m47\u001b[0m\u001b[0m \u001b[0m\u001b[0m\u001b[1m\u001b[38;5;12m|\u001b[0m\u001b[0m \u001b[0m\u001b[0m            failed: failed as i64,\u001b[0m\n\u001b[0m   \u001b[0m\u001b[0m\u001b[1m\u001b[38;5;12m|\u001b[0m\u001b[0m                     \u001b[0m\u001b[0m\u001b[1m\u001b[38;5;9m^^^^^^^^^^^^^\u001b[0m\u001b[0m \u001b[0m\u001b[0m\u001b[1m\u001b[38;5;9mexpected `usize`, found `i64`\u001b[0m\n\n"}
{"$message_type":"diagnostic","message":"missing fields `dead` and `running` in initializer of `Stat`","code":{"code":"E0063","explanation":"A struct's or struct-like enum variant's field was not provided.\n\nErroneous code example:\n\n```compile_fail,E0063\nstruct Foo {\n    x: i32,\n    y: i32,\n}\n\nfn main() {\n    let x = Foo { x: 0 }; // error: missing field: `y`\n}\n```\n\nEach field should be specified exactly once. Example:\n\n```\nstruct Foo {\n    x: i32,\n    y: i32,\n}\n\nfn main() {\n    let x = Foo { x: 0, y: 0 }; // ok!\n}\n```\n"},"level":"error","spans":[{"file_name":"packages/apalis-nats/src/expose.rs","byte_start":1625,"byte_end":1629,"line_start":45,"line_end":45,"column_start":12,"column_end":16,"is_primary":true,"text":[{"text":"        Ok(Stat {","highlight_start":12,"highlight_end":16}],"label":"missing `dead` and `running`","suggested_replacement":null,"suggestion_applicability":null,"expansion":null}],"children":[],"rendered":"\u001b[0m\u001b[1m\u001b[38;5;9merror[E0063]\u001b[0m\u001b[0m\u001b[1m: missing fields `dead` and `running` in initializer of `Stat`\u001b[0m\n\u001b[0m  \u001b[0m\u001b[0m\u001b[1m\u001b[38;5;12m--> \u001b[0m\u001b[0mpackages/apalis-nats/src/expose.rs:45:12\u001b[0m\n\u001b[0m   \u001b[0m\u001b[0m\u001b[1m\u001b[38;5;12m|\u001b[0m\n\u001b[0m\u001b[1m\u001b[38;5;12m45\u001b[0m\u001b[0m \u001b[0m\u001b[0m\u001b[1m\u001b[38;5;12m|\u001b[0m\u001b[0m \u001b[0m\u001b[0m        Ok(Stat {\u001b[0m\n\u001b[0m   \u001b[0m\u001b[0m\u001b[1m\u001b[38;5;12m|\u001b[0m\u001b[0m            \u001b[0m\u001b[0m\u001b[1m\u001b[38;5;9m^^^^\u001b[0m\u001b[0m \u001b[0m\u001b[0m\u001b[1m\u001b[38;5;9mmissing `dead` and `running`\u001b[0m\n\n"}
{"$message_type":"diagnostic","message":"field `jetstream` of struct `NatsStorage` is private","code":{"code":"E0616","explanation":"Attempted to access a private field on a struct.\n\nErroneous code example:\n\n```compile_fail,E0616\nmod some_module {\n    pub struct Foo {\n        x: u32, // So `x` is private in here.\n    }\n\n    impl Foo {\n        pub fn new() -> Foo { Foo { x: 0 } }\n    }\n}\n\nlet f = some_module::Foo::new();\nprintln!(\"{}\", f.x); // error: field `x` of struct `some_module::Foo` is private\n```\n\nIf you want to access this field, you have two options:\n\n1) Set the field public:\n\n```\nmod some_module {\n    pub struct Foo {\n        pub x: u32, // `x` is now public.\n    }\n\n    impl Foo {\n        pub fn new() -> Foo { Foo { x: 0 } }\n    }\n}\n\nlet f = some_module::Foo::new();\nprintln!(\"{}\", f.x); // ok!\n```\n\n2) Add a getter function:\n\n```\nmod some_module {\n    pub struct Foo {\n        x: u32, // So `x` is still private in here.\n    }\n\n    impl Foo {\n        pub fn new() -> Foo { Foo { x: 0 } }\n\n        // We create the getter function here:\n        pub fn get_x(&self) -> &u32 { &self.x }\n    }\n}\n\nlet f = some_module::Foo::new();\nprintln!(\"{}\", f.get_x()); // ok!\n```\n"},"level":"error","spans":[{"file_name":"packages/apalis-nats/src/expose.rs","byte_start":2477,"byte_end":2486,"line_start":72,"line_end":72,"column_start":42,"column_end":51,"is_primary":true,"text":[{"text":"            if let Ok(mut stream) = self.jetstream.get_stream(stream_name).await {","highlight_start":42,"highlight_end":51}],"label":"private field","suggested_replacement":null,"suggestion_applicability":null,"expansion":null}],"children":[],"rendered":"\u001b[0m\u001b[1m\u001b[38;5;9merror[E0616]\u001b[0m\u001b[0m\u001b[1m: field `jetstream` of struct `NatsStorage` is private\u001b[0m\n\u001b[0m  \u001b[0m\u001b[0m\u001b[1m\u001b[38;5;12m--> \u001b[0m\u001b[0mpackages/apalis-nats/src/expose.rs:72:42\u001b[0m\n\u001b[0m   \u001b[0m\u001b[0m\u001b[1m\u001b[38;5;12m|\u001b[0m\n\u001b[0m\u001b[1m\u001b[38;5;12m72\u001b[0m\u001b[0m \u001b[0m\u001b[0m\u001b[1m\u001b[38;5;12m|\u001b[0m\u001b[0m \u001b[0m\u001b[0m            if let Ok(mut stream) = self.jetstream.get_stream(stream_name).await {\u001b[0m\n\u001b[0m   \u001b[0m\u001b[0m\u001b[1m\u001b[38;5;12m|\u001b[0m\u001b[0m                                          \u001b[0m\u001b[0m\u001b[1m\u001b[38;5;9m^^^^^^^^^\u001b[0m\u001b[0m \u001b[0m\u001b[0m\u001b[1m\u001b[38;5;9mprivate field\u001b[0m\n\n"}
{"$message_type":"diagnostic","message":"the trait bound `NatsJob<T>: Clone` is not satisfied","code":{"code":"E0277","explanation":"You tried to use a type which doesn't implement some trait in a place which\nexpected that trait.\n\nErroneous code example:\n\n```compile_fail,E0277\n// here we declare the Foo trait with a bar method\ntrait Foo {\n    fn bar(&self);\n}\n\n// we now declare a function which takes an object implementing the Foo trait\nfn some_func<T: Foo>(foo: T) {\n    foo.bar();\n}\n\nfn main() {\n    // we now call the method with the i32 type, which doesn't implement\n    // the Foo trait\n    some_func(5i32); // error: the trait bound `i32 : Foo` is not satisfied\n}\n```\n\nIn order to fix this error, verify that the type you're using does implement\nthe trait. Example:\n\n```\ntrait Foo {\n    fn bar(&self);\n}\n\n// we implement the trait on the i32 type\nimpl Foo for i32 {\n    fn bar(&self) {}\n}\n\nfn some_func<T: Foo>(foo: T) {\n    foo.bar(); // we can now use this method since i32 implements the\n               // Foo trait\n}\n\nfn main() {\n    some_func(5i32); // ok!\n}\n```\n\nOr in a generic context, an erroneous code example would look like:\n\n```compile_fail,E0277\nfn some_func<T>(foo: T) {\n    println!(\"{:?}\", foo); // error: the trait `core::fmt::Debug` is not\n                           //        implemented for the type `T`\n}\n\nfn main() {\n    // We now call the method with the i32 type,\n    // which *does* implement the Debug trait.\n    some_func(5i32);\n}\n```\n\nNote that the error here is in the definition of the generic function. Although\nwe only call it with a parameter that does implement `Debug`, the compiler\nstill rejects the function. It must work with all possible input types. In\norder to make this example compile, we need to restrict the generic type we're\naccepting:\n\n```\nuse std::fmt;\n\n// Restrict the input type to types that implement Debug.\nfn some_func<T: fmt::Debug>(foo: T) {\n    println!(\"{:?}\", foo);\n}\n\nfn main() {\n    // Calling the method is still fine, as i32 implements Debug.\n    some_func(5i32);\n\n    // This would fail to compile now:\n    // struct WithoutDebug;\n    // some_func(WithoutDebug);\n}\n```\n\nRust only looks at the signature of the called function, as such it must\nalready specify all requirements that will be used for every type parameter.\n"},"level":"error","spans":[{"file_name":"packages/apalis-nats/src/storage.rs","byte_start":3920,"byte_end":3948,"line_start":152,"line_end":152,"column_start":5,"column_end":33,"is_primary":true,"text":[{"text":"    codec: JsonCodec<NatsJob<T>>,","highlight_start":5,"highlight_end":33}],"label":"the trait `Clone` is not implemented for `NatsJob<T>`","suggested_replacement":null,"suggestion_applicability":null,"expansion":{"span":{"file_name":"packages/apalis-nats/src/storage.rs","byte_start":3805,"byte_end":3810,"line_start":147,"line_end":147,"column_start":10,"column_end":15,"is_primary":false,"text":[{"text":"#[derive(Clone)]","highlight_start":10,"highlight_end":15}],"label":null,"suggested_replacement":null,"suggestion_applicability":null,"expansion":null},"macro_decl_name":"#[derive(Clone)]","def_site_span":{"file_name":"/Users/milanender/.rustup/toolchains/nightly-aarch64-apple-darwin/lib/rustlib/src/rust/library/core/src/clone.rs","byte_start":5958,"byte_end":5973,"line_start":183,"line_end":183,"column_start":1,"column_end":16,"is_primary":false,"text":[{"text":"pub macro Clone($item:item) {","highlight_start":1,"highlight_end":16}],"label":null,"suggested_replacement":null,"suggestion_applicability":null,"expansion":null}}}],"children":[{"message":"required for `JsonCodec<NatsJob<T>>` to implement `Clone`","code":null,"level":"note","spans":[],"children":[],"rendered":null},{"message":"consider annotating `NatsJob<T>` with `#[derive(Clone)]`","code":null,"level":"help","spans":[{"file_name":"packages/apalis-nats/src/storage.rs","byte_start":2906,"byte_end":2906,"line_start":108,"line_end":108,"column_start":1,"column_end":1,"is_primary":true,"text":[{"text":"struct NatsJob<T> {","highlight_start":1,"highlight_end":1}],"label":null,"suggested_replacement":"#[derive(Clone)]\n","suggestion_applicability":"MaybeIncorrect","expansion":null}],"children":[],"rendered":null}],"rendered":"\u001b[0m\u001b[1m\u001b[38;5;9merror[E0277]\u001b[0m\u001b[0m\u001b[1m: the trait bound `NatsJob<T>: Clone` is not satisfied\u001b[0m\n\u001b[0m   \u001b[0m\u001b[0m\u001b[1m\u001b[38;5;12m--> \u001b[0m\u001b[0mpackages/apalis-nats/src/storage.rs:152:5\u001b[0m\n\u001b[0m    \u001b[0m\u001b[0m\u001b[1m\u001b[38;5;12m|\u001b[0m\n\u001b[0m\u001b[1m\u001b[38;5;12m147\u001b[0m\u001b[0m \u001b[0m\u001b[0m\u001b[1m\u001b[38;5;12m|\u001b[0m\u001b[0m \u001b[0m\u001b[0m#[derive(Clone)]\u001b[0m\n\u001b[0m    \u001b[0m\u001b[0m\u001b[1m\u001b[38;5;12m|\u001b[0m\u001b[0m          \u001b[0m\u001b[0m\u001b[1m\u001b[38;5;12m-----\u001b[0m\u001b[0m \u001b[0m\u001b[0m\u001b[1m\u001b[38;5;12min this derive macro expansion\u001b[0m\n\u001b[0m\u001b[1m\u001b[38;5;12m...\u001b[0m\n\u001b[0m\u001b[1m\u001b[38;5;12m152\u001b[0m\u001b[0m \u001b[0m\u001b[0m\u001b[1m\u001b[38;5;12m|\u001b[0m\u001b[0m \u001b[0m\u001b[0m    codec: JsonCodec<NatsJob<T>>,\u001b[0m\n\u001b[0m    \u001b[0m\u001b[0m\u001b[1m\u001b[38;5;12m|\u001b[0m\u001b[0m     \u001b[0m\u001b[0m\u001b[1m\u001b[38;5;9m^^^^^^^^^^^^^^^^^^^^^^^^^^^^\u001b[0m\u001b[0m \u001b[0m\u001b[0m\u001b[1m\u001b[38;5;9mthe trait `Clone` is not implemented for `NatsJob<T>`\u001b[0m\n\u001b[0m    \u001b[0m\u001b[0m\u001b[1m\u001b[38;5;12m|\u001b[0m\n\u001b[0m    \u001b[0m\u001b[0m\u001b[1m\u001b[38;5;12m= \u001b[0m\u001b[0m\u001b[1mnote\u001b[0m\u001b[0m: required for `JsonCodec<NatsJob<T>>` to implement `Clone`\u001b[0m\n\u001b[0m\u001b[1m\u001b[38;5;14mhelp\u001b[0m\u001b[0m: consider annotating `NatsJob<T>` with `#[derive(Clone)]`\u001b[0m\n\u001b[0m    \u001b[0m\u001b[0m\u001b[1m\u001b[38;5;12m|\u001b[0m\n\u001b[0m\u001b[1m\u001b[38;5;12m108\u001b[0m\u001b[0m \u001b[0m\u001b[0m\u001b[38;5;10m+ #[derive(Clone)]\u001b[0m\n\u001b[0m\u001b[1m\u001b[38;5;12m109\u001b[0m\u001b[0m \u001b[0m\u001b[0m\u001b[1m\u001b[38;5;12m| \u001b[0m\u001b[0mstruct NatsJob<T> {\u001b[0m\n\u001b[0m    \u001b[0m\u001b[0m\u001b[1m\u001b[38;5;12m|\u001b[0m\n\n"}
{"$message_type":"diagnostic","message":"cannot create non-exhaustive struct using struct expression","code":{"code":"E0639","explanation":"This error indicates that the struct, enum or enum variant cannot be\ninstantiated from outside of the defining crate as it has been marked\nas `non_exhaustive` and as such more fields/variants may be added in\nfuture that could cause adverse side effects for this code.\n\nErroneous code example:\n\n```ignore (it only works cross-crate)\n#[non_exhaustive]\npub struct NormalStruct {\n    pub first_field: u16,\n    pub second_field: u16,\n}\n\nlet ns = NormalStruct { first_field: 640, second_field: 480 }; // error!\n```\n\nIt is recommended that you look for a `new` function or equivalent in the\ncrate's documentation.\n"},"level":"error","spans":[{"file_name":"packages/apalis-nats/src/storage.rs","byte_start":9342,"byte_end":9694,"line_start":310,"line_end":320,"column_start":12,"column_end":10,"is_primary":true,"text":[{"text":"        Ok(Parts {","highlight_start":12,"highlight_end":19},{"text":"            task_id,","highlight_start":1,"highlight_end":21},{"text":"            namespace: Namespace::new(&self.config.namespace),","highlight_start":1,"highlight_end":63},{"text":"            context: NatsContext::default(),","highlight_start":1,"highlight_end":45},{"text":"            attempt: Attempt::new(),","highlight_start":1,"highlight_end":37},{"text":"            done_at: None,","highlight_start":1,"highlight_end":27},{"text":"            lock_at: None,","highlight_start":1,"highlight_end":27},{"text":"            last_error: None,","highlight_start":1,"highlight_end":30},{"text":"            lock_by: None,","highlight_start":1,"highlight_end":27},{"text":"            status: apalis_core::request::State::Pending,","highlight_start":1,"highlight_end":58},{"text":"        })","highlight_start":1,"highlight_end":10}],"label":null,"suggested_replacement":null,"suggestion_applicability":null,"expansion":null}],"children":[],"rendered":"\u001b[0m\u001b[1m\u001b[38;5;9merror[E0639]\u001b[0m\u001b[0m\u001b[1m: cannot create non-exhaustive struct using struct expression\u001b[0m\n\u001b[0m   \u001b[0m\u001b[0m\u001b[1m\u001b[38;5;12m--> \u001b[0m\u001b[0mpackages/apalis-nats/src/storage.rs:310:12\u001b[0m\n\u001b[0m    \u001b[0m\u001b[0m\u001b[1m\u001b[38;5;12m|\u001b[0m\n\u001b[0m\u001b[1m\u001b[38;5;12m310\u001b[0m\u001b[0m \u001b[0m\u001b[0m\u001b[1m\u001b[38;5;12m|\u001b[0m\u001b[0m   \u001b[0m\u001b[0m        Ok(Parts {\u001b[0m\n\u001b[0m    \u001b[0m\u001b[0m\u001b[1m\u001b[38;5;12m|\u001b[0m\u001b[0m \u001b[0m\u001b[0m\u001b[1m\u001b[38;5;9m ____________^\u001b[0m\n\u001b[0m\u001b[1m\u001b[38;5;12m311\u001b[0m\u001b[0m \u001b[0m\u001b[0m\u001b[1m\u001b[38;5;12m|\u001b[0m\u001b[0m \u001b[0m\u001b[0m\u001b[1m\u001b[38;5;9m|\u001b[0m\u001b[0m \u001b[0m\u001b[0m            task_id,\u001b[0m\n\u001b[0m\u001b[1m\u001b[38;5;12m312\u001b[0m\u001b[0m \u001b[0m\u001b[0m\u001b[1m\u001b[38;5;12m|\u001b[0m\u001b[0m \u001b[0m\u001b[0m\u001b[1m\u001b[38;5;9m|\u001b[0m\u001b[0m \u001b[0m\u001b[0m            namespace: Namespace::new(&self.config.namespace),\u001b[0m\n\u001b[0m\u001b[1m\u001b[38;5;12m313\u001b[0m\u001b[0m \u001b[0m\u001b[0m\u001b[1m\u001b[38;5;12m|\u001b[0m\u001b[0m \u001b[0m\u001b[0m\u001b[1m\u001b[38;5;9m|\u001b[0m\u001b[0m \u001b[0m\u001b[0m            context: NatsContext::default(),\u001b[0m\n\u001b[0m\u001b[1m\u001b[38;5;12m...\u001b[0m\u001b[0m   \u001b[0m\u001b[0m\u001b[1m\u001b[38;5;9m|\u001b[0m\n\u001b[0m\u001b[1m\u001b[38;5;12m319\u001b[0m\u001b[0m \u001b[0m\u001b[0m\u001b[1m\u001b[38;5;12m|\u001b[0m\u001b[0m \u001b[0m\u001b[0m\u001b[1m\u001b[38;5;9m|\u001b[0m\u001b[0m \u001b[0m\u001b[0m            status: apalis_core::request::State::Pending,\u001b[0m\n\u001b[0m\u001b[1m\u001b[38;5;12m320\u001b[0m\u001b[0m \u001b[0m\u001b[0m\u001b[1m\u001b[38;5;12m|\u001b[0m\u001b[0m \u001b[0m\u001b[0m\u001b[1m\u001b[38;5;9m|\u001b[0m\u001b[0m \u001b[0m\u001b[0m        })\u001b[0m\n\u001b[0m    \u001b[0m\u001b[0m\u001b[1m\u001b[38;5;12m|\u001b[0m\u001b[0m \u001b[0m\u001b[0m\u001b[1m\u001b[38;5;9m|_________^\u001b[0m\n\n"}
{"$message_type":"diagnostic","message":"no function or associated item named `new` found for struct `Namespace` in the current scope","code":{"code":"E0599","explanation":"This error occurs when a method is used on a type which doesn't implement it:\n\nErroneous code example:\n\n```compile_fail,E0599\nstruct Mouth;\n\nlet x = Mouth;\nx.chocolate(); // error: no method named `chocolate` found for type `Mouth`\n               //        in the current scope\n```\n\nIn this case, you need to implement the `chocolate` method to fix the error:\n\n```\nstruct Mouth;\n\nimpl Mouth {\n    fn chocolate(&self) { // We implement the `chocolate` method here.\n        println!(\"Hmmm! I love chocolate!\");\n    }\n}\n\nlet x = Mouth;\nx.chocolate(); // ok!\n```\n"},"level":"error","spans":[{"file_name":"packages/apalis-nats/src/storage.rs","byte_start":9405,"byte_end":9408,"line_start":312,"line_end":312,"column_start":35,"column_end":38,"is_primary":true,"text":[{"text":"            namespace: Namespace::new(&self.config.namespace),","highlight_start":35,"highlight_end":38}],"label":"function or associated item not found in `Namespace`","suggested_replacement":null,"suggestion_applicability":null,"expansion":null}],"children":[{"message":"the function `new` is implemented on `std::string::String`","code":null,"level":"note","spans":[{"file_name":"packages/apalis-nats/src/storage.rs","byte_start":9394,"byte_end":9403,"line_start":312,"line_end":312,"column_start":24,"column_end":33,"is_primary":true,"text":[{"text":"            namespace: Namespace::new(&self.config.namespace),","highlight_start":24,"highlight_end":33}],"label":null,"suggested_replacement":null,"suggestion_applicability":null,"expansion":null}],"children":[],"rendered":null}],"rendered":"\u001b[0m\u001b[1m\u001b[38;5;9merror[E0599]\u001b[0m\u001b[0m\u001b[1m: no function or associated item named `new` found for struct `Namespace` in the current scope\u001b[0m\n\u001b[0m   \u001b[0m\u001b[0m\u001b[1m\u001b[38;5;12m--> \u001b[0m\u001b[0mpackages/apalis-nats/src/storage.rs:312:35\u001b[0m\n\u001b[0m    \u001b[0m\u001b[0m\u001b[1m\u001b[38;5;12m|\u001b[0m\n\u001b[0m\u001b[1m\u001b[38;5;12m312\u001b[0m\u001b[0m \u001b[0m\u001b[0m\u001b[1m\u001b[38;5;12m|\u001b[0m\u001b[0m \u001b[0m\u001b[0m            namespace: Namespace::new(&self.config.namespace),\u001b[0m\n\u001b[0m    \u001b[0m\u001b[0m\u001b[1m\u001b[38;5;12m|\u001b[0m\u001b[0m                                   \u001b[0m\u001b[0m\u001b[1m\u001b[38;5;9m^^^\u001b[0m\u001b[0m \u001b[0m\u001b[0m\u001b[1m\u001b[38;5;9mfunction or associated item not found in `Namespace`\u001b[0m\n\u001b[0m    \u001b[0m\u001b[0m\u001b[1m\u001b[38;5;12m|\u001b[0m\n\u001b[0m\u001b[1m\u001b[38;5;10mnote\u001b[0m\u001b[0m: the function `new` is implemented on `std::string::String`\u001b[0m\n\u001b[0m   \u001b[0m\u001b[0m\u001b[1m\u001b[38;5;12m--> \u001b[0m\u001b[0mpackages/apalis-nats/src/storage.rs:312:24\u001b[0m\n\u001b[0m    \u001b[0m\u001b[0m\u001b[1m\u001b[38;5;12m|\u001b[0m\n\u001b[0m\u001b[1m\u001b[38;5;12m312\u001b[0m\u001b[0m \u001b[0m\u001b[0m\u001b[1m\u001b[38;5;12m|\u001b[0m\u001b[0m \u001b[0m\u001b[0m            namespace: Namespace::new(&self.config.namespace),\u001b[0m\n\u001b[0m    \u001b[0m\u001b[0m\u001b[1m\u001b[38;5;12m|\u001b[0m\u001b[0m                        \u001b[0m\u001b[0m\u001b[1m\u001b[38;5;10m^^^^^^^^^\u001b[0m\n\n"}
{"$message_type":"diagnostic","message":"struct `Parts<NatsContext>` has no field named `done_at`","code":{"code":"E0560","explanation":"An unknown field was specified into a structure.\n\nErroneous code example:\n\n```compile_fail,E0560\nstruct Simba {\n    mother: u32,\n}\n\nlet s = Simba { mother: 1, father: 0 };\n// error: structure `Simba` has no field named `father`\n```\n\nVerify you didn't misspell the field's name or that the field exists. Example:\n\n```\nstruct Simba {\n    mother: u32,\n    father: u32,\n}\n\nlet s = Simba { mother: 1, father: 0 }; // ok!\n```\n"},"level":"error","spans":[{"file_name":"packages/apalis-nats/src/storage.rs","byte_start":9528,"byte_end":9535,"line_start":315,"line_end":315,"column_start":13,"column_end":20,"is_primary":true,"text":[{"text":"            done_at: None,","highlight_start":13,"highlight_end":20}],"label":"`Parts<_>` does not have this field","suggested_replacement":null,"suggestion_applicability":null,"expansion":null}],"children":[{"message":"available fields are: `data`","code":null,"level":"note","spans":[],"children":[],"rendered":null}],"rendered":"\u001b[0m\u001b[1m\u001b[38;5;9merror[E0560]\u001b[0m\u001b[0m\u001b[1m: struct `Parts<NatsContext>` has no field named `done_at`\u001b[0m\n\u001b[0m   \u001b[0m\u001b[0m\u001b[1m\u001b[38;5;12m--> \u001b[0m\u001b[0mpackages/apalis-nats/src/storage.rs:315:13\u001b[0m\n\u001b[0m    \u001b[0m\u001b[0m\u001b[1m\u001b[38;5;12m|\u001b[0m\n\u001b[0m\u001b[1m\u001b[38;5;12m315\u001b[0m\u001b[0m \u001b[0m\u001b[0m\u001b[1m\u001b[38;5;12m|\u001b[0m\u001b[0m \u001b[0m\u001b[0m            done_at: None,\u001b[0m\n\u001b[0m    \u001b[0m\u001b[0m\u001b[1m\u001b[38;5;12m|\u001b[0m\u001b[0m             \u001b[0m\u001b[0m\u001b[1m\u001b[38;5;9m^^^^^^^\u001b[0m\u001b[0m \u001b[0m\u001b[0m\u001b[1m\u001b[38;5;9m`Parts<_>` does not have this field\u001b[0m\n\u001b[0m    \u001b[0m\u001b[0m\u001b[1m\u001b[38;5;12m|\u001b[0m\n\u001b[0m    \u001b[0m\u001b[0m\u001b[1m\u001b[38;5;12m= \u001b[0m\u001b[0m\u001b[1mnote\u001b[0m\u001b[0m: available fields are: `data`\u001b[0m\n\n"}
{"$message_type":"diagnostic","message":"struct `Parts<NatsContext>` has no field named `lock_at`","code":{"code":"E0560","explanation":"An unknown field was specified into a structure.\n\nErroneous code example:\n\n```compile_fail,E0560\nstruct Simba {\n    mother: u32,\n}\n\nlet s = Simba { mother: 1, father: 0 };\n// error: structure `Simba` has no field named `father`\n```\n\nVerify you didn't misspell the field's name or that the field exists. Example:\n\n```\nstruct Simba {\n    mother: u32,\n    father: u32,\n}\n\nlet s = Simba { mother: 1, father: 0 }; // ok!\n```\n"},"level":"error","spans":[{"file_name":"packages/apalis-nats/src/storage.rs","byte_start":9555,"byte_end":9562,"line_start":316,"line_end":316,"column_start":13,"column_end":20,"is_primary":true,"text":[{"text":"            lock_at: None,","highlight_start":13,"highlight_end":20}],"label":"`Parts<_>` does not have this field","suggested_replacement":null,"suggestion_applicability":null,"expansion":null}],"children":[{"message":"available fields are: `data`","code":null,"level":"note","spans":[],"children":[],"rendered":null}],"rendered":"\u001b[0m\u001b[1m\u001b[38;5;9merror[E0560]\u001b[0m\u001b[0m\u001b[1m: struct `Parts<NatsContext>` has no field named `lock_at`\u001b[0m\n\u001b[0m   \u001b[0m\u001b[0m\u001b[1m\u001b[38;5;12m--> \u001b[0m\u001b[0mpackages/apalis-nats/src/storage.rs:316:13\u001b[0m\n\u001b[0m    \u001b[0m\u001b[0m\u001b[1m\u001b[38;5;12m|\u001b[0m\n\u001b[0m\u001b[1m\u001b[38;5;12m316\u001b[0m\u001b[0m \u001b[0m\u001b[0m\u001b[1m\u001b[38;5;12m|\u001b[0m\u001b[0m \u001b[0m\u001b[0m            lock_at: None,\u001b[0m\n\u001b[0m    \u001b[0m\u001b[0m\u001b[1m\u001b[38;5;12m|\u001b[0m\u001b[0m             \u001b[0m\u001b[0m\u001b[1m\u001b[38;5;9m^^^^^^^\u001b[0m\u001b[0m \u001b[0m\u001b[0m\u001b[1m\u001b[38;5;9m`Parts<_>` does not have this field\u001b[0m\n\u001b[0m    \u001b[0m\u001b[0m\u001b[1m\u001b[38;5;12m|\u001b[0m\n\u001b[0m    \u001b[0m\u001b[0m\u001b[1m\u001b[38;5;12m= \u001b[0m\u001b[0m\u001b[1mnote\u001b[0m\u001b[0m: available fields are: `data`\u001b[0m\n\n"}
{"$message_type":"diagnostic","message":"struct `Parts<NatsContext>` has no field named `last_error`","code":{"code":"E0560","explanation":"An unknown field was specified into a structure.\n\nErroneous code example:\n\n```compile_fail,E0560\nstruct Simba {\n    mother: u32,\n}\n\nlet s = Simba { mother: 1, father: 0 };\n// error: structure `Simba` has no field named `father`\n```\n\nVerify you didn't misspell the field's name or that the field exists. Example:\n\n```\nstruct Simba {\n    mother: u32,\n    father: u32,\n}\n\nlet s = Simba { mother: 1, father: 0 }; // ok!\n```\n"},"level":"error","spans":[{"file_name":"packages/apalis-nats/src/storage.rs","byte_start":9582,"byte_end":9592,"line_start":317,"line_end":317,"column_start":13,"column_end":23,"is_primary":true,"text":[{"text":"            last_error: None,","highlight_start":13,"highlight_end":23}],"label":"`Parts<_>` does not have this field","suggested_replacement":null,"suggestion_applicability":null,"expansion":null}],"children":[{"message":"available fields are: `data`","code":null,"level":"note","spans":[],"children":[],"rendered":null}],"rendered":"\u001b[0m\u001b[1m\u001b[38;5;9merror[E0560]\u001b[0m\u001b[0m\u001b[1m: struct `Parts<NatsContext>` has no field named `last_error`\u001b[0m\n\u001b[0m   \u001b[0m\u001b[0m\u001b[1m\u001b[38;5;12m--> \u001b[0m\u001b[0mpackages/apalis-nats/src/storage.rs:317:13\u001b[0m\n\u001b[0m    \u001b[0m\u001b[0m\u001b[1m\u001b[38;5;12m|\u001b[0m\n\u001b[0m\u001b[1m\u001b[38;5;12m317\u001b[0m\u001b[0m \u001b[0m\u001b[0m\u001b[1m\u001b[38;5;12m|\u001b[0m\u001b[0m \u001b[0m\u001b[0m            last_error: None,\u001b[0m\n\u001b[0m    \u001b[0m\u001b[0m\u001b[1m\u001b[38;5;12m|\u001b[0m\u001b[0m             \u001b[0m\u001b[0m\u001b[1m\u001b[38;5;9m^^^^^^^^^^\u001b[0m\u001b[0m \u001b[0m\u001b[0m\u001b[1m\u001b[38;5;9m`Parts<_>` does not have this field\u001b[0m\n\u001b[0m    \u001b[0m\u001b[0m\u001b[1m\u001b[38;5;12m|\u001b[0m\n\u001b[0m    \u001b[0m\u001b[0m\u001b[1m\u001b[38;5;12m= \u001b[0m\u001b[0m\u001b[1mnote\u001b[0m\u001b[0m: available fields are: `data`\u001b[0m\n\n"}
{"$message_type":"diagnostic","message":"struct `Parts<NatsContext>` has no field named `lock_by`","code":{"code":"E0560","explanation":"An unknown field was specified into a structure.\n\nErroneous code example:\n\n```compile_fail,E0560\nstruct Simba {\n    mother: u32,\n}\n\nlet s = Simba { mother: 1, father: 0 };\n// error: structure `Simba` has no field named `father`\n```\n\nVerify you didn't misspell the field's name or that the field exists. Example:\n\n```\nstruct Simba {\n    mother: u32,\n    father: u32,\n}\n\nlet s = Simba { mother: 1, father: 0 }; // ok!\n```\n"},"level":"error","spans":[{"file_name":"packages/apalis-nats/src/storage.rs","byte_start":9612,"byte_end":9619,"line_start":318,"line_end":318,"column_start":13,"column_end":20,"is_primary":true,"text":[{"text":"            lock_by: None,","highlight_start":13,"highlight_end":20}],"label":"`Parts<_>` does not have this field","suggested_replacement":null,"suggestion_applicability":null,"expansion":null}],"children":[{"message":"available fields are: `data`","code":null,"level":"note","spans":[],"children":[],"rendered":null}],"rendered":"\u001b[0m\u001b[1m\u001b[38;5;9merror[E0560]\u001b[0m\u001b[0m\u001b[1m: struct `Parts<NatsContext>` has no field named `lock_by`\u001b[0m\n\u001b[0m   \u001b[0m\u001b[0m\u001b[1m\u001b[38;5;12m--> \u001b[0m\u001b[0mpackages/apalis-nats/src/storage.rs:318:13\u001b[0m\n\u001b[0m    \u001b[0m\u001b[0m\u001b[1m\u001b[38;5;12m|\u001b[0m\n\u001b[0m\u001b[1m\u001b[38;5;12m318\u001b[0m\u001b[0m \u001b[0m\u001b[0m\u001b[1m\u001b[38;5;12m|\u001b[0m\u001b[0m \u001b[0m\u001b[0m            lock_by: None,\u001b[0m\n\u001b[0m    \u001b[0m\u001b[0m\u001b[1m\u001b[38;5;12m|\u001b[0m\u001b[0m             \u001b[0m\u001b[0m\u001b[1m\u001b[38;5;9m^^^^^^^\u001b[0m\u001b[0m \u001b[0m\u001b[0m\u001b[1m\u001b[38;5;9m`Parts<_>` does not have this field\u001b[0m\n\u001b[0m    \u001b[0m\u001b[0m\u001b[1m\u001b[38;5;12m|\u001b[0m\n\u001b[0m    \u001b[0m\u001b[0m\u001b[1m\u001b[38;5;12m= \u001b[0m\u001b[0m\u001b[1mnote\u001b[0m\u001b[0m: available fields are: `data`\u001b[0m\n\n"}
{"$message_type":"diagnostic","message":"struct `Parts<NatsContext>` has no field named `status`","code":{"code":"E0560","explanation":"An unknown field was specified into a structure.\n\nErroneous code example:\n\n```compile_fail,E0560\nstruct Simba {\n    mother: u32,\n}\n\nlet s = Simba { mother: 1, father: 0 };\n// error: structure `Simba` has no field named `father`\n```\n\nVerify you didn't misspell the field's name or that the field exists. Example:\n\n```\nstruct Simba {\n    mother: u32,\n    father: u32,\n}\n\nlet s = Simba { mother: 1, father: 0 }; // ok!\n```\n"},"level":"error","spans":[{"file_name":"packages/apalis-nats/src/storage.rs","byte_start":9639,"byte_end":9645,"line_start":319,"line_end":319,"column_start":13,"column_end":19,"is_primary":true,"text":[{"text":"            status: apalis_core::request::State::Pending,","highlight_start":13,"highlight_end":19}],"label":"`Parts<_>` does not have this field","suggested_replacement":null,"suggestion_applicability":null,"expansion":null}],"children":[{"message":"available fields are: `data`","code":null,"level":"note","spans":[],"children":[],"rendered":null}],"rendered":"\u001b[0m\u001b[1m\u001b[38;5;9merror[E0560]\u001b[0m\u001b[0m\u001b[1m: struct `Parts<NatsContext>` has no field named `status`\u001b[0m\n\u001b[0m   \u001b[0m\u001b[0m\u001b[1m\u001b[38;5;12m--> \u001b[0m\u001b[0mpackages/apalis-nats/src/storage.rs:319:13\u001b[0m\n\u001b[0m    \u001b[0m\u001b[0m\u001b[1m\u001b[38;5;12m|\u001b[0m\n\u001b[0m\u001b[1m\u001b[38;5;12m319\u001b[0m\u001b[0m \u001b[0m\u001b[0m\u001b[1m\u001b[38;5;12m|\u001b[0m\u001b[0m \u001b[0m\u001b[0m            status: apalis_core::request::State::Pending,\u001b[0m\n\u001b[0m    \u001b[0m\u001b[0m\u001b[1m\u001b[38;5;12m|\u001b[0m\u001b[0m             \u001b[0m\u001b[0m\u001b[1m\u001b[38;5;9m^^^^^^\u001b[0m\u001b[0m \u001b[0m\u001b[0m\u001b[1m\u001b[38;5;9m`Parts<_>` does not have this field\u001b[0m\n\u001b[0m    \u001b[0m\u001b[0m\u001b[1m\u001b[38;5;12m|\u001b[0m\n\u001b[0m    \u001b[0m\u001b[0m\u001b[1m\u001b[38;5;12m= \u001b[0m\u001b[0m\u001b[1mnote\u001b[0m\u001b[0m: available fields are: `data`\u001b[0m\n\n"}
{"$message_type":"diagnostic","message":"the method `create_consumer` exists for struct `NatsStorage<T>`, but its trait bounds were not satisfied","code":{"code":"E0599","explanation":"This error occurs when a method is used on a type which doesn't implement it:\n\nErroneous code example:\n\n```compile_fail,E0599\nstruct Mouth;\n\nlet x = Mouth;\nx.chocolate(); // error: no method named `chocolate` found for type `Mouth`\n               //        in the current scope\n```\n\nIn this case, you need to implement the `chocolate` method to fix the error:\n\n```\nstruct Mouth;\n\nimpl Mouth {\n    fn chocolate(&self) { // We implement the `chocolate` method here.\n        println!(\"Hmmm! I love chocolate!\");\n    }\n}\n\nlet x = Mouth;\nx.chocolate(); // ok!\n```\n"},"level":"error","spans":[{"file_name":"packages/apalis-nats/src/storage.rs","byte_start":12138,"byte_end":12153,"line_start":386,"line_end":386,"column_start":38,"column_end":53,"is_primary":true,"text":[{"text":"            let high_consumer = self.create_consumer(&worker, Priority::High).await.ok();","highlight_start":38,"highlight_end":53}],"label":"method cannot be called on `NatsStorage<T>` due to unsatisfied trait bounds","suggested_replacement":null,"suggestion_applicability":null,"expansion":null},{"file_name":"packages/apalis-nats/src/storage.rs","byte_start":3813,"byte_end":3838,"line_start":148,"line_end":148,"column_start":1,"column_end":26,"is_primary":false,"text":[{"text":"pub struct NatsStorage<T> {","highlight_start":1,"highlight_end":26}],"label":"method `create_consumer` not found for this struct","suggested_replacement":null,"suggestion_applicability":null,"expansion":null}],"children":[{"message":"trait bound `T: storage::_::_serde::Serialize` was not satisfied","code":null,"level":"note","spans":[{"file_name":"packages/apalis-nats/src/storage.rs","byte_start":4371,"byte_end":4380,"line_start":171,"line_end":171,"column_start":8,"column_end":17,"is_primary":true,"text":[{"text":"    T: Serialize + DeserializeOwned + Send + 'static,","highlight_start":8,"highlight_end":17}],"label":"unsatisfied trait bound introduced here","suggested_replacement":null,"suggestion_applicability":null,"expansion":null},{"file_name":"packages/apalis-nats/src/storage.rs","byte_start":4343,"byte_end":4357,"line_start":169,"line_end":169,"column_start":9,"column_end":23,"is_primary":false,"text":[{"text":"impl<T> NatsStorage<T>","highlight_start":9,"highlight_end":23}],"label":"","suggested_replacement":null,"suggestion_applicability":null,"expansion":null}],"children":[],"rendered":null}],"rendered":"\u001b[0m\u001b[1m\u001b[38;5;9merror[E0599]\u001b[0m\u001b[0m\u001b[1m: the method `create_consumer` exists for struct `NatsStorage<T>`, but its trait bounds were not satisfied\u001b[0m\n\u001b[0m   \u001b[0m\u001b[0m\u001b[1m\u001b[38;5;12m--> \u001b[0m\u001b[0mpackages/apalis-nats/src/storage.rs:386:38\u001b[0m\n\u001b[0m    \u001b[0m\u001b[0m\u001b[1m\u001b[38;5;12m|\u001b[0m\n\u001b[0m\u001b[1m\u001b[38;5;12m148\u001b[0m\u001b[0m \u001b[0m\u001b[0m\u001b[1m\u001b[38;5;12m|\u001b[0m\u001b[0m \u001b[0m\u001b[0mpub struct NatsStorage<T> {\u001b[0m\n\u001b[0m    \u001b[0m\u001b[0m\u001b[1m\u001b[38;5;12m|\u001b[0m\u001b[0m \u001b[0m\u001b[0m\u001b[1m\u001b[38;5;12m-------------------------\u001b[0m\u001b[0m \u001b[0m\u001b[0m\u001b[1m\u001b[38;5;12mmethod `create_consumer` not found for this struct\u001b[0m\n\u001b[0m\u001b[1m\u001b[38;5;12m...\u001b[0m\n\u001b[0m\u001b[1m\u001b[38;5;12m386\u001b[0m\u001b[0m \u001b[0m\u001b[0m\u001b[1m\u001b[38;5;12m|\u001b[0m\u001b[0m \u001b[0m\u001b[0m            let high_consumer = self.create_consumer(&worker, Priority::High).await.ok();\u001b[0m\n\u001b[0m    \u001b[0m\u001b[0m\u001b[1m\u001b[38;5;12m|\u001b[0m\u001b[0m                                      \u001b[0m\u001b[0m\u001b[1m\u001b[38;5;9m^^^^^^^^^^^^^^^\u001b[0m\u001b[0m \u001b[0m\u001b[0m\u001b[1m\u001b[38;5;9mmethod cannot be called on `NatsStorage<T>` due to unsatisfied trait bounds\u001b[0m\n\u001b[0m    \u001b[0m\u001b[0m\u001b[1m\u001b[38;5;12m|\u001b[0m\n\u001b[0m\u001b[1m\u001b[38;5;10mnote\u001b[0m\u001b[0m: trait bound `T: storage::_::_serde::Serialize` was not satisfied\u001b[0m\n\u001b[0m   \u001b[0m\u001b[0m\u001b[1m\u001b[38;5;12m--> \u001b[0m\u001b[0mpackages/apalis-nats/src/storage.rs:171:8\u001b[0m\n\u001b[0m    \u001b[0m\u001b[0m\u001b[1m\u001b[38;5;12m|\u001b[0m\n\u001b[0m\u001b[1m\u001b[38;5;12m169\u001b[0m\u001b[0m \u001b[0m\u001b[0m\u001b[1m\u001b[38;5;12m|\u001b[0m\u001b[0m \u001b[0m\u001b[0mimpl<T> NatsStorage<T>\u001b[0m\n\u001b[0m    \u001b[0m\u001b[0m\u001b[1m\u001b[38;5;12m|\u001b[0m\u001b[0m         \u001b[0m\u001b[0m\u001b[1m\u001b[38;5;12m--------------\u001b[0m\n\u001b[0m\u001b[1m\u001b[38;5;12m170\u001b[0m\u001b[0m \u001b[0m\u001b[0m\u001b[1m\u001b[38;5;12m|\u001b[0m\u001b[0m \u001b[0m\u001b[0mwhere\u001b[0m\n\u001b[0m\u001b[1m\u001b[38;5;12m171\u001b[0m\u001b[0m \u001b[0m\u001b[0m\u001b[1m\u001b[38;5;12m|\u001b[0m\u001b[0m \u001b[0m\u001b[0m    T: Serialize + DeserializeOwned + Send + 'static,\u001b[0m\n\u001b[0m    \u001b[0m\u001b[0m\u001b[1m\u001b[38;5;12m|\u001b[0m\u001b[0m        \u001b[0m\u001b[0m\u001b[1m\u001b[38;5;10m^^^^^^^^^\u001b[0m\u001b[0m \u001b[0m\u001b[0m\u001b[1m\u001b[38;5;10munsatisfied trait bound introduced here\u001b[0m\n\n"}
{"$message_type":"diagnostic","message":"the method `create_consumer` exists for struct `NatsStorage<T>`, but its trait bounds were not satisfied","code":{"code":"E0599","explanation":"This error occurs when a method is used on a type which doesn't implement it:\n\nErroneous code example:\n\n```compile_fail,E0599\nstruct Mouth;\n\nlet x = Mouth;\nx.chocolate(); // error: no method named `chocolate` found for type `Mouth`\n               //        in the current scope\n```\n\nIn this case, you need to implement the `chocolate` method to fix the error:\n\n```\nstruct Mouth;\n\nimpl Mouth {\n    fn chocolate(&self) { // We implement the `chocolate` method here.\n        println!(\"Hmmm! I love chocolate!\");\n    }\n}\n\nlet x = Mouth;\nx.chocolate(); // ok!\n```\n"},"level":"error","spans":[{"file_name":"packages/apalis-nats/src/storage.rs","byte_start":12230,"byte_end":12245,"line_start":387,"line_end":387,"column_start":40,"column_end":55,"is_primary":true,"text":[{"text":"            let medium_consumer = self.create_consumer(&worker, Priority::Medium).await.ok();","highlight_start":40,"highlight_end":55}],"label":"method cannot be called on `NatsStorage<T>` due to unsatisfied trait bounds","suggested_replacement":null,"suggestion_applicability":null,"expansion":null},{"file_name":"packages/apalis-nats/src/storage.rs","byte_start":3813,"byte_end":3838,"line_start":148,"line_end":148,"column_start":1,"column_end":26,"is_primary":false,"text":[{"text":"pub struct NatsStorage<T> {","highlight_start":1,"highlight_end":26}],"label":"method `create_consumer` not found for this struct","suggested_replacement":null,"suggestion_applicability":null,"expansion":null}],"children":[{"message":"trait bound `T: storage::_::_serde::Serialize` was not satisfied","code":null,"level":"note","spans":[{"file_name":"packages/apalis-nats/src/storage.rs","byte_start":4371,"byte_end":4380,"line_start":171,"line_end":171,"column_start":8,"column_end":17,"is_primary":true,"text":[{"text":"    T: Serialize + DeserializeOwned + Send + 'static,","highlight_start":8,"highlight_end":17}],"label":"unsatisfied trait bound introduced here","suggested_replacement":null,"suggestion_applicability":null,"expansion":null},{"file_name":"packages/apalis-nats/src/storage.rs","byte_start":4343,"byte_end":4357,"line_start":169,"line_end":169,"column_start":9,"column_end":23,"is_primary":false,"text":[{"text":"impl<T> NatsStorage<T>","highlight_start":9,"highlight_end":23}],"label":"","suggested_replacement":null,"suggestion_applicability":null,"expansion":null}],"children":[],"rendered":null}],"rendered":"\u001b[0m\u001b[1m\u001b[38;5;9merror[E0599]\u001b[0m\u001b[0m\u001b[1m: the method `create_consumer` exists for struct `NatsStorage<T>`, but its trait bounds were not satisfied\u001b[0m\n\u001b[0m   \u001b[0m\u001b[0m\u001b[1m\u001b[38;5;12m--> \u001b[0m\u001b[0mpackages/apalis-nats/src/storage.rs:387:40\u001b[0m\n\u001b[0m    \u001b[0m\u001b[0m\u001b[1m\u001b[38;5;12m|\u001b[0m\n\u001b[0m\u001b[1m\u001b[38;5;12m148\u001b[0m\u001b[0m \u001b[0m\u001b[0m\u001b[1m\u001b[38;5;12m|\u001b[0m\u001b[0m \u001b[0m\u001b[0mpub struct NatsStorage<T> {\u001b[0m\n\u001b[0m    \u001b[0m\u001b[0m\u001b[1m\u001b[38;5;12m|\u001b[0m\u001b[0m \u001b[0m\u001b[0m\u001b[1m\u001b[38;5;12m-------------------------\u001b[0m\u001b[0m \u001b[0m\u001b[0m\u001b[1m\u001b[38;5;12mmethod `create_consumer` not found for this struct\u001b[0m\n\u001b[0m\u001b[1m\u001b[38;5;12m...\u001b[0m\n\u001b[0m\u001b[1m\u001b[38;5;12m387\u001b[0m\u001b[0m \u001b[0m\u001b[0m\u001b[1m\u001b[38;5;12m|\u001b[0m\u001b[0m \u001b[0m\u001b[0m            let medium_consumer = self.create_consumer(&worker, Priority::Medium).await.ok();\u001b[0m\n\u001b[0m    \u001b[0m\u001b[0m\u001b[1m\u001b[38;5;12m|\u001b[0m\u001b[0m                                        \u001b[0m\u001b[0m\u001b[1m\u001b[38;5;9m^^^^^^^^^^^^^^^\u001b[0m\u001b[0m \u001b[0m\u001b[0m\u001b[1m\u001b[38;5;9mmethod cannot be called on `NatsStorage<T>` due to unsatisfied trait bounds\u001b[0m\n\u001b[0m    \u001b[0m\u001b[0m\u001b[1m\u001b[38;5;12m|\u001b[0m\n\u001b[0m\u001b[1m\u001b[38;5;10mnote\u001b[0m\u001b[0m: trait bound `T: storage::_::_serde::Serialize` was not satisfied\u001b[0m\n\u001b[0m   \u001b[0m\u001b[0m\u001b[1m\u001b[38;5;12m--> \u001b[0m\u001b[0mpackages/apalis-nats/src/storage.rs:171:8\u001b[0m\n\u001b[0m    \u001b[0m\u001b[0m\u001b[1m\u001b[38;5;12m|\u001b[0m\n\u001b[0m\u001b[1m\u001b[38;5;12m169\u001b[0m\u001b[0m \u001b[0m\u001b[0m\u001b[1m\u001b[38;5;12m|\u001b[0m\u001b[0m \u001b[0m\u001b[0mimpl<T> NatsStorage<T>\u001b[0m\n\u001b[0m    \u001b[0m\u001b[0m\u001b[1m\u001b[38;5;12m|\u001b[0m\u001b[0m         \u001b[0m\u001b[0m\u001b[1m\u001b[38;5;12m--------------\u001b[0m\n\u001b[0m\u001b[1m\u001b[38;5;12m170\u001b[0m\u001b[0m \u001b[0m\u001b[0m\u001b[1m\u001b[38;5;12m|\u001b[0m\u001b[0m \u001b[0m\u001b[0mwhere\u001b[0m\n\u001b[0m\u001b[1m\u001b[38;5;12m171\u001b[0m\u001b[0m \u001b[0m\u001b[0m\u001b[1m\u001b[38;5;12m|\u001b[0m\u001b[0m \u001b[0m\u001b[0m    T: Serialize + DeserializeOwned + Send + 'static,\u001b[0m\n\u001b[0m    \u001b[0m\u001b[0m\u001b[1m\u001b[38;5;12m|\u001b[0m\u001b[0m        \u001b[0m\u001b[0m\u001b[1m\u001b[38;5;10m^^^^^^^^^\u001b[0m\u001b[0m \u001b[0m\u001b[0m\u001b[1m\u001b[38;5;10munsatisfied trait bound introduced here\u001b[0m\n\n"}
{"$message_type":"diagnostic","message":"the method `create_consumer` exists for struct `NatsStorage<T>`, but its trait bounds were not satisfied","code":{"code":"E0599","explanation":"This error occurs when a method is used on a type which doesn't implement it:\n\nErroneous code example:\n\n```compile_fail,E0599\nstruct Mouth;\n\nlet x = Mouth;\nx.chocolate(); // error: no method named `chocolate` found for type `Mouth`\n               //        in the current scope\n```\n\nIn this case, you need to implement the `chocolate` method to fix the error:\n\n```\nstruct Mouth;\n\nimpl Mouth {\n    fn chocolate(&self) { // We implement the `chocolate` method here.\n        println!(\"Hmmm! I love chocolate!\");\n    }\n}\n\nlet x = Mouth;\nx.chocolate(); // ok!\n```\n"},"level":"error","spans":[{"file_name":"packages/apalis-nats/src/storage.rs","byte_start":12321,"byte_end":12336,"line_start":388,"line_end":388,"column_start":37,"column_end":52,"is_primary":true,"text":[{"text":"            let low_consumer = self.create_consumer(&worker, Priority::Low).await.ok();","highlight_start":37,"highlight_end":52}],"label":"method cannot be called on `NatsStorage<T>` due to unsatisfied trait bounds","suggested_replacement":null,"suggestion_applicability":null,"expansion":null},{"file_name":"packages/apalis-nats/src/storage.rs","byte_start":3813,"byte_end":3838,"line_start":148,"line_end":148,"column_start":1,"column_end":26,"is_primary":false,"text":[{"text":"pub struct NatsStorage<T> {","highlight_start":1,"highlight_end":26}],"label":"method `create_consumer` not found for this struct","suggested_replacement":null,"suggestion_applicability":null,"expansion":null}],"children":[{"message":"trait bound `T: storage::_::_serde::Serialize` was not satisfied","code":null,"level":"note","spans":[{"file_name":"packages/apalis-nats/src/storage.rs","byte_start":4371,"byte_end":4380,"line_start":171,"line_end":171,"column_start":8,"column_end":17,"is_primary":true,"text":[{"text":"    T: Serialize + DeserializeOwned + Send + 'static,","highlight_start":8,"highlight_end":17}],"label":"unsatisfied trait bound introduced here","suggested_replacement":null,"suggestion_applicability":null,"expansion":null},{"file_name":"packages/apalis-nats/src/storage.rs","byte_start":4343,"byte_end":4357,"line_start":169,"line_end":169,"column_start":9,"column_end":23,"is_primary":false,"text":[{"text":"impl<T> NatsStorage<T>","highlight_start":9,"highlight_end":23}],"label":"","suggested_replacement":null,"suggestion_applicability":null,"expansion":null}],"children":[],"rendered":null}],"rendered":"\u001b[0m\u001b[1m\u001b[38;5;9merror[E0599]\u001b[0m\u001b[0m\u001b[1m: the method `create_consumer` exists for struct `NatsStorage<T>`, but its trait bounds were not satisfied\u001b[0m\n\u001b[0m   \u001b[0m\u001b[0m\u001b[1m\u001b[38;5;12m--> \u001b[0m\u001b[0mpackages/apalis-nats/src/storage.rs:388:37\u001b[0m\n\u001b[0m    \u001b[0m\u001b[0m\u001b[1m\u001b[38;5;12m|\u001b[0m\n\u001b[0m\u001b[1m\u001b[38;5;12m148\u001b[0m\u001b[0m \u001b[0m\u001b[0m\u001b[1m\u001b[38;5;12m|\u001b[0m\u001b[0m \u001b[0m\u001b[0mpub struct NatsStorage<T> {\u001b[0m\n\u001b[0m    \u001b[0m\u001b[0m\u001b[1m\u001b[38;5;12m|\u001b[0m\u001b[0m \u001b[0m\u001b[0m\u001b[1m\u001b[38;5;12m-------------------------\u001b[0m\u001b[0m \u001b[0m\u001b[0m\u001b[1m\u001b[38;5;12mmethod `create_consumer` not found for this struct\u001b[0m\n\u001b[0m\u001b[1m\u001b[38;5;12m...\u001b[0m\n\u001b[0m\u001b[1m\u001b[38;5;12m388\u001b[0m\u001b[0m \u001b[0m\u001b[0m\u001b[1m\u001b[38;5;12m|\u001b[0m\u001b[0m \u001b[0m\u001b[0m            let low_consumer = self.create_consumer(&worker, Priority::Low).await.ok();\u001b[0m\n\u001b[0m    \u001b[0m\u001b[0m\u001b[1m\u001b[38;5;12m|\u001b[0m\u001b[0m                                     \u001b[0m\u001b[0m\u001b[1m\u001b[38;5;9m^^^^^^^^^^^^^^^\u001b[0m\u001b[0m \u001b[0m\u001b[0m\u001b[1m\u001b[38;5;9mmethod cannot be called on `NatsStorage<T>` due to unsatisfied trait bounds\u001b[0m\n\u001b[0m    \u001b[0m\u001b[0m\u001b[1m\u001b[38;5;12m|\u001b[0m\n\u001b[0m\u001b[1m\u001b[38;5;10mnote\u001b[0m\u001b[0m: trait bound `T: storage::_::_serde::Serialize` was not satisfied\u001b[0m\n\u001b[0m   \u001b[0m\u001b[0m\u001b[1m\u001b[38;5;12m--> \u001b[0m\u001b[0mpackages/apalis-nats/src/storage.rs:171:8\u001b[0m\n\u001b[0m    \u001b[0m\u001b[0m\u001b[1m\u001b[38;5;12m|\u001b[0m\n\u001b[0m\u001b[1m\u001b[38;5;12m169\u001b[0m\u001b[0m \u001b[0m\u001b[0m\u001b[1m\u001b[38;5;12m|\u001b[0m\u001b[0m \u001b[0m\u001b[0mimpl<T> NatsStorage<T>\u001b[0m\n\u001b[0m    \u001b[0m\u001b[0m\u001b[1m\u001b[38;5;12m|\u001b[0m\u001b[0m         \u001b[0m\u001b[0m\u001b[1m\u001b[38;5;12m--------------\u001b[0m\n\u001b[0m\u001b[1m\u001b[38;5;12m170\u001b[0m\u001b[0m \u001b[0m\u001b[0m\u001b[1m\u001b[38;5;12m|\u001b[0m\u001b[0m \u001b[0m\u001b[0mwhere\u001b[0m\n\u001b[0m\u001b[1m\u001b[38;5;12m171\u001b[0m\u001b[0m \u001b[0m\u001b[0m\u001b[1m\u001b[38;5;12m|\u001b[0m\u001b[0m \u001b[0m\u001b[0m    T: Serialize + DeserializeOwned + Send + 'static,\u001b[0m\n\u001b[0m    \u001b[0m\u001b[0m\u001b[1m\u001b[38;5;12m|\u001b[0m\u001b[0m        \u001b[0m\u001b[0m\u001b[1m\u001b[38;5;10m^^^^^^^^^\u001b[0m\u001b[0m \u001b[0m\u001b[0m\u001b[1m\u001b[38;5;10munsatisfied trait bound introduced here\u001b[0m\n\n"}
{"$message_type":"diagnostic","message":"aborting due to 53 previous errors; 2 warnings emitted","code":null,"level":"error","spans":[],"children":[],"rendered":"\u001b[0m\u001b[1m\u001b[38;5;9merror\u001b[0m\u001b[0m\u001b[1m: aborting due to 53 previous errors; 2 warnings emitted\u001b[0m\n\n"}
{"$message_type":"diagnostic","message":"Some errors have detailed explanations: E0046, E0053, E0063, E0195, E0277, E0308, E0560, E0599, E0616...","code":null,"level":"failure-note","spans":[],"children":[],"rendered":"\u001b[0m\u001b[1mSome errors have detailed explanations: E0046, E0053, E0063, E0195, E0277, E0308, E0560, E0599, E0616...\u001b[0m\n"}
{"$message_type":"diagnostic","message":"For more information about an error, try `rustc --explain E0046`.","code":null,"level":"failure-note","spans":[],"children":[],"rendered":"\u001b[0m\u001b[1mFor more information about an error, try `rustc --explain E0046`.\u001b[0m\n"}
